#-----------------------------------------------------------
# Vivado v2020.2 (64-bit)
# SW Build 3064766 on Wed Nov 18 09:12:45 MST 2020
# IP Build 3064653 on Wed Nov 18 14:17:31 MST 2020
# Start of session at: Wed Jul 15 14:50:58 2026
# Process ID: 19004
# Current directory: C:/Users/33651/Desktop/projet_ajc/TP4_Pilotage_de_LED_et_memoire
# Command line: vivado.exe -gui_launcher_event rodinguilauncherevent20996 C:\Users\33651\Desktop\projet_ajc\TP4_Pilotage_de_LED_et_memoire\TP4_Pilotage_de_LED_et_memoire.xpr
# Log file: C:/Users/33651/Desktop/projet_ajc/TP4_Pilotage_de_LED_et_memoire/vivado.log
# Journal file: C:/Users/33651/Desktop/projet_ajc/TP4_Pilotage_de_LED_et_memoire\vivado.jou
#-----------------------------------------------------------
start_gui
open_project C:/Users/33651/Desktop/projet_ajc/TP4_Pilotage_de_LED_et_memoire/TP4_Pilotage_de_LED_et_memoire.xpr
WARNING: [filemgmt 56-3] Default IP Output Path : Could not find the directory 'C:/Users/33651/Desktop/projet_ajc/TP4_Pilotage_de_LED_et_memoire/TP4_Pilotage_de_LED_et_memoire.gen/sources_1'.
Scanning sources...
Finished scanning sources
INFO: [IP_Flow 19-234] Refreshing IP repositories
INFO: [IP_Flow 19-1704] No user IP repositories specified
INFO: [IP_Flow 19-2313] Loaded Vivado IP repository 'F:/vivado_2020.2/Vivado/2020.2/data/ip'.
open_project: Time (s): cpu = 00:00:14 ; elapsed = 00:00:07 . Memory (MB): peak = 1008.652 ; gain = 0.000
update_compile_order -fileset sources_1
synth_design -rtl -rtl_skip_mlo -name rtl_1
Command: synth_design -rtl -rtl_skip_mlo -name rtl_1
Starting synth_design
Using part: xc7z010clg400-1
Top: FSM
INFO: [Device 21-403] Loading part xc7z010clg400-1
---------------------------------------------------------------------------------
Starting RTL Elaboration : Time (s): cpu = 00:00:04 ; elapsed = 00:00:04 . Memory (MB): peak = 1295.027 ; gain = 250.355
---------------------------------------------------------------------------------
INFO: [Synth 8-638] synthesizing module 'FSM' [C:/Users/33651/Desktop/projet_ajc/TP4_Pilotage_de_LED_et_memoire/TP4_Pilotage_de_LED_et_memoire.srcs/sources_1/new/FSM.vhd:17]
	Parameter max bound to: 28'b0101111101011110000100000000 
INFO: [Synth 8-3491] module 'Counter_Unit' declared at 'C:/Users/33651/Desktop/projet_ajc/TP4_Pilotage_de_LED_et_memoire/TP4_Pilotage_de_LED_et_memoire.srcs/sources_1/new/Counter_Unit.vhd:36' bound to instance 'uut' of component 'Counter_Unit' [C:/Users/33651/Desktop/projet_ajc/TP4_Pilotage_de_LED_et_memoire/TP4_Pilotage_de_LED_et_memoire.srcs/sources_1/new/FSM.vhd:43]
INFO: [Synth 8-638] synthesizing module 'Counter_Unit' [C:/Users/33651/Desktop/projet_ajc/TP4_Pilotage_de_LED_et_memoire/TP4_Pilotage_de_LED_et_memoire.srcs/sources_1/new/Counter_Unit.vhd:49]
	Parameter max bound to: 28'b0101111101011110000100000000 
INFO: [Synth 8-256] done synthesizing module 'Counter_Unit' (1#1) [C:/Users/33651/Desktop/projet_ajc/TP4_Pilotage_de_LED_et_memoire/TP4_Pilotage_de_LED_et_memoire.srcs/sources_1/new/Counter_Unit.vhd:49]
WARNING: [Synth 8-614] signal 'end_counter' is read in the process but is not in the sensitivity list [C:/Users/33651/Desktop/projet_ajc/TP4_Pilotage_de_LED_et_memoire/TP4_Pilotage_de_LED_et_memoire.srcs/sources_1/new/FSM.vhd:97]
WARNING: [Synth 8-614] signal 'Din' is read in the process but is not in the sensitivity list [C:/Users/33651/Desktop/projet_ajc/TP4_Pilotage_de_LED_et_memoire/TP4_Pilotage_de_LED_et_memoire.srcs/sources_1/new/FSM.vhd:97]
WARNING: [Synth 8-614] signal 'btn0' is read in the process but is not in the sensitivity list [C:/Users/33651/Desktop/projet_ajc/TP4_Pilotage_de_LED_et_memoire/TP4_Pilotage_de_LED_et_memoire.srcs/sources_1/new/FSM.vhd:97]
INFO: [Synth 8-256] done synthesizing module 'FSM' (2#1) [C:/Users/33651/Desktop/projet_ajc/TP4_Pilotage_de_LED_et_memoire/TP4_Pilotage_de_LED_et_memoire.srcs/sources_1/new/FSM.vhd:17]
---------------------------------------------------------------------------------
Finished RTL Elaboration : Time (s): cpu = 00:00:05 ; elapsed = 00:00:05 . Memory (MB): peak = 1346.742 ; gain = 302.070
---------------------------------------------------------------------------------
---------------------------------------------------------------------------------
Start Handling Custom Attributes
---------------------------------------------------------------------------------
---------------------------------------------------------------------------------
Finished Handling Custom Attributes : Time (s): cpu = 00:00:05 ; elapsed = 00:00:06 . Memory (MB): peak = 1346.742 ; gain = 302.070
---------------------------------------------------------------------------------
---------------------------------------------------------------------------------
Finished RTL Optimization Phase 1 : Time (s): cpu = 00:00:05 ; elapsed = 00:00:06 . Memory (MB): peak = 1346.742 ; gain = 302.070
---------------------------------------------------------------------------------
Netlist sorting complete. Time (s): cpu = 00:00:00 ; elapsed = 00:00:00 . Memory (MB): peak = 1346.742 ; gain = 0.000
INFO: [Project 1-570] Preparing netlist for logic optimization

Processing XDC Constraints
Initializing timing engine
Parsing XDC File [C:/Users/33651/Desktop/projet_ajc/TP4_Pilotage_de_LED_et_memoire/TP4_Pilotage_de_LED_et_memoire.srcs/constrs_1/new/pin.xdc]
Finished Parsing XDC File [C:/Users/33651/Desktop/projet_ajc/TP4_Pilotage_de_LED_et_memoire/TP4_Pilotage_de_LED_et_memoire.srcs/constrs_1/new/pin.xdc]
Completed Processing XDC Constraints

Netlist sorting complete. Time (s): cpu = 00:00:00 ; elapsed = 00:00:00 . Memory (MB): peak = 1442.938 ; gain = 0.000
INFO: [Project 1-111] Unisim Transformation Summary:
No Unisim elements were transformed.

RTL Elaboration Complete:  : Time (s): cpu = 00:00:16 ; elapsed = 00:00:10 . Memory (MB): peak = 1589.652 ; gain = 544.980
8 Infos, 3 Warnings, 0 Critical Warnings and 0 Errors encountered.
synth_design completed successfully
synth_design: Time (s): cpu = 00:00:20 ; elapsed = 00:00:27 . Memory (MB): peak = 1589.652 ; gain = 581.000
close_design
open_run impl_1
Netlist sorting complete. Time (s): cpu = 00:00:00 ; elapsed = 00:00:00 . Memory (MB): peak = 1608.090 ; gain = 0.000
INFO: [Netlist 29-17] Analyzing 7 Unisim elements for replacement
INFO: [Netlist 29-28] Unisim Transformation completed in 0 CPU seconds
INFO: [Project 1-479] Netlist was created with Vivado 2020.2
INFO: [Project 1-570] Preparing netlist for logic optimization
INFO: [Timing 38-478] Restoring timing data from binary archive.
INFO: [Timing 38-479] Binary timing data restore complete.
INFO: [Project 1-856] Restoring constraints from binary archive.
INFO: [Project 1-853] Binary constraint restore complete.
Reading XDEF placement.
Reading placer database...
Reading XDEF routing.
Read XDEF File: Time (s): cpu = 00:00:00 ; elapsed = 00:00:00.046 . Memory (MB): peak = 1989.352 ; gain = 0.000
Restored from archive | CPU: 0.000000 secs | Memory: 0.000000 MB |
Finished XDEF File Restore: Time (s): cpu = 00:00:00 ; elapsed = 00:00:00.046 . Memory (MB): peak = 1989.352 ; gain = 0.000
Netlist sorting complete. Time (s): cpu = 00:00:00 ; elapsed = 00:00:00 . Memory (MB): peak = 1989.352 ; gain = 0.000
INFO: [Project 1-111] Unisim Transformation Summary:
No Unisim elements were transformed.

open_run: Time (s): cpu = 00:00:12 ; elapsed = 00:00:10 . Memory (MB): peak = 2049.285 ; gain = 441.195
close_design
synth_design -rtl -rtl_skip_mlo -name rtl_1
Command: synth_design -rtl -rtl_skip_mlo -name rtl_1
Starting synth_design
Using part: xc7z010clg400-1
Top: FSM
---------------------------------------------------------------------------------
Starting RTL Elaboration : Time (s): cpu = 00:00:04 ; elapsed = 00:00:04 . Memory (MB): peak = 2104.109 ; gain = 0.000
---------------------------------------------------------------------------------
INFO: [Synth 8-638] synthesizing module 'FSM' [C:/Users/33651/Desktop/projet_ajc/TP4_Pilotage_de_LED_et_memoire/TP4_Pilotage_de_LED_et_memoire.srcs/sources_1/new/FSM.vhd:17]
	Parameter max bound to: 28'b0101111101011110000100000000 
INFO: [Synth 8-3491] module 'Counter_Unit' declared at 'C:/Users/33651/Desktop/projet_ajc/TP4_Pilotage_de_LED_et_memoire/TP4_Pilotage_de_LED_et_memoire.srcs/sources_1/new/Counter_Unit.vhd:36' bound to instance 'uut' of component 'Counter_Unit' [C:/Users/33651/Desktop/projet_ajc/TP4_Pilotage_de_LED_et_memoire/TP4_Pilotage_de_LED_et_memoire.srcs/sources_1/new/FSM.vhd:43]
INFO: [Synth 8-638] synthesizing module 'Counter_Unit' [C:/Users/33651/Desktop/projet_ajc/TP4_Pilotage_de_LED_et_memoire/TP4_Pilotage_de_LED_et_memoire.srcs/sources_1/new/Counter_Unit.vhd:49]
	Parameter max bound to: 28'b0101111101011110000100000000 
INFO: [Synth 8-256] done synthesizing module 'Counter_Unit' (1#1) [C:/Users/33651/Desktop/projet_ajc/TP4_Pilotage_de_LED_et_memoire/TP4_Pilotage_de_LED_et_memoire.srcs/sources_1/new/Counter_Unit.vhd:49]
WARNING: [Synth 8-614] signal 'end_counter' is read in the process but is not in the sensitivity list [C:/Users/33651/Desktop/projet_ajc/TP4_Pilotage_de_LED_et_memoire/TP4_Pilotage_de_LED_et_memoire.srcs/sources_1/new/FSM.vhd:97]
WARNING: [Synth 8-614] signal 'Din' is read in the process but is not in the sensitivity list [C:/Users/33651/Desktop/projet_ajc/TP4_Pilotage_de_LED_et_memoire/TP4_Pilotage_de_LED_et_memoire.srcs/sources_1/new/FSM.vhd:97]
WARNING: [Synth 8-614] signal 'btn0' is read in the process but is not in the sensitivity list [C:/Users/33651/Desktop/projet_ajc/TP4_Pilotage_de_LED_et_memoire/TP4_Pilotage_de_LED_et_memoire.srcs/sources_1/new/FSM.vhd:97]
INFO: [Synth 8-256] done synthesizing module 'FSM' (2#1) [C:/Users/33651/Desktop/projet_ajc/TP4_Pilotage_de_LED_et_memoire/TP4_Pilotage_de_LED_et_memoire.srcs/sources_1/new/FSM.vhd:17]
---------------------------------------------------------------------------------
Finished RTL Elaboration : Time (s): cpu = 00:00:04 ; elapsed = 00:00:05 . Memory (MB): peak = 2104.109 ; gain = 0.000
---------------------------------------------------------------------------------
---------------------------------------------------------------------------------
Start Handling Custom Attributes
---------------------------------------------------------------------------------
---------------------------------------------------------------------------------
Finished Handling Custom Attributes : Time (s): cpu = 00:00:04 ; elapsed = 00:00:05 . Memory (MB): peak = 2104.109 ; gain = 0.000
---------------------------------------------------------------------------------
---------------------------------------------------------------------------------
Finished RTL Optimization Phase 1 : Time (s): cpu = 00:00:04 ; elapsed = 00:00:05 . Memory (MB): peak = 2104.109 ; gain = 0.000
---------------------------------------------------------------------------------
Netlist sorting complete. Time (s): cpu = 00:00:00 ; elapsed = 00:00:00 . Memory (MB): peak = 2104.109 ; gain = 0.000
INFO: [Project 1-570] Preparing netlist for logic optimization

Processing XDC Constraints
Initializing timing engine
Parsing XDC File [C:/Users/33651/Desktop/projet_ajc/TP4_Pilotage_de_LED_et_memoire/TP4_Pilotage_de_LED_et_memoire.srcs/constrs_1/new/pin.xdc]
Finished Parsing XDC File [C:/Users/33651/Desktop/projet_ajc/TP4_Pilotage_de_LED_et_memoire/TP4_Pilotage_de_LED_et_memoire.srcs/constrs_1/new/pin.xdc]
Completed Processing XDC Constraints

Netlist sorting complete. Time (s): cpu = 00:00:00 ; elapsed = 00:00:00 . Memory (MB): peak = 2104.109 ; gain = 0.000
INFO: [Project 1-111] Unisim Transformation Summary:
No Unisim elements were transformed.

RTL Elaboration Complete:  : Time (s): cpu = 00:00:10 ; elapsed = 00:00:07 . Memory (MB): peak = 2104.109 ; gain = 0.000
7 Infos, 3 Warnings, 0 Critical Warnings and 0 Errors encountered.
synth_design completed successfully
synth_design: Time (s): cpu = 00:00:11 ; elapsed = 00:00:07 . Memory (MB): peak = 2104.109 ; gain = 0.000
exit
INFO: [Common 17-206] Exiting Vivado at Wed Jul 15 15:12:54 2026...
