#-----------------------------------------------------------
# Vivado v2020.2 (64-bit)
# SW Build 3064766 on Wed Nov 18 09:12:45 MST 2020
# IP Build 3064653 on Wed Nov 18 14:17:31 MST 2020
# Start of session at: Thu Jul  9 09:34:13 2026
# Process ID: 18660
# Current directory: C:/Users/33651/Desktop/projet_ajc/TP3_FSM
# Command line: vivado.exe -gui_launcher_event rodinguilauncherevent4508 C:\Users\33651\Desktop\projet_ajc\TP3_FSM\TP3_FSM.xpr
# Log file: C:/Users/33651/Desktop/projet_ajc/TP3_FSM/vivado.log
# Journal file: C:/Users/33651/Desktop/projet_ajc/TP3_FSM\vivado.jou
#-----------------------------------------------------------
start_gui
open_project C:/Users/33651/Desktop/projet_ajc/TP3_FSM/TP3_FSM.xpr
WARNING: [filemgmt 56-3] Default IP Output Path : Could not find the directory 'C:/Users/33651/Desktop/projet_ajc/TP3_FSM/TP3_FSM.gen/sources_1'.
Scanning sources...
Finished scanning sources
INFO: [IP_Flow 19-234] Refreshing IP repositories
INFO: [IP_Flow 19-1704] No user IP repositories specified
INFO: [IP_Flow 19-2313] Loaded Vivado IP repository 'F:/vivado_2020.2/Vivado/2020.2/data/ip'.
open_project: Time (s): cpu = 00:00:10 ; elapsed = 00:00:06 . Memory (MB): peak = 1005.762 ; gain = 0.000
update_compile_order -fileset sources_1
synth_design -rtl -rtl_skip_mlo -name rtl_1
Command: synth_design -rtl -rtl_skip_mlo -name rtl_1
Starting synth_design
Using part: xc7z010clg400-1
Top: tp_fsm
INFO: [Device 21-403] Loading part xc7z010clg400-1
---------------------------------------------------------------------------------
Starting RTL Elaboration : Time (s): cpu = 00:00:04 ; elapsed = 00:00:04 . Memory (MB): peak = 1302.879 ; gain = 250.762
---------------------------------------------------------------------------------
INFO: [Synth 8-638] synthesizing module 'tp_fsm' [C:/Users/33651/Desktop/projet_ajc/TP3_FSM/TP3_FSM.srcs/sources_1/new/tp_fsm.vhd:20]
	Parameter max bound to: 28'b0101111101011110000100000000 
INFO: [Synth 8-3491] module 'Counter_Unit' declared at 'C:/Users/33651/Desktop/projet_ajc/TP3_FSM/TP3_FSM.srcs/sources_1/new/Counter_Unit.vhd:36' bound to instance 'uut' of component 'Counter_Unit' [C:/Users/33651/Desktop/projet_ajc/TP3_FSM/TP3_FSM.srcs/sources_1/new/tp_fsm.vhd:41]
INFO: [Synth 8-638] synthesizing module 'Counter_Unit' [C:/Users/33651/Desktop/projet_ajc/TP3_FSM/TP3_FSM.srcs/sources_1/new/Counter_Unit.vhd:49]
	Parameter max bound to: 28'b0101111101011110000100000000 
INFO: [Synth 8-256] done synthesizing module 'Counter_Unit' (1#1) [C:/Users/33651/Desktop/projet_ajc/TP3_FSM/TP3_FSM.srcs/sources_1/new/Counter_Unit.vhd:49]
WARNING: [Synth 8-614] signal 'end_counter' is read in the process but is not in the sensitivity list [C:/Users/33651/Desktop/projet_ajc/TP3_FSM/TP3_FSM.srcs/sources_1/new/tp_fsm.vhd:59]
WARNING: [Synth 8-614] signal 'Din' is read in the process but is not in the sensitivity list [C:/Users/33651/Desktop/projet_ajc/TP3_FSM/TP3_FSM.srcs/sources_1/new/tp_fsm.vhd:59]
WARNING: [Synth 8-614] signal 'cnt' is read in the process but is not in the sensitivity list [C:/Users/33651/Desktop/projet_ajc/TP3_FSM/TP3_FSM.srcs/sources_1/new/tp_fsm.vhd:59]
INFO: [Synth 8-256] done synthesizing module 'tp_fsm' (2#1) [C:/Users/33651/Desktop/projet_ajc/TP3_FSM/TP3_FSM.srcs/sources_1/new/tp_fsm.vhd:20]
---------------------------------------------------------------------------------
Finished RTL Elaboration : Time (s): cpu = 00:00:05 ; elapsed = 00:00:05 . Memory (MB): peak = 1360.066 ; gain = 307.949
---------------------------------------------------------------------------------
---------------------------------------------------------------------------------
Start Handling Custom Attributes
---------------------------------------------------------------------------------
---------------------------------------------------------------------------------
Finished Handling Custom Attributes : Time (s): cpu = 00:00:05 ; elapsed = 00:00:06 . Memory (MB): peak = 1360.066 ; gain = 307.949
---------------------------------------------------------------------------------
---------------------------------------------------------------------------------
Finished RTL Optimization Phase 1 : Time (s): cpu = 00:00:05 ; elapsed = 00:00:06 . Memory (MB): peak = 1360.066 ; gain = 307.949
---------------------------------------------------------------------------------
Netlist sorting complete. Time (s): cpu = 00:00:00 ; elapsed = 00:00:00.001 . Memory (MB): peak = 1360.066 ; gain = 0.000
INFO: [Project 1-570] Preparing netlist for logic optimization

Processing XDC Constraints
Initializing timing engine
Parsing XDC File [C:/Users/33651/Desktop/projet_ajc/TP3_FSM/TP3_FSM.srcs/constrs_1/new/pin.xdc]
Finished Parsing XDC File [C:/Users/33651/Desktop/projet_ajc/TP3_FSM/TP3_FSM.srcs/constrs_1/new/pin.xdc]
Completed Processing XDC Constraints

Netlist sorting complete. Time (s): cpu = 00:00:00 ; elapsed = 00:00:00 . Memory (MB): peak = 1444.309 ; gain = 0.000
INFO: [Project 1-111] Unisim Transformation Summary:
No Unisim elements were transformed.

RTL Elaboration Complete:  : Time (s): cpu = 00:00:18 ; elapsed = 00:00:11 . Memory (MB): peak = 1601.840 ; gain = 549.723
8 Infos, 3 Warnings, 0 Critical Warnings and 0 Errors encountered.
synth_design completed successfully
synth_design: Time (s): cpu = 00:00:22 ; elapsed = 00:00:26 . Memory (MB): peak = 1601.840 ; gain = 596.078
launch_simulation
Command: launch_simulation 
INFO: [Vivado 12-5682] Launching behavioral simulation in 'C:/Users/33651/Desktop/projet_ajc/TP3_FSM/TP3_FSM.sim/sim_1/behav/xsim'
INFO: [SIM-utils-51] Simulation object is 'sim_1'
INFO: [SIM-utils-54] Inspecting design source files for 'tb_tp_fsm' in fileset 'sim_1'...
INFO: [USF-XSim-97] Finding global include files...
INFO: [USF-XSim-98] Fetching design files from 'sim_1'...
INFO: [USF-XSim-2] XSim::Compile design
INFO: [USF-XSim-61] Executing 'COMPILE and ANALYZE' step in 'C:/Users/33651/Desktop/projet_ajc/TP3_FSM/TP3_FSM.sim/sim_1/behav/xsim'
"xvhdl --incr --relax -prj tb_tp_fsm_vhdl.prj"
INFO: [VRFC 10-163] Analyzing VHDL file "C:/Users/33651/Desktop/projet_ajc/TP3_FSM/TP3_FSM.srcs/sources_1/new/Counter_Unit.vhd" into library xil_defaultlib
INFO: [VRFC 10-3107] analyzing entity 'Counter_Unit'
INFO: [VRFC 10-163] Analyzing VHDL file "C:/Users/33651/Desktop/projet_ajc/TP3_FSM/TP3_FSM.srcs/sources_1/new/tp_fsm.vhd" into library xil_defaultlib
INFO: [VRFC 10-3107] analyzing entity 'tp_fsm'
INFO: [USF-XSim-69] 'compile' step finished in '3' seconds
INFO: [USF-XSim-3] XSim::Elaborate design
INFO: [USF-XSim-61] Executing 'ELABORATE' step in 'C:/Users/33651/Desktop/projet_ajc/TP3_FSM/TP3_FSM.sim/sim_1/behav/xsim'
"xelab -wto 75dea1669dca4fcaa158698bbd52aa9c --incr --debug typical --relax --mt 2 -L xil_defaultlib -L secureip --snapshot tb_tp_fsm_behav xil_defaultlib.tb_tp_fsm -log elaborate.log"
Vivado Simulator 2020.2
Copyright 1986-1999, 2001-2020 Xilinx, Inc. All Rights Reserved.
Running: F:/vivado_2020.2/Vivado/2020.2/bin/unwrapped/win64.o/xelab.exe -wto 75dea1669dca4fcaa158698bbd52aa9c --incr --debug typical --relax --mt 2 -L xil_defaultlib -L secureip --snapshot tb_tp_fsm_behav xil_defaultlib.tb_tp_fsm -log elaborate.log 
Using 2 slave threads.
Starting static elaboration
Completed static elaboration
Starting simulation data flow analysis
Completed simulation data flow analysis
Time Resolution for simulation is 1ps
Compiling package std.standard
Compiling package std.textio
Compiling package ieee.std_logic_1164
Compiling package ieee.std_logic_arith
Compiling package ieee.std_logic_unsigned
Compiling architecture behavioral of entity xil_defaultlib.Counter_Unit [\Counter_Unit(0,27)\]
Compiling architecture behavioral of entity xil_defaultlib.tp_fsm [\tp_fsm(0,27)\]
Compiling architecture behavioral of entity xil_defaultlib.tb_tp_fsm
Built simulation snapshot tb_tp_fsm_behav
INFO: [USF-XSim-69] 'elaborate' step finished in '5' seconds
INFO: [USF-XSim-4] XSim::Simulate design
INFO: [USF-XSim-61] Executing 'SIMULATE' step in 'C:/Users/33651/Desktop/projet_ajc/TP3_FSM/TP3_FSM.sim/sim_1/behav/xsim'
INFO: [USF-XSim-98] *** Running xsim
   with args "tb_tp_fsm_behav -key {Behavioral:sim_1:Functional:tb_tp_fsm} -tclbatch {tb_tp_fsm.tcl} -log {simulate.log}"
INFO: [USF-XSim-8] Loading simulator feature
Vivado Simulator 2020.2
Time resolution is 1 ps
source tb_tp_fsm.tcl
# set curr_wave [current_wave_config]
# if { [string length $curr_wave] == 0 } {
#   if { [llength [get_objects]] > 0} {
#     add_wave /
#     set_property needs_save false [current_wave_config]
#   } else {
#      send_msg_id Add_Wave-1 WARNING "No top level signals found. Simulator will start without a wave window. If you want to open a wave window go to 'File->New Waveform Configuration' or type 'create_wave_config' in the TCL console."
#   }
# }
# run 1000ns
INFO: [USF-XSim-96] XSim completed. Design snapshot 'tb_tp_fsm_behav' loaded.
INFO: [USF-XSim-97] XSim simulation ran for 1000ns
launch_simulation: Time (s): cpu = 00:00:06 ; elapsed = 00:00:12 . Memory (MB): peak = 1654.641 ; gain = 44.199
run 2 ms
run all
run: Time (s): cpu = 00:00:12 ; elapsed = 00:00:10 . Memory (MB): peak = 1673.949 ; gain = 1.062
reset_run impl_1 -prev_step 
launch_runs impl_1 -to_step write_bitstream -jobs 8
[Thu Jul  9 10:05:50 2026] Launched impl_1...
Run output will be captured here: C:/Users/33651/Desktop/projet_ajc/TP3_FSM/TP3_FSM.runs/impl_1/runme.log
close_sim
INFO: [Simtcl 6-16] Simulation closed
launch_simulation
Command: launch_simulation 
boost::filesystem::remove: Le processus ne peut pas accéder au fichier car ce fichier est utilisé par un autre processus: "C:/Users/33651/Desktop/projet_ajc/TP3_FSM/TP3_FSM.sim/sim_1/behav/xsim/simulate.log"
reset_run impl_1 -prev_step 
launch_simulation
Command: launch_simulation 
INFO: [Vivado 12-5682] Launching behavioral simulation in 'C:/Users/33651/Desktop/projet_ajc/TP3_FSM/TP3_FSM.sim/sim_1/behav/xsim'
INFO: [SIM-utils-51] Simulation object is 'sim_1'
INFO: [SIM-utils-54] Inspecting design source files for 'tb_tp_fsm' in fileset 'sim_1'...
INFO: [USF-XSim-97] Finding global include files...
INFO: [USF-XSim-98] Fetching design files from 'sim_1'...
INFO: [USF-XSim-2] XSim::Compile design
INFO: [USF-XSim-61] Executing 'COMPILE and ANALYZE' step in 'C:/Users/33651/Desktop/projet_ajc/TP3_FSM/TP3_FSM.sim/sim_1/behav/xsim'
"xvhdl --incr --relax -prj tb_tp_fsm_vhdl.prj"
INFO: [VRFC 10-163] Analyzing VHDL file "C:/Users/33651/Desktop/projet_ajc/TP3_FSM/TP3_FSM.srcs/sources_1/new/Counter_Unit.vhd" into library xil_defaultlib
INFO: [VRFC 10-3107] analyzing entity 'Counter_Unit'
INFO: [VRFC 10-163] Analyzing VHDL file "C:/Users/33651/Desktop/projet_ajc/TP3_FSM/TP3_FSM.srcs/sources_1/new/tp_fsm.vhd" into library xil_defaultlib
INFO: [VRFC 10-3107] analyzing entity 'tp_fsm'
INFO: [USF-XSim-69] 'compile' step finished in '1' seconds
INFO: [USF-XSim-3] XSim::Elaborate design
INFO: [USF-XSim-61] Executing 'ELABORATE' step in 'C:/Users/33651/Desktop/projet_ajc/TP3_FSM/TP3_FSM.sim/sim_1/behav/xsim'
"xelab -wto 75dea1669dca4fcaa158698bbd52aa9c --incr --debug typical --relax --mt 2 -L xil_defaultlib -L secureip --snapshot tb_tp_fsm_behav xil_defaultlib.tb_tp_fsm -log elaborate.log"
Vivado Simulator 2020.2
Copyright 1986-1999, 2001-2020 Xilinx, Inc. All Rights Reserved.
Running: F:/vivado_2020.2/Vivado/2020.2/bin/unwrapped/win64.o/xelab.exe -wto 75dea1669dca4fcaa158698bbd52aa9c --incr --debug typical --relax --mt 2 -L xil_defaultlib -L secureip --snapshot tb_tp_fsm_behav xil_defaultlib.tb_tp_fsm -log elaborate.log 
Using 2 slave threads.
Starting static elaboration
Completed static elaboration
Starting simulation data flow analysis
Completed simulation data flow analysis
Time Resolution for simulation is 1ps
Compiling package std.standard
Compiling package std.textio
Compiling package ieee.std_logic_1164
Compiling package ieee.std_logic_arith
Compiling package ieee.std_logic_unsigned
Compiling architecture behavioral of entity xil_defaultlib.Counter_Unit [\Counter_Unit(0,27)\]
Compiling architecture behavioral of entity xil_defaultlib.tp_fsm [\tp_fsm(0,27)\]
Compiling architecture behavioral of entity xil_defaultlib.tb_tp_fsm
Built simulation snapshot tb_tp_fsm_behav
INFO: [USF-XSim-69] 'elaborate' step finished in '2' seconds
INFO: [USF-XSim-4] XSim::Simulate design
INFO: [USF-XSim-61] Executing 'SIMULATE' step in 'C:/Users/33651/Desktop/projet_ajc/TP3_FSM/TP3_FSM.sim/sim_1/behav/xsim'
INFO: [USF-XSim-98] *** Running xsim
   with args "tb_tp_fsm_behav -key {Behavioral:sim_1:Functional:tb_tp_fsm} -tclbatch {tb_tp_fsm.tcl} -log {simulate.log}"
INFO: [USF-XSim-8] Loading simulator feature
Vivado Simulator 2020.2
Time resolution is 1 ps
source tb_tp_fsm.tcl
# set curr_wave [current_wave_config]
# if { [string length $curr_wave] == 0 } {
#   if { [llength [get_objects]] > 0} {
#     add_wave /
#     set_property needs_save false [current_wave_config]
#   } else {
#      send_msg_id Add_Wave-1 WARNING "No top level signals found. Simulator will start without a wave window. If you want to open a wave window go to 'File->New Waveform Configuration' or type 'create_wave_config' in the TCL console."
#   }
# }
# run 1000ns
INFO: [USF-XSim-96] XSim completed. Design snapshot 'tb_tp_fsm_behav' loaded.
INFO: [USF-XSim-97] XSim simulation ran for 1000ns
launch_simulation: Time (s): cpu = 00:00:03 ; elapsed = 00:00:07 . Memory (MB): peak = 1700.254 ; gain = 26.305
run all
run: Time (s): cpu = 00:00:25 ; elapsed = 00:00:19 . Memory (MB): peak = 1700.449 ; gain = 0.195
close_sim
INFO: [Simtcl 6-16] Simulation closed
launch_simulation
Command: launch_simulation 
INFO: [Vivado 12-5682] Launching behavioral simulation in 'C:/Users/33651/Desktop/projet_ajc/TP3_FSM/TP3_FSM.sim/sim_1/behav/xsim'
INFO: [SIM-utils-51] Simulation object is 'sim_1'
INFO: [SIM-utils-54] Inspecting design source files for 'tb_tp_fsm' in fileset 'sim_1'...
INFO: [USF-XSim-97] Finding global include files...
INFO: [USF-XSim-98] Fetching design files from 'sim_1'...
INFO: [USF-XSim-2] XSim::Compile design
INFO: [USF-XSim-61] Executing 'COMPILE and ANALYZE' step in 'C:/Users/33651/Desktop/projet_ajc/TP3_FSM/TP3_FSM.sim/sim_1/behav/xsim'
"xvhdl --incr --relax -prj tb_tp_fsm_vhdl.prj"
INFO: [VRFC 10-163] Analyzing VHDL file "C:/Users/33651/Desktop/projet_ajc/TP3_FSM/TP3_FSM.srcs/sim_1/new/tb_tp_fsm.vhd" into library xil_defaultlib
INFO: [VRFC 10-3107] analyzing entity 'tb_tp_fsm'
INFO: [USF-XSim-69] 'compile' step finished in '1' seconds
INFO: [USF-XSim-3] XSim::Elaborate design
INFO: [USF-XSim-61] Executing 'ELABORATE' step in 'C:/Users/33651/Desktop/projet_ajc/TP3_FSM/TP3_FSM.sim/sim_1/behav/xsim'
"xelab -wto 75dea1669dca4fcaa158698bbd52aa9c --incr --debug typical --relax --mt 2 -L xil_defaultlib -L secureip --snapshot tb_tp_fsm_behav xil_defaultlib.tb_tp_fsm -log elaborate.log"
Vivado Simulator 2020.2
Copyright 1986-1999, 2001-2020 Xilinx, Inc. All Rights Reserved.
Running: F:/vivado_2020.2/Vivado/2020.2/bin/unwrapped/win64.o/xelab.exe -wto 75dea1669dca4fcaa158698bbd52aa9c --incr --debug typical --relax --mt 2 -L xil_defaultlib -L secureip --snapshot tb_tp_fsm_behav xil_defaultlib.tb_tp_fsm -log elaborate.log 
Using 2 slave threads.
Starting static elaboration
Completed static elaboration
Starting simulation data flow analysis
Completed simulation data flow analysis
Time Resolution for simulation is 1ps
Compiling package std.standard
Compiling package std.textio
Compiling package ieee.std_logic_1164
Compiling package ieee.std_logic_arith
Compiling package ieee.std_logic_unsigned
Compiling architecture behavioral of entity xil_defaultlib.Counter_Unit [\Counter_Unit(0,27)\]
Compiling architecture behavioral of entity xil_defaultlib.tp_fsm [\tp_fsm(0,27)\]
Compiling architecture behavioral of entity xil_defaultlib.tb_tp_fsm
Built simulation snapshot tb_tp_fsm_behav
INFO: [USF-XSim-69] 'elaborate' step finished in '2' seconds
INFO: [USF-XSim-4] XSim::Simulate design
INFO: [USF-XSim-61] Executing 'SIMULATE' step in 'C:/Users/33651/Desktop/projet_ajc/TP3_FSM/TP3_FSM.sim/sim_1/behav/xsim'
INFO: [USF-XSim-98] *** Running xsim
   with args "tb_tp_fsm_behav -key {Behavioral:sim_1:Functional:tb_tp_fsm} -tclbatch {tb_tp_fsm.tcl} -log {simulate.log}"
INFO: [USF-XSim-8] Loading simulator feature
Vivado Simulator 2020.2
Time resolution is 1 ps
source tb_tp_fsm.tcl
# set curr_wave [current_wave_config]
# if { [string length $curr_wave] == 0 } {
#   if { [llength [get_objects]] > 0} {
#     add_wave /
#     set_property needs_save false [current_wave_config]
#   } else {
#      send_msg_id Add_Wave-1 WARNING "No top level signals found. Simulator will start without a wave window. If you want to open a wave window go to 'File->New Waveform Configuration' or type 'create_wave_config' in the TCL console."
#   }
# }
# run 1000ns
INFO: [USF-XSim-96] XSim completed. Design snapshot 'tb_tp_fsm_behav' loaded.
INFO: [USF-XSim-97] XSim simulation ran for 1000ns
launch_simulation: Time (s): cpu = 00:00:04 ; elapsed = 00:00:06 . Memory (MB): peak = 1711.016 ; gain = 10.566
restart
INFO: [Simtcl 6-17] Simulation restarted
restart: Time (s): cpu = 00:00:06 ; elapsed = 00:00:10 . Memory (MB): peak = 1711.016 ; gain = 0.000
run all
run: Time (s): cpu = 00:01:20 ; elapsed = 00:01:10 . Memory (MB): peak = 1762.742 ; gain = 51.727
launch_simulation -mode post-implementation -type timing
Command: launch_simulation -mode post-implementation -type timing
INFO: [Vivado 12-5682] Launching post-implementation timing simulation in 'C:/Users/33651/Desktop/projet_ajc/TP3_FSM/TP3_FSM.sim/sim_1/impl/timing/xsim'
INFO: [SIM-utils-51] Simulation object is 'sim_1'
Netlist sorting complete. Time (s): cpu = 00:00:00 ; elapsed = 00:00:00.001 . Memory (MB): peak = 1763.844 ; gain = 0.000
INFO: [Netlist 29-17] Analyzing 7 Unisim elements for replacement
INFO: [Netlist 29-28] Unisim Transformation completed in 0 CPU seconds
INFO: [Project 1-479] Netlist was created with Vivado 2020.2
INFO: [Project 1-570] Preparing netlist for logic optimization
INFO: [Timing 38-478] Restoring timing data from binary archive.
INFO: [Timing 38-479] Binary timing data restore complete.
INFO: [Project 1-856] Restoring constraints from binary archive.
INFO: [Constraints 18-5170] The checkpoint was created with non-default parameter values which do not match the current Vivado settings.  Mismatching parameters are:
  general.maxThreads
INFO: [Project 1-853] Binary constraint restore complete.
Reading XDEF placement.
Reading placer database...
Reading XDEF routing.
Read XDEF File: Time (s): cpu = 00:00:00 ; elapsed = 00:00:00.041 . Memory (MB): peak = 2366.312 ; gain = 0.000
Restored from archive | CPU: 0.000000 secs | Memory: 0.000000 MB |
Finished XDEF File Restore: Time (s): cpu = 00:00:00 ; elapsed = 00:00:00.042 . Memory (MB): peak = 2366.312 ; gain = 0.000
Netlist sorting complete. Time (s): cpu = 00:00:00 ; elapsed = 00:00:00 . Memory (MB): peak = 2366.312 ; gain = 0.000
INFO: [Project 1-111] Unisim Transformation Summary:
No Unisim elements were transformed.

open_run: Time (s): cpu = 00:00:11 ; elapsed = 00:00:09 . Memory (MB): peak = 2426.707 ; gain = 662.863
INFO: [SIM-utils-31] Writing simulation netlist file for design 'impl_1'...
INFO: [SIM-utils-32] write_verilog -mode timesim -nolib -sdf_anno true -force -file "C:/Users/33651/Desktop/projet_ajc/TP3_FSM/TP3_FSM.sim/sim_1/impl/timing/xsim/tb_tp_fsm_time_impl.v"
INFO: [SIM-utils-34] Writing SDF file...
INFO: [SIM-utils-35] write_sdf -mode timesim -process_corner slow -force -file "C:/Users/33651/Desktop/projet_ajc/TP3_FSM/TP3_FSM.sim/sim_1/impl/timing/xsim/tb_tp_fsm_time_impl.sdf"
INFO: [SIM-utils-36] Netlist generated:C:/Users/33651/Desktop/projet_ajc/TP3_FSM/TP3_FSM.sim/sim_1/impl/timing/xsim/tb_tp_fsm_time_impl.v
INFO: [SIM-utils-37] SDF generated:C:/Users/33651/Desktop/projet_ajc/TP3_FSM/TP3_FSM.sim/sim_1/impl/timing/xsim/tb_tp_fsm_time_impl.sdf
INFO: [SIM-utils-54] Inspecting design source files for 'tb_tp_fsm' in fileset 'sim_1'...
INFO: [USF-XSim-2] XSim::Compile design
INFO: [USF-XSim-61] Executing 'COMPILE and ANALYZE' step in 'C:/Users/33651/Desktop/projet_ajc/TP3_FSM/TP3_FSM.sim/sim_1/impl/timing/xsim'
"xvlog --incr --relax -prj tb_tp_fsm_vlog.prj"
INFO: [VRFC 10-2263] Analyzing Verilog file "C:/Users/33651/Desktop/projet_ajc/TP3_FSM/TP3_FSM.sim/sim_1/impl/timing/xsim/tb_tp_fsm_time_impl.v" into library xil_defaultlib
INFO: [VRFC 10-311] analyzing module Counter_Unit
INFO: [VRFC 10-311] analyzing module tp_fsm
INFO: [VRFC 10-311] analyzing module glbl
"xvhdl --incr --relax -prj tb_tp_fsm_vhdl.prj"
INFO: [VRFC 10-163] Analyzing VHDL file "C:/Users/33651/Desktop/projet_ajc/TP3_FSM/TP3_FSM.srcs/sim_1/new/tb_tp_fsm.vhd" into library xil_defaultlib
INFO: [VRFC 10-3107] analyzing entity 'tb_tp_fsm'
INFO: [USF-XSim-69] 'compile' step finished in '3' seconds
INFO: [USF-XSim-3] XSim::Elaborate design
INFO: [USF-XSim-61] Executing 'ELABORATE' step in 'C:/Users/33651/Desktop/projet_ajc/TP3_FSM/TP3_FSM.sim/sim_1/impl/timing/xsim'
"xelab -wto 75dea1669dca4fcaa158698bbd52aa9c --incr --debug typical --relax --mt 2 --maxdelay -L xil_defaultlib -L simprims_ver -L secureip --snapshot tb_tp_fsm_time_impl -transport_int_delays -pulse_r 0 -pulse_int_r 0 -pulse_e 0 -pulse_int_e 0 xil_defaultlib.tb_tp_fsm xil_defaultlib.glbl -log elaborate.log"
Vivado Simulator 2020.2
Copyright 1986-1999, 2001-2020 Xilinx, Inc. All Rights Reserved.
Running: F:/vivado_2020.2/Vivado/2020.2/bin/unwrapped/win64.o/xelab.exe -wto 75dea1669dca4fcaa158698bbd52aa9c --incr --debug typical --relax --mt 2 --maxdelay -L xil_defaultlib -L simprims_ver -L secureip --snapshot tb_tp_fsm_time_impl -transport_int_delays -pulse_r 0 -pulse_int_r 0 -pulse_e 0 -pulse_int_e 0 xil_defaultlib.tb_tp_fsm xil_defaultlib.glbl -log elaborate.log 
Using 2 slave threads.
Starting static elaboration
Pass Through NonSizing Optimizer
Completed static elaboration
Starting simulation data flow analysis
Completed simulation data flow analysis
INFO: [XSIM 43-3451] SDF backannotation process started with SDF file "tb_tp_fsm_time_impl.sdf", for root module "tb_tp_fsm/dut".
INFO: [XSIM 43-3452] SDF backannotation was successful for SDF file "tb_tp_fsm_time_impl.sdf", for root module "tb_tp_fsm/dut".
Time Resolution for simulation is 1ps
Compiling package std.standard
Compiling package std.textio
Compiling package ieee.std_logic_1164
Compiling package vl.vl_types
Compiling module xil_defaultlib.glbl
Compiling module simprims_ver.FDCE_default
Compiling module simprims_ver.BUFG
Compiling module simprims_ver.IBUF
Compiling module simprims_ver.OBUF
Compiling module simprims_ver.x_lut2_mux4
Compiling module simprims_ver.LUT2
Compiling module simprims_ver.x_lut1_mux2
Compiling module simprims_ver.LUT1
Compiling module simprims_ver.LUT4
Compiling module simprims_ver.LUT6
Compiling module simprims_ver.LUT5
Compiling module simprims_ver.FDSE_default
Compiling module simprims_ver.FDRE_default
Compiling module simprims_ver.x_lut3_mux8
Compiling module simprims_ver.LUT3(INIT=8'b10000010)
Compiling module simprims_ver.CARRY4
Compiling module xil_defaultlib.Counter_Unit
Compiling module xil_defaultlib.tp_fsm
Compiling architecture behavioral of entity xil_defaultlib.tb_tp_fsm
Built simulation snapshot tb_tp_fsm_time_impl
run_program: Time (s): cpu = 00:00:00 ; elapsed = 00:00:07 . Memory (MB): peak = 2449.211 ; gain = 0.000
INFO: [USF-XSim-69] 'elaborate' step finished in '7' seconds
INFO: [USF-XSim-4] XSim::Simulate design
INFO: [USF-XSim-61] Executing 'SIMULATE' step in 'C:/Users/33651/Desktop/projet_ajc/TP3_FSM/TP3_FSM.sim/sim_1/impl/timing/xsim'
INFO: [USF-XSim-98] *** Running xsim
   with args "tb_tp_fsm_time_impl -key {Post-Implementation:sim_1:Timing:tb_tp_fsm} -tclbatch {tb_tp_fsm.tcl} -log {simulate.log}"
INFO: [USF-XSim-8] Loading simulator feature
Vivado Simulator 2020.2
Time resolution is 1 ps
source tb_tp_fsm.tcl
# set curr_wave [current_wave_config]
# if { [string length $curr_wave] == 0 } {
#   if { [llength [get_objects]] > 0} {
#     add_wave /
#     set_property needs_save false [current_wave_config]
#   } else {
#      send_msg_id Add_Wave-1 WARNING "No top level signals found. Simulator will start without a wave window. If you want to open a wave window go to 'File->New Waveform Configuration' or type 'create_wave_config' in the TCL console."
#   }
# }
# run 1000ns
INFO: [USF-XSim-96] XSim completed. Design snapshot 'tb_tp_fsm_time_impl' loaded.
INFO: [USF-XSim-97] XSim simulation ran for 1000ns
launch_simulation: Time (s): cpu = 00:00:20 ; elapsed = 00:00:24 . Memory (MB): peak = 2477.281 ; gain = 713.438
run all
run: Time (s): cpu = 00:01:03 ; elapsed = 00:03:31 . Memory (MB): peak = 2478.980 ; gain = 1.699
current_sim simulation_3
close_sim
INFO: [Simtcl 6-16] Simulation closed
launch_simulation
Command: launch_simulation 
boost::filesystem::remove: Le processus ne peut pas accéder au fichier car ce fichier est utilisé par un autre processus: "C:/Users/33651/Desktop/projet_ajc/TP3_FSM/TP3_FSM.sim/sim_1/behav/xsim/simulate.log"
close_sim
INFO: [Simtcl 6-16] Simulation closed
launch_simulation
Command: launch_simulation 
INFO: [Vivado 12-5682] Launching behavioral simulation in 'C:/Users/33651/Desktop/projet_ajc/TP3_FSM/TP3_FSM.sim/sim_1/behav/xsim'
INFO: [SIM-utils-51] Simulation object is 'sim_1'
INFO: [SIM-utils-54] Inspecting design source files for 'tb_tp_fsm' in fileset 'sim_1'...
INFO: [USF-XSim-97] Finding global include files...
INFO: [USF-XSim-98] Fetching design files from 'sim_1'...
INFO: [USF-XSim-2] XSim::Compile design
INFO: [USF-XSim-61] Executing 'COMPILE and ANALYZE' step in 'C:/Users/33651/Desktop/projet_ajc/TP3_FSM/TP3_FSM.sim/sim_1/behav/xsim'
"xvhdl --incr --relax -prj tb_tp_fsm_vhdl.prj"
INFO: [VRFC 10-163] Analyzing VHDL file "C:/Users/33651/Desktop/projet_ajc/TP3_FSM/TP3_FSM.srcs/sources_1/new/tp_fsm.vhd" into library xil_defaultlib
INFO: [VRFC 10-3107] analyzing entity 'tp_fsm'
INFO: [VRFC 10-163] Analyzing VHDL file "C:/Users/33651/Desktop/projet_ajc/TP3_FSM/TP3_FSM.srcs/sim_1/new/tb_tp_fsm.vhd" into library xil_defaultlib
INFO: [VRFC 10-3107] analyzing entity 'tb_tp_fsm'
INFO: [USF-XSim-69] 'compile' step finished in '2' seconds
INFO: [USF-XSim-3] XSim::Elaborate design
INFO: [USF-XSim-61] Executing 'ELABORATE' step in 'C:/Users/33651/Desktop/projet_ajc/TP3_FSM/TP3_FSM.sim/sim_1/behav/xsim'
"xelab -wto 75dea1669dca4fcaa158698bbd52aa9c --incr --debug typical --relax --mt 2 -L xil_defaultlib -L secureip --snapshot tb_tp_fsm_behav xil_defaultlib.tb_tp_fsm -log elaborate.log"
Vivado Simulator 2020.2
Copyright 1986-1999, 2001-2020 Xilinx, Inc. All Rights Reserved.
Running: F:/vivado_2020.2/Vivado/2020.2/bin/unwrapped/win64.o/xelab.exe -wto 75dea1669dca4fcaa158698bbd52aa9c --incr --debug typical --relax --mt 2 -L xil_defaultlib -L secureip --snapshot tb_tp_fsm_behav xil_defaultlib.tb_tp_fsm -log elaborate.log 
Using 2 slave threads.
Starting static elaboration
Completed static elaboration
Starting simulation data flow analysis
Completed simulation data flow analysis
Time Resolution for simulation is 1ps
Compiling package std.standard
Compiling package std.textio
Compiling package ieee.std_logic_1164
Compiling package ieee.std_logic_arith
Compiling package ieee.std_logic_unsigned
Compiling architecture behavioral of entity xil_defaultlib.Counter_Unit [\Counter_Unit(0,27)\]
Compiling architecture behavioral of entity xil_defaultlib.tp_fsm [\tp_fsm(0,27)\]
Compiling architecture behavioral of entity xil_defaultlib.tb_tp_fsm
Built simulation snapshot tb_tp_fsm_behav
INFO: [USF-XSim-69] 'elaborate' step finished in '2' seconds
INFO: [USF-XSim-4] XSim::Simulate design
INFO: [USF-XSim-61] Executing 'SIMULATE' step in 'C:/Users/33651/Desktop/projet_ajc/TP3_FSM/TP3_FSM.sim/sim_1/behav/xsim'
INFO: [USF-XSim-98] *** Running xsim
   with args "tb_tp_fsm_behav -key {Behavioral:sim_1:Functional:tb_tp_fsm} -tclbatch {tb_tp_fsm.tcl} -log {simulate.log}"
INFO: [USF-XSim-8] Loading simulator feature
Vivado Simulator 2020.2
Time resolution is 1 ps
source tb_tp_fsm.tcl
# set curr_wave [current_wave_config]
# if { [string length $curr_wave] == 0 } {
#   if { [llength [get_objects]] > 0} {
#     add_wave /
#     set_property needs_save false [current_wave_config]
#   } else {
#      send_msg_id Add_Wave-1 WARNING "No top level signals found. Simulator will start without a wave window. If you want to open a wave window go to 'File->New Waveform Configuration' or type 'create_wave_config' in the TCL console."
#   }
# }
# run 1000ns
INFO: [USF-XSim-96] XSim completed. Design snapshot 'tb_tp_fsm_behav' loaded.
INFO: [USF-XSim-97] XSim simulation ran for 1000ns
launch_simulation: Time (s): cpu = 00:00:03 ; elapsed = 00:00:07 . Memory (MB): peak = 2478.980 ; gain = 0.000
run all
run: Time (s): cpu = 00:00:37 ; elapsed = 00:00:32 . Memory (MB): peak = 2478.980 ; gain = 0.000
close_sim
INFO: [Simtcl 6-16] Simulation closed
launch_simulation
Command: launch_simulation 
INFO: [Vivado 12-5682] Launching behavioral simulation in 'C:/Users/33651/Desktop/projet_ajc/TP3_FSM/TP3_FSM.sim/sim_1/behav/xsim'
INFO: [SIM-utils-51] Simulation object is 'sim_1'
INFO: [SIM-utils-54] Inspecting design source files for 'tb_tp_fsm' in fileset 'sim_1'...
INFO: [USF-XSim-97] Finding global include files...
INFO: [USF-XSim-98] Fetching design files from 'sim_1'...
INFO: [USF-XSim-2] XSim::Compile design
INFO: [USF-XSim-61] Executing 'COMPILE and ANALYZE' step in 'C:/Users/33651/Desktop/projet_ajc/TP3_FSM/TP3_FSM.sim/sim_1/behav/xsim'
"xvhdl --incr --relax -prj tb_tp_fsm_vhdl.prj"
INFO: [VRFC 10-163] Analyzing VHDL file "C:/Users/33651/Desktop/projet_ajc/TP3_FSM/TP3_FSM.srcs/sources_1/new/tp_fsm.vhd" into library xil_defaultlib
INFO: [VRFC 10-3107] analyzing entity 'tp_fsm'
INFO: [USF-XSim-69] 'compile' step finished in '1' seconds
INFO: [USF-XSim-3] XSim::Elaborate design
INFO: [USF-XSim-61] Executing 'ELABORATE' step in 'C:/Users/33651/Desktop/projet_ajc/TP3_FSM/TP3_FSM.sim/sim_1/behav/xsim'
"xelab -wto 75dea1669dca4fcaa158698bbd52aa9c --incr --debug typical --relax --mt 2 -L xil_defaultlib -L secureip --snapshot tb_tp_fsm_behav xil_defaultlib.tb_tp_fsm -log elaborate.log"
Vivado Simulator 2020.2
Copyright 1986-1999, 2001-2020 Xilinx, Inc. All Rights Reserved.
Running: F:/vivado_2020.2/Vivado/2020.2/bin/unwrapped/win64.o/xelab.exe -wto 75dea1669dca4fcaa158698bbd52aa9c --incr --debug typical --relax --mt 2 -L xil_defaultlib -L secureip --snapshot tb_tp_fsm_behav xil_defaultlib.tb_tp_fsm -log elaborate.log 
Using 2 slave threads.
Starting static elaboration
Completed static elaboration
Starting simulation data flow analysis
Completed simulation data flow analysis
Time Resolution for simulation is 1ps
Compiling package std.standard
Compiling package std.textio
Compiling package ieee.std_logic_1164
Compiling package ieee.std_logic_arith
Compiling package ieee.std_logic_unsigned
Compiling architecture behavioral of entity xil_defaultlib.Counter_Unit [\Counter_Unit(0,27)\]
Compiling architecture behavioral of entity xil_defaultlib.tp_fsm [\tp_fsm(0,27)\]
Compiling architecture behavioral of entity xil_defaultlib.tb_tp_fsm
Built simulation snapshot tb_tp_fsm_behav
INFO: [USF-XSim-69] 'elaborate' step finished in '2' seconds
INFO: [USF-XSim-4] XSim::Simulate design
INFO: [USF-XSim-61] Executing 'SIMULATE' step in 'C:/Users/33651/Desktop/projet_ajc/TP3_FSM/TP3_FSM.sim/sim_1/behav/xsim'
INFO: [USF-XSim-98] *** Running xsim
   with args "tb_tp_fsm_behav -key {Behavioral:sim_1:Functional:tb_tp_fsm} -tclbatch {tb_tp_fsm.tcl} -log {simulate.log}"
INFO: [USF-XSim-8] Loading simulator feature
Vivado Simulator 2020.2
Time resolution is 1 ps
source tb_tp_fsm.tcl
# set curr_wave [current_wave_config]
# if { [string length $curr_wave] == 0 } {
#   if { [llength [get_objects]] > 0} {
#     add_wave /
#     set_property needs_save false [current_wave_config]
#   } else {
#      send_msg_id Add_Wave-1 WARNING "No top level signals found. Simulator will start without a wave window. If you want to open a wave window go to 'File->New Waveform Configuration' or type 'create_wave_config' in the TCL console."
#   }
# }
# run 1000ns
xsim: Time (s): cpu = 00:00:04 ; elapsed = 00:00:12 . Memory (MB): peak = 2478.980 ; gain = 0.000
INFO: [USF-XSim-96] XSim completed. Design snapshot 'tb_tp_fsm_behav' loaded.
INFO: [USF-XSim-97] XSim simulation ran for 1000ns
launch_simulation: Time (s): cpu = 00:00:05 ; elapsed = 00:00:17 . Memory (MB): peak = 2478.980 ; gain = 0.000
run all
run: Time (s): cpu = 00:00:26 ; elapsed = 00:00:18 . Memory (MB): peak = 2478.980 ; gain = 0.000
close_sim
INFO: [Simtcl 6-16] Simulation closed
launch_simulation
Command: launch_simulation 
INFO: [Vivado 12-5682] Launching behavioral simulation in 'C:/Users/33651/Desktop/projet_ajc/TP3_FSM/TP3_FSM.sim/sim_1/behav/xsim'
INFO: [SIM-utils-51] Simulation object is 'sim_1'
INFO: [SIM-utils-54] Inspecting design source files for 'tb_tp_fsm' in fileset 'sim_1'...
INFO: [USF-XSim-97] Finding global include files...
INFO: [USF-XSim-98] Fetching design files from 'sim_1'...
INFO: [USF-XSim-2] XSim::Compile design
INFO: [USF-XSim-61] Executing 'COMPILE and ANALYZE' step in 'C:/Users/33651/Desktop/projet_ajc/TP3_FSM/TP3_FSM.sim/sim_1/behav/xsim'
"xvhdl --incr --relax -prj tb_tp_fsm_vhdl.prj"
INFO: [VRFC 10-163] Analyzing VHDL file "C:/Users/33651/Desktop/projet_ajc/TP3_FSM/TP3_FSM.srcs/sources_1/new/tp_fsm.vhd" into library xil_defaultlib
INFO: [VRFC 10-3107] analyzing entity 'tp_fsm'
INFO: [USF-XSim-69] 'compile' step finished in '2' seconds
INFO: [USF-XSim-3] XSim::Elaborate design
INFO: [USF-XSim-61] Executing 'ELABORATE' step in 'C:/Users/33651/Desktop/projet_ajc/TP3_FSM/TP3_FSM.sim/sim_1/behav/xsim'
"xelab -wto 75dea1669dca4fcaa158698bbd52aa9c --incr --debug typical --relax --mt 2 -L xil_defaultlib -L secureip --snapshot tb_tp_fsm_behav xil_defaultlib.tb_tp_fsm -log elaborate.log"
Vivado Simulator 2020.2
Copyright 1986-1999, 2001-2020 Xilinx, Inc. All Rights Reserved.
Running: F:/vivado_2020.2/Vivado/2020.2/bin/unwrapped/win64.o/xelab.exe -wto 75dea1669dca4fcaa158698bbd52aa9c --incr --debug typical --relax --mt 2 -L xil_defaultlib -L secureip --snapshot tb_tp_fsm_behav xil_defaultlib.tb_tp_fsm -log elaborate.log 
Using 2 slave threads.
Starting static elaboration
Completed static elaboration
Starting simulation data flow analysis
Completed simulation data flow analysis
Time Resolution for simulation is 1ps
Compiling package std.standard
Compiling package std.textio
Compiling package ieee.std_logic_1164
Compiling package ieee.std_logic_arith
Compiling package ieee.std_logic_unsigned
Compiling architecture behavioral of entity xil_defaultlib.Counter_Unit [\Counter_Unit(0,27)\]
Compiling architecture behavioral of entity xil_defaultlib.tp_fsm [\tp_fsm(0,27)\]
Compiling architecture behavioral of entity xil_defaultlib.tb_tp_fsm
Built simulation snapshot tb_tp_fsm_behav
INFO: [USF-XSim-69] 'elaborate' step finished in '2' seconds
INFO: [USF-XSim-4] XSim::Simulate design
INFO: [USF-XSim-61] Executing 'SIMULATE' step in 'C:/Users/33651/Desktop/projet_ajc/TP3_FSM/TP3_FSM.sim/sim_1/behav/xsim'
INFO: [USF-XSim-98] *** Running xsim
   with args "tb_tp_fsm_behav -key {Behavioral:sim_1:Functional:tb_tp_fsm} -tclbatch {tb_tp_fsm.tcl} -log {simulate.log}"
INFO: [USF-XSim-8] Loading simulator feature
Vivado Simulator 2020.2
Time resolution is 1 ps
source tb_tp_fsm.tcl
# set curr_wave [current_wave_config]
# if { [string length $curr_wave] == 0 } {
#   if { [llength [get_objects]] > 0} {
#     add_wave /
#     set_property needs_save false [current_wave_config]
#   } else {
#      send_msg_id Add_Wave-1 WARNING "No top level signals found. Simulator will start without a wave window. If you want to open a wave window go to 'File->New Waveform Configuration' or type 'create_wave_config' in the TCL console."
#   }
# }
# run 1000ns
INFO: [USF-XSim-96] XSim completed. Design snapshot 'tb_tp_fsm_behav' loaded.
INFO: [USF-XSim-97] XSim simulation ran for 1000ns
launch_simulation: Time (s): cpu = 00:00:04 ; elapsed = 00:00:07 . Memory (MB): peak = 2536.473 ; gain = 0.512
run all
run: Time (s): cpu = 00:00:25 ; elapsed = 00:00:17 . Memory (MB): peak = 2536.656 ; gain = 0.184
close_sim
INFO: [Simtcl 6-16] Simulation closed
launch_simulation
Command: launch_simulation 
INFO: [Vivado 12-5682] Launching behavioral simulation in 'C:/Users/33651/Desktop/projet_ajc/TP3_FSM/TP3_FSM.sim/sim_1/behav/xsim'
INFO: [SIM-utils-51] Simulation object is 'sim_1'
INFO: [SIM-utils-54] Inspecting design source files for 'tb_tp_fsm' in fileset 'sim_1'...
INFO: [USF-XSim-97] Finding global include files...
INFO: [USF-XSim-98] Fetching design files from 'sim_1'...
INFO: [USF-XSim-2] XSim::Compile design
INFO: [USF-XSim-61] Executing 'COMPILE and ANALYZE' step in 'C:/Users/33651/Desktop/projet_ajc/TP3_FSM/TP3_FSM.sim/sim_1/behav/xsim'
"xvhdl --incr --relax -prj tb_tp_fsm_vhdl.prj"
INFO: [VRFC 10-163] Analyzing VHDL file "C:/Users/33651/Desktop/projet_ajc/TP3_FSM/TP3_FSM.srcs/sources_1/new/Counter_Unit.vhd" into library xil_defaultlib
INFO: [VRFC 10-3107] analyzing entity 'Counter_Unit'
INFO: [USF-XSim-69] 'compile' step finished in '1' seconds
INFO: [USF-XSim-3] XSim::Elaborate design
INFO: [USF-XSim-61] Executing 'ELABORATE' step in 'C:/Users/33651/Desktop/projet_ajc/TP3_FSM/TP3_FSM.sim/sim_1/behav/xsim'
"xelab -wto 75dea1669dca4fcaa158698bbd52aa9c --incr --debug typical --relax --mt 2 -L xil_defaultlib -L secureip --snapshot tb_tp_fsm_behav xil_defaultlib.tb_tp_fsm -log elaborate.log"
Vivado Simulator 2020.2
Copyright 1986-1999, 2001-2020 Xilinx, Inc. All Rights Reserved.
Running: F:/vivado_2020.2/Vivado/2020.2/bin/unwrapped/win64.o/xelab.exe -wto 75dea1669dca4fcaa158698bbd52aa9c --incr --debug typical --relax --mt 2 -L xil_defaultlib -L secureip --snapshot tb_tp_fsm_behav xil_defaultlib.tb_tp_fsm -log elaborate.log 
Using 2 slave threads.
Starting static elaboration
Completed static elaboration
Starting simulation data flow analysis
Completed simulation data flow analysis
Time Resolution for simulation is 1ps
Compiling package std.standard
Compiling package std.textio
Compiling package ieee.std_logic_1164
Compiling package ieee.std_logic_arith
Compiling package ieee.std_logic_unsigned
Compiling architecture behavioral of entity xil_defaultlib.Counter_Unit [\Counter_Unit(0,27)\]
Compiling architecture behavioral of entity xil_defaultlib.tp_fsm [\tp_fsm(0,27)\]
Compiling architecture behavioral of entity xil_defaultlib.tb_tp_fsm
Built simulation snapshot tb_tp_fsm_behav
INFO: [USF-XSim-69] 'elaborate' step finished in '2' seconds
INFO: [USF-XSim-4] XSim::Simulate design
INFO: [USF-XSim-61] Executing 'SIMULATE' step in 'C:/Users/33651/Desktop/projet_ajc/TP3_FSM/TP3_FSM.sim/sim_1/behav/xsim'
INFO: [USF-XSim-98] *** Running xsim
   with args "tb_tp_fsm_behav -key {Behavioral:sim_1:Functional:tb_tp_fsm} -tclbatch {tb_tp_fsm.tcl} -log {simulate.log}"
INFO: [USF-XSim-8] Loading simulator feature
Vivado Simulator 2020.2
Time resolution is 1 ps
source tb_tp_fsm.tcl
# set curr_wave [current_wave_config]
# if { [string length $curr_wave] == 0 } {
#   if { [llength [get_objects]] > 0} {
#     add_wave /
#     set_property needs_save false [current_wave_config]
#   } else {
#      send_msg_id Add_Wave-1 WARNING "No top level signals found. Simulator will start without a wave window. If you want to open a wave window go to 'File->New Waveform Configuration' or type 'create_wave_config' in the TCL console."
#   }
# }
# run 1000ns
INFO: [USF-XSim-96] XSim completed. Design snapshot 'tb_tp_fsm_behav' loaded.
INFO: [USF-XSim-97] XSim simulation ran for 1000ns
launch_simulation: Time (s): cpu = 00:00:04 ; elapsed = 00:00:07 . Memory (MB): peak = 2537.168 ; gain = 0.512
run all
run: Time (s): cpu = 00:00:17 ; elapsed = 00:00:10 . Memory (MB): peak = 2537.168 ; gain = 0.000
close_sim
INFO: [Simtcl 6-16] Simulation closed
launch_simulation
Command: launch_simulation 
INFO: [Vivado 12-5682] Launching behavioral simulation in 'C:/Users/33651/Desktop/projet_ajc/TP3_FSM/TP3_FSM.sim/sim_1/behav/xsim'
INFO: [SIM-utils-51] Simulation object is 'sim_1'
INFO: [SIM-utils-54] Inspecting design source files for 'tb_tp_fsm' in fileset 'sim_1'...
INFO: [USF-XSim-97] Finding global include files...
INFO: [USF-XSim-98] Fetching design files from 'sim_1'...
INFO: [USF-XSim-2] XSim::Compile design
INFO: [USF-XSim-61] Executing 'COMPILE and ANALYZE' step in 'C:/Users/33651/Desktop/projet_ajc/TP3_FSM/TP3_FSM.sim/sim_1/behav/xsim'
"xvhdl --incr --relax -prj tb_tp_fsm_vhdl.prj"
INFO: [VRFC 10-163] Analyzing VHDL file "C:/Users/33651/Desktop/projet_ajc/TP3_FSM/TP3_FSM.srcs/sources_1/new/tp_fsm.vhd" into library xil_defaultlib
INFO: [VRFC 10-3107] analyzing entity 'tp_fsm'
INFO: [USF-XSim-69] 'compile' step finished in '2' seconds
INFO: [USF-XSim-3] XSim::Elaborate design
INFO: [USF-XSim-61] Executing 'ELABORATE' step in 'C:/Users/33651/Desktop/projet_ajc/TP3_FSM/TP3_FSM.sim/sim_1/behav/xsim'
"xelab -wto 75dea1669dca4fcaa158698bbd52aa9c --incr --debug typical --relax --mt 2 -L xil_defaultlib -L secureip --snapshot tb_tp_fsm_behav xil_defaultlib.tb_tp_fsm -log elaborate.log"
Vivado Simulator 2020.2
Copyright 1986-1999, 2001-2020 Xilinx, Inc. All Rights Reserved.
Running: F:/vivado_2020.2/Vivado/2020.2/bin/unwrapped/win64.o/xelab.exe -wto 75dea1669dca4fcaa158698bbd52aa9c --incr --debug typical --relax --mt 2 -L xil_defaultlib -L secureip --snapshot tb_tp_fsm_behav xil_defaultlib.tb_tp_fsm -log elaborate.log 
Using 2 slave threads.
Starting static elaboration
Completed static elaboration
Starting simulation data flow analysis
Completed simulation data flow analysis
Time Resolution for simulation is 1ps
Compiling package std.standard
Compiling package std.textio
Compiling package ieee.std_logic_1164
Compiling package ieee.std_logic_arith
Compiling package ieee.std_logic_unsigned
Compiling architecture behavioral of entity xil_defaultlib.Counter_Unit [\Counter_Unit(0,27)\]
Compiling architecture behavioral of entity xil_defaultlib.tp_fsm [\tp_fsm(0,27)\]
Compiling architecture behavioral of entity xil_defaultlib.tb_tp_fsm
Built simulation snapshot tb_tp_fsm_behav
INFO: [USF-XSim-69] 'elaborate' step finished in '2' seconds
INFO: [USF-XSim-4] XSim::Simulate design
INFO: [USF-XSim-61] Executing 'SIMULATE' step in 'C:/Users/33651/Desktop/projet_ajc/TP3_FSM/TP3_FSM.sim/sim_1/behav/xsim'
INFO: [USF-XSim-98] *** Running xsim
   with args "tb_tp_fsm_behav -key {Behavioral:sim_1:Functional:tb_tp_fsm} -tclbatch {tb_tp_fsm.tcl} -log {simulate.log}"
INFO: [USF-XSim-8] Loading simulator feature
Vivado Simulator 2020.2
Time resolution is 1 ps
source tb_tp_fsm.tcl
# set curr_wave [current_wave_config]
# if { [string length $curr_wave] == 0 } {
#   if { [llength [get_objects]] > 0} {
#     add_wave /
#     set_property needs_save false [current_wave_config]
#   } else {
#      send_msg_id Add_Wave-1 WARNING "No top level signals found. Simulator will start without a wave window. If you want to open a wave window go to 'File->New Waveform Configuration' or type 'create_wave_config' in the TCL console."
#   }
# }
# run 1000ns
INFO: [USF-XSim-96] XSim completed. Design snapshot 'tb_tp_fsm_behav' loaded.
INFO: [USF-XSim-97] XSim simulation ran for 1000ns
launch_simulation: Time (s): cpu = 00:00:03 ; elapsed = 00:00:06 . Memory (MB): peak = 2685.859 ; gain = 0.875
run all
run: Time (s): cpu = 00:00:16 ; elapsed = 00:00:09 . Memory (MB): peak = 2685.859 ; gain = 0.000
reset_run synth_1
WARNING: [Vivado 12-1017] Problems encountered:
1. Failed to delete one or more files in run directory C:/Users/33651/Desktop/projet_ajc/TP3_FSM/TP3_FSM.runs/synth_1

launch_runs impl_1 -to_step write_bitstream -jobs 8
[Thu Jul  9 10:47:54 2026] Launched synth_1...
Run output will be captured here: C:/Users/33651/Desktop/projet_ajc/TP3_FSM/TP3_FSM.runs/synth_1/runme.log
[Thu Jul  9 10:47:54 2026] Launched impl_1...
Run output will be captured here: C:/Users/33651/Desktop/projet_ajc/TP3_FSM/TP3_FSM.runs/impl_1/runme.log
open_hw_manager
connect_hw_server -allow_non_jtag
INFO: [Labtools 27-2285] Connecting to hw_server url TCP:localhost:3121
INFO: [Labtools 27-2222] Launching hw_server...
INFO: [Labtools 27-2221] Launch Output:

****** Xilinx hw_server v2020.2
  **** Build date : Nov 18 2020 at 10:01:48
    ** Copyright 1986-2020 Xilinx, Inc. All Rights Reserved.


INFO: [Labtools 27-3415] Connecting to cs_server url TCP:localhost:3042
INFO: [Labtools 27-3417] Launching cs_server...
INFO: [Labtools 27-2221] Launch Output:


******** Xilinx cs_server v2020.2
  ****** Build date   : Nov 03 2020-22:02:56
    **** Build number : 2020.2.1604437376
      ** Copyright 2017-2020 Xilinx, Inc. All Rights Reserved.



connect_hw_server: Time (s): cpu = 00:00:01 ; elapsed = 00:00:12 . Memory (MB): peak = 2696.281 ; gain = 8.883
open_hw_target
INFO: [Labtoolstcl 44-466] Opening hw_target localhost:3121/xilinx_tcf/Digilent/210370AD525DA
open_hw_target: Time (s): cpu = 00:00:04 ; elapsed = 00:00:08 . Memory (MB): peak = 4220.461 ; gain = 1524.180
set_property PROGRAM.FILE {C:/Users/33651/Desktop/projet_ajc/TP3_FSM/TP3_FSM.runs/impl_1/tp_fsm.bit} [get_hw_devices xc7z010_1]
current_hw_device [get_hw_devices xc7z010_1]
refresh_hw_device -update_hw_probes false [lindex [get_hw_devices xc7z010_1] 0]
INFO: [Labtools 27-1435] Device xc7z010 (JTAG device index = 1) is not programmed (DONE status = 0).
set_property PROBES.FILE {} [get_hw_devices xc7z010_1]
set_property FULL_PROBES.FILE {} [get_hw_devices xc7z010_1]
set_property PROGRAM.FILE {C:/Users/33651/Desktop/projet_ajc/TP3_FSM/TP3_FSM.runs/impl_1/tp_fsm.bit} [get_hw_devices xc7z010_1]
program_hw_devices [get_hw_devices xc7z010_1]
INFO: [Labtools 27-3164] End of startup status: HIGH
refresh_hw_device [lindex [get_hw_devices xc7z010_1] 0]
INFO: [Labtools 27-1434] Device xc7z010 (JTAG device index = 1) is programmed with a design that has no supported debug core(s) in it.
reset_run synth_1
WARNING: [Vivado 12-1017] Problems encountered:
1. Failed to delete one or more files in run directory C:/Users/33651/Desktop/projet_ajc/TP3_FSM/TP3_FSM.runs/synth_1

launch_runs impl_1 -to_step write_bitstream -jobs 8
[Thu Jul  9 11:27:00 2026] Launched synth_1...
Run output will be captured here: C:/Users/33651/Desktop/projet_ajc/TP3_FSM/TP3_FSM.runs/synth_1/runme.log
[Thu Jul  9 11:27:00 2026] Launched impl_1...
Run output will be captured here: C:/Users/33651/Desktop/projet_ajc/TP3_FSM/TP3_FSM.runs/impl_1/runme.log
set_param general.maxthreads 16
16
set_property PROBES.FILE {} [get_hw_devices xc7z010_1]
set_property FULL_PROBES.FILE {} [get_hw_devices xc7z010_1]
set_property PROGRAM.FILE {C:/Users/33651/Desktop/projet_ajc/TP3_FSM/TP3_FSM.runs/impl_1/tp_fsm.bit} [get_hw_devices xc7z010_1]
program_hw_devices [get_hw_devices xc7z010_1]
INFO: [Labtools 27-3164] End of startup status: HIGH
refresh_hw_device [lindex [get_hw_devices xc7z010_1] 0]
INFO: [Labtools 27-1434] Device xc7z010 (JTAG device index = 1) is programmed with a design that has no supported debug core(s) in it.
reset_run synth_1
WARNING: [Vivado 12-1017] Problems encountered:
1. Failed to delete one or more files in run directory C:/Users/33651/Desktop/projet_ajc/TP3_FSM/TP3_FSM.runs/synth_1

launch_runs impl_1 -to_step write_bitstream -jobs 8
[Thu Jul  9 11:29:54 2026] Launched synth_1...
Run output will be captured here: C:/Users/33651/Desktop/projet_ajc/TP3_FSM/TP3_FSM.runs/synth_1/runme.log
[Thu Jul  9 11:29:54 2026] Launched impl_1...
Run output will be captured here: C:/Users/33651/Desktop/projet_ajc/TP3_FSM/TP3_FSM.runs/impl_1/runme.log
set_property PROBES.FILE {} [get_hw_devices xc7z010_1]
set_property FULL_PROBES.FILE {} [get_hw_devices xc7z010_1]
set_property PROGRAM.FILE {C:/Users/33651/Desktop/projet_ajc/TP3_FSM/TP3_FSM.runs/impl_1/tp_fsm.bit} [get_hw_devices xc7z010_1]
program_hw_devices [get_hw_devices xc7z010_1]
INFO: [Labtools 27-3164] End of startup status: HIGH
refresh_hw_device [lindex [get_hw_devices xc7z010_1] 0]
INFO: [Labtools 27-1434] Device xc7z010 (JTAG device index = 1) is programmed with a design that has no supported debug core(s) in it.
reset_run synth_1
WARNING: [Vivado 12-1017] Problems encountered:
1. Failed to delete one or more files in run directory C:/Users/33651/Desktop/projet_ajc/TP3_FSM/TP3_FSM.runs/synth_1

launch_runs impl_1 -to_step write_bitstream -jobs 8
[Thu Jul  9 11:40:55 2026] Launched synth_1...
Run output will be captured here: C:/Users/33651/Desktop/projet_ajc/TP3_FSM/TP3_FSM.runs/synth_1/runme.log
[Thu Jul  9 11:40:55 2026] Launched impl_1...
Run output will be captured here: C:/Users/33651/Desktop/projet_ajc/TP3_FSM/TP3_FSM.runs/impl_1/runme.log
set_property PROBES.FILE {} [get_hw_devices xc7z010_1]
set_property FULL_PROBES.FILE {} [get_hw_devices xc7z010_1]
set_property PROGRAM.FILE {C:/Users/33651/Desktop/projet_ajc/TP3_FSM/TP3_FSM.runs/impl_1/tp_fsm.bit} [get_hw_devices xc7z010_1]
program_hw_devices [get_hw_devices xc7z010_1]
INFO: [Labtools 27-3164] End of startup status: HIGH
refresh_hw_device [lindex [get_hw_devices xc7z010_1] 0]
INFO: [Labtools 27-1434] Device xc7z010 (JTAG device index = 1) is programmed with a design that has no supported debug core(s) in it.
close_sim
INFO: [Simtcl 6-16] Simulation closed
exit
INFO: [Common 17-206] Exiting Vivado at Thu Jul  9 12:21:16 2026...
