#-----------------------------------------------------------
# Vivado v2020.2 (64-bit)
# SW Build 3064766 on Wed Nov 18 09:12:45 MST 2020
# IP Build 3064653 on Wed Nov 18 14:17:31 MST 2020
# Start of session at: Wed Jul  8 15:38:24 2026
# Process ID: 17760
# Current directory: C:/Users/33651/Desktop/projet_ajc/TP3_FSM
# Command line: vivado.exe -gui_launcher_event rodinguilauncherevent17616 C:\Users\33651\Desktop\projet_ajc\TP3_FSM\TP3_FSM.xpr
# Log file: C:/Users/33651/Desktop/projet_ajc/TP3_FSM/vivado.log
# Journal file: C:/Users/33651/Desktop/projet_ajc/TP3_FSM\vivado.jou
#-----------------------------------------------------------
start_gui
open_project C:/Users/33651/Desktop/projet_ajc/TP3_FSM/TP3_FSM.xpr
WARNING: [filemgmt 56-3] Default IP Output Path : Could not find the directory 'C:/Users/33651/Desktop/projet_ajc/TP3_FSM/TP3_FSM.gen/sources_1'.
Scanning sources...
Finished scanning sources
INFO: [IP_Flow 19-234] Refreshing IP repositories
INFO: [IP_Flow 19-1704] No user IP repositories specified
INFO: [IP_Flow 19-2313] Loaded Vivado IP repository 'F:/vivado_2020.2/Vivado/2020.2/data/ip'.
update_compile_order -fileset sources_1
launch_simulation
Command: launch_simulation 
INFO: [Vivado 12-5682] Launching behavioral simulation in 'C:/Users/33651/Desktop/projet_ajc/TP3_FSM/TP3_FSM.sim/sim_1/behav/xsim'
INFO: [SIM-utils-51] Simulation object is 'sim_1'
INFO: [SIM-utils-54] Inspecting design source files for 'tb_tp_fsm' in fileset 'sim_1'...
INFO: [USF-XSim-97] Finding global include files...
INFO: [USF-XSim-98] Fetching design files from 'sim_1'...
INFO: [USF-XSim-2] XSim::Compile design
INFO: [USF-XSim-61] Executing 'COMPILE and ANALYZE' step in 'C:/Users/33651/Desktop/projet_ajc/TP3_FSM/TP3_FSM.sim/sim_1/behav/xsim'
"xvhdl --incr --relax -prj tb_tp_fsm_vhdl.prj"
INFO: [VRFC 10-163] Analyzing VHDL file "C:/Users/33651/Desktop/projet_ajc/TP3_FSM/TP3_FSM.srcs/sources_1/new/tp_fsm.vhd" into library xil_defaultlib
INFO: [VRFC 10-3107] analyzing entity 'tp_fsm'
INFO: [USF-XSim-69] 'compile' step finished in '1' seconds
INFO: [USF-XSim-3] XSim::Elaborate design
INFO: [USF-XSim-61] Executing 'ELABORATE' step in 'C:/Users/33651/Desktop/projet_ajc/TP3_FSM/TP3_FSM.sim/sim_1/behav/xsim'
"xelab -wto 75dea1669dca4fcaa158698bbd52aa9c --incr --debug typical --relax --mt 2 -L xil_defaultlib -L secureip --snapshot tb_tp_fsm_behav xil_defaultlib.tb_tp_fsm -log elaborate.log"
Vivado Simulator 2020.2
Copyright 1986-1999, 2001-2020 Xilinx, Inc. All Rights Reserved.
Running: F:/vivado_2020.2/Vivado/2020.2/bin/unwrapped/win64.o/xelab.exe -wto 75dea1669dca4fcaa158698bbd52aa9c --incr --debug typical --relax --mt 2 -L xil_defaultlib -L secureip --snapshot tb_tp_fsm_behav xil_defaultlib.tb_tp_fsm -log elaborate.log 
Using 2 slave threads.
Starting static elaboration
Completed static elaboration
Starting simulation data flow analysis
Completed simulation data flow analysis
Time Resolution for simulation is 1ps
Compiling package std.standard
Compiling package std.textio
Compiling package ieee.std_logic_1164
Compiling package ieee.std_logic_arith
Compiling package ieee.std_logic_unsigned
Compiling architecture behavioral of entity xil_defaultlib.Counter_Unit [\Counter_Unit(0,27)\]
Compiling architecture behavioral of entity xil_defaultlib.tp_fsm [\tp_fsm(0,27)\]
Compiling architecture behavioral of entity xil_defaultlib.tb_tp_fsm
Built simulation snapshot tb_tp_fsm_behav
INFO: [USF-XSim-69] 'elaborate' step finished in '2' seconds
INFO: [USF-XSim-4] XSim::Simulate design
INFO: [USF-XSim-61] Executing 'SIMULATE' step in 'C:/Users/33651/Desktop/projet_ajc/TP3_FSM/TP3_FSM.sim/sim_1/behav/xsim'
INFO: [USF-XSim-98] *** Running xsim
   with args "tb_tp_fsm_behav -key {Behavioral:sim_1:Functional:tb_tp_fsm} -tclbatch {tb_tp_fsm.tcl} -log {simulate.log}"
INFO: [USF-XSim-8] Loading simulator feature
Vivado Simulator 2020.2
Time resolution is 1 ps
source tb_tp_fsm.tcl
# set curr_wave [current_wave_config]
# if { [string length $curr_wave] == 0 } {
#   if { [llength [get_objects]] > 0} {
#     add_wave /
#     set_property needs_save false [current_wave_config]
#   } else {
#      send_msg_id Add_Wave-1 WARNING "No top level signals found. Simulator will start without a wave window. If you want to open a wave window go to 'File->New Waveform Configuration' or type 'create_wave_config' in the TCL console."
#   }
# }
# run 1000ns
INFO: [USF-XSim-96] XSim completed. Design snapshot 'tb_tp_fsm_behav' loaded.
INFO: [USF-XSim-97] XSim simulation ran for 1000ns
launch_simulation: Time (s): cpu = 00:00:07 ; elapsed = 00:00:07 . Memory (MB): peak = 1006.766 ; gain = 0.000
restart
INFO: [Simtcl 6-17] Simulation restarted
restart: Time (s): cpu = 00:00:06 ; elapsed = 00:00:11 . Memory (MB): peak = 1006.766 ; gain = 0.000
run all
run: Time (s): cpu = 00:00:30 ; elapsed = 00:00:24 . Memory (MB): peak = 1006.766 ; gain = 0.000
launch_runs impl_1 -to_step write_bitstream -jobs 8
[Wed Jul  8 15:40:05 2026] Launched impl_1...
Run output will be captured here: C:/Users/33651/Desktop/projet_ajc/TP3_FSM/TP3_FSM.runs/impl_1/runme.log
close_sim
INFO: [Simtcl 6-16] Simulation closed
launch_simulation
Command: launch_simulation 
boost::filesystem::remove: Le processus ne peut pas accéder au fichier car ce fichier est utilisé par un autre processus: "C:/Users/33651/Desktop/projet_ajc/TP3_FSM/TP3_FSM.sim/sim_1/behav/xsim/simulate.log"
reset_run synth_1
launch_runs impl_1 -to_step write_bitstream -jobs 8
[Wed Jul  8 15:41:07 2026] Launched synth_1...
Run output will be captured here: C:/Users/33651/Desktop/projet_ajc/TP3_FSM/TP3_FSM.runs/synth_1/runme.log
[Wed Jul  8 15:41:08 2026] Launched impl_1...
Run output will be captured here: C:/Users/33651/Desktop/projet_ajc/TP3_FSM/TP3_FSM.runs/impl_1/runme.log
launch_simulation
Command: launch_simulation 
INFO: [Vivado 12-5682] Launching behavioral simulation in 'C:/Users/33651/Desktop/projet_ajc/TP3_FSM/TP3_FSM.sim/sim_1/behav/xsim'
INFO: [SIM-utils-51] Simulation object is 'sim_1'
INFO: [SIM-utils-54] Inspecting design source files for 'tb_tp_fsm' in fileset 'sim_1'...
INFO: [USF-XSim-97] Finding global include files...
INFO: [USF-XSim-98] Fetching design files from 'sim_1'...
INFO: [USF-XSim-2] XSim::Compile design
INFO: [USF-XSim-61] Executing 'COMPILE and ANALYZE' step in 'C:/Users/33651/Desktop/projet_ajc/TP3_FSM/TP3_FSM.sim/sim_1/behav/xsim'
"xvhdl --incr --relax -prj tb_tp_fsm_vhdl.prj"
INFO: [VRFC 10-163] Analyzing VHDL file "C:/Users/33651/Desktop/projet_ajc/TP3_FSM/TP3_FSM.srcs/sources_1/new/tp_fsm.vhd" into library xil_defaultlib
INFO: [VRFC 10-3107] analyzing entity 'tp_fsm'
INFO: [USF-XSim-69] 'compile' step finished in '1' seconds
INFO: [USF-XSim-3] XSim::Elaborate design
INFO: [USF-XSim-61] Executing 'ELABORATE' step in 'C:/Users/33651/Desktop/projet_ajc/TP3_FSM/TP3_FSM.sim/sim_1/behav/xsim'
"xelab -wto 75dea1669dca4fcaa158698bbd52aa9c --incr --debug typical --relax --mt 2 -L xil_defaultlib -L secureip --snapshot tb_tp_fsm_behav xil_defaultlib.tb_tp_fsm -log elaborate.log"
Vivado Simulator 2020.2
Copyright 1986-1999, 2001-2020 Xilinx, Inc. All Rights Reserved.
Running: F:/vivado_2020.2/Vivado/2020.2/bin/unwrapped/win64.o/xelab.exe -wto 75dea1669dca4fcaa158698bbd52aa9c --incr --debug typical --relax --mt 2 -L xil_defaultlib -L secureip --snapshot tb_tp_fsm_behav xil_defaultlib.tb_tp_fsm -log elaborate.log 
Using 2 slave threads.
Starting static elaboration
Completed static elaboration
Starting simulation data flow analysis
Completed simulation data flow analysis
Time Resolution for simulation is 1ps
Compiling package std.standard
Compiling package std.textio
Compiling package ieee.std_logic_1164
Compiling package ieee.std_logic_arith
Compiling package ieee.std_logic_unsigned
Compiling architecture behavioral of entity xil_defaultlib.Counter_Unit [\Counter_Unit(0,27)\]
Compiling architecture behavioral of entity xil_defaultlib.tp_fsm [\tp_fsm(0,27)\]
Compiling architecture behavioral of entity xil_defaultlib.tb_tp_fsm
Built simulation snapshot tb_tp_fsm_behav
INFO: [USF-XSim-69] 'elaborate' step finished in '2' seconds
INFO: [USF-XSim-4] XSim::Simulate design
INFO: [USF-XSim-61] Executing 'SIMULATE' step in 'C:/Users/33651/Desktop/projet_ajc/TP3_FSM/TP3_FSM.sim/sim_1/behav/xsim'
INFO: [USF-XSim-98] *** Running xsim
   with args "tb_tp_fsm_behav -key {Behavioral:sim_1:Functional:tb_tp_fsm} -tclbatch {tb_tp_fsm.tcl} -log {simulate.log}"
INFO: [USF-XSim-8] Loading simulator feature
Vivado Simulator 2020.2
Time resolution is 1 ps
source tb_tp_fsm.tcl
# set curr_wave [current_wave_config]
# if { [string length $curr_wave] == 0 } {
#   if { [llength [get_objects]] > 0} {
#     add_wave /
#     set_property needs_save false [current_wave_config]
#   } else {
#      send_msg_id Add_Wave-1 WARNING "No top level signals found. Simulator will start without a wave window. If you want to open a wave window go to 'File->New Waveform Configuration' or type 'create_wave_config' in the TCL console."
#   }
# }
# run 1000ns
INFO: [USF-XSim-96] XSim completed. Design snapshot 'tb_tp_fsm_behav' loaded.
INFO: [USF-XSim-97] XSim simulation ran for 1000ns
launch_simulation: Time (s): cpu = 00:00:03 ; elapsed = 00:00:06 . Memory (MB): peak = 1006.766 ; gain = 0.000
restart
INFO: [Simtcl 6-17] Simulation restarted
restart: Time (s): cpu = 00:00:03 ; elapsed = 00:00:06 . Memory (MB): peak = 1006.766 ; gain = 0.000
run all
run: Time (s): cpu = 00:00:21 ; elapsed = 00:00:18 . Memory (MB): peak = 1006.766 ; gain = 0.000
run all
run: Time (s): cpu = 00:00:05 ; elapsed = 00:00:05 . Memory (MB): peak = 1006.766 ; gain = 0.000
launch_simulation -mode post-implementation -type functional
Command: launch_simulation -mode post-implementation -type functional
INFO: [Vivado 12-5682] Launching post-implementation functional simulation in 'C:/Users/33651/Desktop/projet_ajc/TP3_FSM/TP3_FSM.sim/sim_1/impl/func/xsim'
INFO: [SIM-utils-51] Simulation object is 'sim_1'
INFO: [Device 21-403] Loading part xc7z010clg400-1
Netlist sorting complete. Time (s): cpu = 00:00:00 ; elapsed = 00:00:00 . Memory (MB): peak = 1229.543 ; gain = 0.000
INFO: [Netlist 29-17] Analyzing 5 Unisim elements for replacement
INFO: [Netlist 29-28] Unisim Transformation completed in 0 CPU seconds
INFO: [Project 1-479] Netlist was created with Vivado 2020.2
INFO: [Project 1-570] Preparing netlist for logic optimization
INFO: [Timing 38-478] Restoring timing data from binary archive.
INFO: [Timing 38-479] Binary timing data restore complete.
INFO: [Project 1-856] Restoring constraints from binary archive.
INFO: [Project 1-853] Binary constraint restore complete.
Reading XDEF placement.
Reading placer database...
Reading XDEF routing.
Read XDEF File: Time (s): cpu = 00:00:00 ; elapsed = 00:00:00.042 . Memory (MB): peak = 1894.891 ; gain = 0.000
Restored from archive | CPU: 0.000000 secs | Memory: 0.000000 MB |
Finished XDEF File Restore: Time (s): cpu = 00:00:00 ; elapsed = 00:00:00.042 . Memory (MB): peak = 1894.891 ; gain = 0.000
Netlist sorting complete. Time (s): cpu = 00:00:00 ; elapsed = 00:00:00 . Memory (MB): peak = 1894.891 ; gain = 0.000
INFO: [Project 1-111] Unisim Transformation Summary:
No Unisim elements were transformed.

open_run: Time (s): cpu = 00:00:20 ; elapsed = 00:00:16 . Memory (MB): peak = 2055.512 ; gain = 1048.746
INFO: [SIM-utils-31] Writing simulation netlist file for design 'impl_1'...
INFO: [SIM-utils-32] write_verilog -mode funcsim -nolib -force -file "C:/Users/33651/Desktop/projet_ajc/TP3_FSM/TP3_FSM.sim/sim_1/impl/func/xsim/tb_tp_fsm_func_impl.v"
INFO: [SIM-utils-36] Netlist generated:C:/Users/33651/Desktop/projet_ajc/TP3_FSM/TP3_FSM.sim/sim_1/impl/func/xsim/tb_tp_fsm_func_impl.v
INFO: [SIM-utils-54] Inspecting design source files for 'tb_tp_fsm' in fileset 'sim_1'...
INFO: [USF-XSim-2] XSim::Compile design
INFO: [USF-XSim-61] Executing 'COMPILE and ANALYZE' step in 'C:/Users/33651/Desktop/projet_ajc/TP3_FSM/TP3_FSM.sim/sim_1/impl/func/xsim'
"xvlog --incr --relax -prj tb_tp_fsm_vlog.prj"
INFO: [VRFC 10-2263] Analyzing Verilog file "C:/Users/33651/Desktop/projet_ajc/TP3_FSM/TP3_FSM.sim/sim_1/impl/func/xsim/tb_tp_fsm_func_impl.v" into library xil_defaultlib
INFO: [VRFC 10-311] analyzing module Counter_Unit
INFO: [VRFC 10-311] analyzing module tp_fsm
INFO: [VRFC 10-311] analyzing module glbl
"xvhdl --incr --relax -prj tb_tp_fsm_vhdl.prj"
INFO: [USF-XSim-69] 'compile' step finished in '3' seconds
INFO: [USF-XSim-3] XSim::Elaborate design
INFO: [USF-XSim-61] Executing 'ELABORATE' step in 'C:/Users/33651/Desktop/projet_ajc/TP3_FSM/TP3_FSM.sim/sim_1/impl/func/xsim'
"xelab -wto 75dea1669dca4fcaa158698bbd52aa9c --incr --debug typical --relax --mt 2 -L xil_defaultlib -L unisims_ver -L secureip --snapshot tb_tp_fsm_func_impl xil_defaultlib.tb_tp_fsm xil_defaultlib.glbl -log elaborate.log"
Vivado Simulator 2020.2
Copyright 1986-1999, 2001-2020 Xilinx, Inc. All Rights Reserved.
Running: F:/vivado_2020.2/Vivado/2020.2/bin/unwrapped/win64.o/xelab.exe -wto 75dea1669dca4fcaa158698bbd52aa9c --incr --debug typical --relax --mt 2 -L xil_defaultlib -L unisims_ver -L secureip --snapshot tb_tp_fsm_func_impl xil_defaultlib.tb_tp_fsm xil_defaultlib.glbl -log elaborate.log 
Using 2 slave threads.
Starting static elaboration
Pass Through NonSizing Optimizer
Completed static elaboration
Starting simulation data flow analysis
Completed simulation data flow analysis
Time Resolution for simulation is 1ps
Compiling package std.standard
Compiling package std.textio
Compiling package ieee.std_logic_1164
Compiling package vl.vl_types
Compiling module xil_defaultlib.glbl
Compiling module unisims_ver.FDCE_default
Compiling module unisims_ver.latchsre_ldce
Compiling module unisims_ver.LDCE
Compiling module unisims_ver.LUT4
Compiling module unisims_ver.BUFG
Compiling module unisims_ver.IBUF
Compiling module unisims_ver.x_lut2_mux4
Compiling module unisims_ver.LUT2
Compiling module unisims_ver.OBUF
Compiling module unisims_ver.x_lut1_mux2
Compiling module unisims_ver.LUT1
Compiling module unisims_ver.LUT5
Compiling module unisims_ver.FDSE_default
Compiling module unisims_ver.FDRE_default
Compiling module unisims_ver.LUT6
Compiling module unisims_ver.x_lut3_mux8
Compiling module unisims_ver.LUT3(INIT=8'b0110)
Compiling module unisims_ver.CARRY4
Compiling module xil_defaultlib.Counter_Unit
Compiling module xil_defaultlib.tp_fsm
Compiling architecture behavioral of entity xil_defaultlib.tb_tp_fsm
Built simulation snapshot tb_tp_fsm_func_impl
INFO: [USF-XSim-69] 'elaborate' step finished in '3' seconds
INFO: [USF-XSim-4] XSim::Simulate design
INFO: [USF-XSim-61] Executing 'SIMULATE' step in 'C:/Users/33651/Desktop/projet_ajc/TP3_FSM/TP3_FSM.sim/sim_1/impl/func/xsim'
INFO: [USF-XSim-98] *** Running xsim
   with args "tb_tp_fsm_func_impl -key {Post-Implementation:sim_1:Functional:tb_tp_fsm} -tclbatch {tb_tp_fsm.tcl} -log {simulate.log}"
INFO: [USF-XSim-8] Loading simulator feature
Vivado Simulator 2020.2
Time resolution is 1 ps
source tb_tp_fsm.tcl
# set curr_wave [current_wave_config]
# if { [string length $curr_wave] == 0 } {
#   if { [llength [get_objects]] > 0} {
#     add_wave /
#     set_property needs_save false [current_wave_config]
#   } else {
#      send_msg_id Add_Wave-1 WARNING "No top level signals found. Simulator will start without a wave window. If you want to open a wave window go to 'File->New Waveform Configuration' or type 'create_wave_config' in the TCL console."
#   }
# }
# run 1000ns
INFO: [USF-XSim-96] XSim completed. Design snapshot 'tb_tp_fsm_func_impl' loaded.
INFO: [USF-XSim-97] XSim simulation ran for 1000ns
launch_simulation: Time (s): cpu = 00:00:27 ; elapsed = 00:00:26 . Memory (MB): peak = 2055.512 ; gain = 1048.746
run all
run: Time (s): cpu = 00:01:39 ; elapsed = 00:01:22 . Memory (MB): peak = 2055.512 ; gain = 0.000
reset_run synth_1
WARNING: [Vivado 12-1017] Problems encountered:
1. Failed to delete one or more files in run directory C:/Users/33651/Desktop/projet_ajc/TP3_FSM/TP3_FSM.runs/synth_1

launch_runs synth_1 -jobs 8
[Wed Jul  8 16:12:16 2026] Launched synth_1...
Run output will be captured here: C:/Users/33651/Desktop/projet_ajc/TP3_FSM/TP3_FSM.runs/synth_1/runme.log
launch_simulation -mode post-synthesis -type functional
Command: launch_simulation -mode post-synthesis -type functional
INFO: [Vivado 12-5682] Launching post-synthesis functional simulation in 'C:/Users/33651/Desktop/projet_ajc/TP3_FSM/TP3_FSM.sim/sim_1/synth/func/xsim'
INFO: [SIM-utils-51] Simulation object is 'sim_1'
Design is defaulting to impl run constrset: constrs_1
Design is defaulting to synth run part: xc7z010clg400-1
Netlist sorting complete. Time (s): cpu = 00:00:00 ; elapsed = 00:00:00 . Memory (MB): peak = 2101.508 ; gain = 0.000
INFO: [Project 1-479] Netlist was created with Vivado 2020.2
INFO: [Project 1-570] Preparing netlist for logic optimization
Parsing XDC File [C:/Users/33651/Desktop/projet_ajc/TP3_FSM/TP3_FSM.srcs/constrs_1/new/pin.xdc]
Finished Parsing XDC File [C:/Users/33651/Desktop/projet_ajc/TP3_FSM/TP3_FSM.srcs/constrs_1/new/pin.xdc]
INFO: [Opt 31-138] Pushed 0 inverter(s) to 0 load pin(s).
Netlist sorting complete. Time (s): cpu = 00:00:00 ; elapsed = 00:00:00 . Memory (MB): peak = 2129.707 ; gain = 0.000
INFO: [Project 1-111] Unisim Transformation Summary:
No Unisim elements were transformed.

INFO: [SIM-utils-24] Writing simulation netlist file for design 'synth_1'...
INFO: [SIM-utils-25] write_verilog -mode funcsim -nolib -force -file "C:/Users/33651/Desktop/projet_ajc/TP3_FSM/TP3_FSM.sim/sim_1/synth/func/xsim/tb_tp_fsm_func_synth.v"
INFO: [SIM-utils-36] Netlist generated:C:/Users/33651/Desktop/projet_ajc/TP3_FSM/TP3_FSM.sim/sim_1/synth/func/xsim/tb_tp_fsm_func_synth.v
INFO: [SIM-utils-54] Inspecting design source files for 'tb_tp_fsm' in fileset 'sim_1'...
INFO: [USF-XSim-2] XSim::Compile design
INFO: [USF-XSim-61] Executing 'COMPILE and ANALYZE' step in 'C:/Users/33651/Desktop/projet_ajc/TP3_FSM/TP3_FSM.sim/sim_1/synth/func/xsim'
"xvlog --incr --relax -prj tb_tp_fsm_vlog.prj"
INFO: [VRFC 10-2263] Analyzing Verilog file "C:/Users/33651/Desktop/projet_ajc/TP3_FSM/TP3_FSM.sim/sim_1/synth/func/xsim/tb_tp_fsm_func_synth.v" into library xil_defaultlib
INFO: [VRFC 10-311] analyzing module tp_fsm
INFO: [VRFC 10-311] analyzing module glbl
"xvhdl --incr --relax -prj tb_tp_fsm_vhdl.prj"
INFO: [USF-XSim-69] 'compile' step finished in '3' seconds
INFO: [USF-XSim-3] XSim::Elaborate design
INFO: [USF-XSim-61] Executing 'ELABORATE' step in 'C:/Users/33651/Desktop/projet_ajc/TP3_FSM/TP3_FSM.sim/sim_1/synth/func/xsim'
"xelab -wto 75dea1669dca4fcaa158698bbd52aa9c --incr --debug typical --relax --mt 2 -L xil_defaultlib -L unisims_ver -L secureip --snapshot tb_tp_fsm_func_synth xil_defaultlib.tb_tp_fsm xil_defaultlib.glbl -log elaborate.log"
Vivado Simulator 2020.2
Copyright 1986-1999, 2001-2020 Xilinx, Inc. All Rights Reserved.
Running: F:/vivado_2020.2/Vivado/2020.2/bin/unwrapped/win64.o/xelab.exe -wto 75dea1669dca4fcaa158698bbd52aa9c --incr --debug typical --relax --mt 2 -L xil_defaultlib -L unisims_ver -L secureip --snapshot tb_tp_fsm_func_synth xil_defaultlib.tb_tp_fsm xil_defaultlib.glbl -log elaborate.log 
Using 2 slave threads.
Starting static elaboration
Pass Through NonSizing Optimizer
Completed static elaboration
Starting simulation data flow analysis
Completed simulation data flow analysis
Time Resolution for simulation is 1ps
Compiling package std.standard
Compiling package std.textio
Compiling package ieee.std_logic_1164
Compiling package vl.vl_types
Compiling module xil_defaultlib.glbl
Compiling module unisims_ver.BUFG
Compiling module unisims_ver.IBUF
Compiling module unisims_ver.FDCE_default
Compiling module unisims_ver.OBUF
Compiling module unisims_ver.x_lut1_mux2
Compiling module unisims_ver.LUT1(INIT=2'b01)
Compiling module xil_defaultlib.tp_fsm
Compiling architecture behavioral of entity xil_defaultlib.tb_tp_fsm
Built simulation snapshot tb_tp_fsm_func_synth
INFO: [USF-XSim-69] 'elaborate' step finished in '3' seconds
INFO: [USF-XSim-4] XSim::Simulate design
INFO: [USF-XSim-61] Executing 'SIMULATE' step in 'C:/Users/33651/Desktop/projet_ajc/TP3_FSM/TP3_FSM.sim/sim_1/synth/func/xsim'
INFO: [USF-XSim-98] *** Running xsim
   with args "tb_tp_fsm_func_synth -key {Post-Synthesis:sim_1:Functional:tb_tp_fsm} -tclbatch {tb_tp_fsm.tcl} -log {simulate.log}"
INFO: [USF-XSim-8] Loading simulator feature
Vivado Simulator 2020.2
Time resolution is 1 ps
source tb_tp_fsm.tcl
# set curr_wave [current_wave_config]
# if { [string length $curr_wave] == 0 } {
#   if { [llength [get_objects]] > 0} {
#     add_wave /
#     set_property needs_save false [current_wave_config]
#   } else {
#      send_msg_id Add_Wave-1 WARNING "No top level signals found. Simulator will start without a wave window. If you want to open a wave window go to 'File->New Waveform Configuration' or type 'create_wave_config' in the TCL console."
#   }
# }
# run 1000ns
INFO: [USF-XSim-96] XSim completed. Design snapshot 'tb_tp_fsm_func_synth' loaded.
INFO: [USF-XSim-97] XSim simulation ran for 1000ns
launch_simulation: Time (s): cpu = 00:00:08 ; elapsed = 00:00:11 . Memory (MB): peak = 2217.230 ; gain = 115.723
run all
run: Time (s): cpu = 00:00:32 ; elapsed = 00:00:24 . Memory (MB): peak = 2225.461 ; gain = 0.676
launch_runs impl_1 -jobs 8
INFO: [Timing 38-480] Writing timing data to binary archive.
Writing placer database...
Writing XDEF routing.
Writing XDEF routing logical nets.
Writing XDEF routing special nets.
Write XDEF Complete: Time (s): cpu = 00:00:01 ; elapsed = 00:00:00.064 . Memory (MB): peak = 2250.391 ; gain = 0.000
[Wed Jul  8 16:42:55 2026] Launched impl_1...
Run output will be captured here: C:/Users/33651/Desktop/projet_ajc/TP3_FSM/TP3_FSM.runs/impl_1/runme.log
current_sim simulation_3
close_sim
INFO: [Simtcl 6-16] Simulation closed
current_design impl_1
close_design
launch_simulation -mode post-implementation -type functional
Command: launch_simulation -mode post-implementation -type functional
boost::filesystem::remove: Le processus ne peut pas accéder au fichier car ce fichier est utilisé par un autre processus: "C:/Users/33651/Desktop/projet_ajc/TP3_FSM/TP3_FSM.sim/sim_1/impl/func/xsim/simulate.log"
current_sim simulation_4
close_sim
INFO: [Simtcl 6-16] Simulation closed
close_sim
INFO: [Simtcl 6-16] Simulation closed
exit
INFO: [Common 17-206] Exiting Vivado at Wed Jul  8 16:45:34 2026...
