#-----------------------------------------------------------
# Vivado v2020.2 (64-bit)
# SW Build 3064766 on Wed Nov 18 09:12:45 MST 2020
# IP Build 3064653 on Wed Nov 18 14:17:31 MST 2020
# Start of session at: Wed Jul  8 18:58:37 2026
# Process ID: 24676
# Current directory: C:/Users/33651/Desktop/projet_ajc/TP3_FSM
# Command line: vivado.exe -gui_launcher_event rodinguilauncherevent16992 C:\Users\33651\Desktop\projet_ajc\TP3_FSM\TP3_FSM.xpr
# Log file: C:/Users/33651/Desktop/projet_ajc/TP3_FSM/vivado.log
# Journal file: C:/Users/33651/Desktop/projet_ajc/TP3_FSM\vivado.jou
#-----------------------------------------------------------
start_gui
open_project C:/Users/33651/Desktop/projet_ajc/TP3_FSM/TP3_FSM.xpr
WARNING: [filemgmt 56-3] Default IP Output Path : Could not find the directory 'C:/Users/33651/Desktop/projet_ajc/TP3_FSM/TP3_FSM.gen/sources_1'.
Scanning sources...
Finished scanning sources
INFO: [IP_Flow 19-234] Refreshing IP repositories
INFO: [IP_Flow 19-1704] No user IP repositories specified
INFO: [IP_Flow 19-2313] Loaded Vivado IP repository 'F:/vivado_2020.2/Vivado/2020.2/data/ip'.
update_compile_order -fileset sources_1
reset_run synth_1
launch_runs impl_1 -jobs 8
[Wed Jul  8 18:59:01 2026] Launched synth_1...
Run output will be captured here: C:/Users/33651/Desktop/projet_ajc/TP3_FSM/TP3_FSM.runs/synth_1/runme.log
[Wed Jul  8 18:59:01 2026] Launched impl_1...
Run output will be captured here: C:/Users/33651/Desktop/projet_ajc/TP3_FSM/TP3_FSM.runs/impl_1/runme.log
set_param general.maxthreads 16
16
launch_simulation -mode post-implementation -type functional
Command: launch_simulation -mode post-implementation -type functional
INFO: [Vivado 12-5682] Launching post-implementation functional simulation in 'C:/Users/33651/Desktop/projet_ajc/TP3_FSM/TP3_FSM.sim/sim_1/impl/func/xsim'
INFO: [SIM-utils-51] Simulation object is 'sim_1'
INFO: [Device 21-403] Loading part xc7z010clg400-1
Netlist sorting complete. Time (s): cpu = 00:00:00 ; elapsed = 00:00:00.001 . Memory (MB): peak = 1167.199 ; gain = 0.000
INFO: [Netlist 29-17] Analyzing 5 Unisim elements for replacement
INFO: [Netlist 29-28] Unisim Transformation completed in 0 CPU seconds
INFO: [Project 1-479] Netlist was created with Vivado 2020.2
INFO: [Project 1-570] Preparing netlist for logic optimization
INFO: [Timing 38-478] Restoring timing data from binary archive.
INFO: [Timing 38-479] Binary timing data restore complete.
INFO: [Project 1-856] Restoring constraints from binary archive.
INFO: [Project 1-853] Binary constraint restore complete.
Reading XDEF placement.
Reading placer database...
Reading XDEF routing.
Read XDEF File: Time (s): cpu = 00:00:00 ; elapsed = 00:00:00.041 . Memory (MB): peak = 1824.965 ; gain = 0.000
Restored from archive | CPU: 0.000000 secs | Memory: 0.000000 MB |
Finished XDEF File Restore: Time (s): cpu = 00:00:00 ; elapsed = 00:00:00.042 . Memory (MB): peak = 1824.965 ; gain = 0.000
Netlist sorting complete. Time (s): cpu = 00:00:00 ; elapsed = 00:00:00 . Memory (MB): peak = 1824.965 ; gain = 0.000
INFO: [Project 1-111] Unisim Transformation Summary:
No Unisim elements were transformed.

open_run: Time (s): cpu = 00:00:19 ; elapsed = 00:00:15 . Memory (MB): peak = 1962.375 ; gain = 951.793
INFO: [SIM-utils-31] Writing simulation netlist file for design 'impl_1'...
INFO: [SIM-utils-32] write_verilog -mode funcsim -nolib -force -file "C:/Users/33651/Desktop/projet_ajc/TP3_FSM/TP3_FSM.sim/sim_1/impl/func/xsim/tb_tp_fsm_func_impl.v"
INFO: [SIM-utils-36] Netlist generated:C:/Users/33651/Desktop/projet_ajc/TP3_FSM/TP3_FSM.sim/sim_1/impl/func/xsim/tb_tp_fsm_func_impl.v
INFO: [SIM-utils-54] Inspecting design source files for 'tb_tp_fsm' in fileset 'sim_1'...
INFO: [USF-XSim-2] XSim::Compile design
INFO: [USF-XSim-61] Executing 'COMPILE and ANALYZE' step in 'C:/Users/33651/Desktop/projet_ajc/TP3_FSM/TP3_FSM.sim/sim_1/impl/func/xsim'
"xvlog --incr --relax -prj tb_tp_fsm_vlog.prj"
INFO: [VRFC 10-2263] Analyzing Verilog file "C:/Users/33651/Desktop/projet_ajc/TP3_FSM/TP3_FSM.sim/sim_1/impl/func/xsim/tb_tp_fsm_func_impl.v" into library xil_defaultlib
INFO: [VRFC 10-311] analyzing module Counter_Unit
INFO: [VRFC 10-311] analyzing module tp_fsm
INFO: [VRFC 10-311] analyzing module glbl
"xvhdl --incr --relax -prj tb_tp_fsm_vhdl.prj"
INFO: [USF-XSim-69] 'compile' step finished in '3' seconds
INFO: [USF-XSim-3] XSim::Elaborate design
INFO: [USF-XSim-61] Executing 'ELABORATE' step in 'C:/Users/33651/Desktop/projet_ajc/TP3_FSM/TP3_FSM.sim/sim_1/impl/func/xsim'
"xelab -wto 75dea1669dca4fcaa158698bbd52aa9c --incr --debug typical --relax --mt 16 -L xil_defaultlib -L unisims_ver -L secureip --snapshot tb_tp_fsm_func_impl xil_defaultlib.tb_tp_fsm xil_defaultlib.glbl -log elaborate.log"
Vivado Simulator 2020.2
Copyright 1986-1999, 2001-2020 Xilinx, Inc. All Rights Reserved.
Running: F:/vivado_2020.2/Vivado/2020.2/bin/unwrapped/win64.o/xelab.exe -wto 75dea1669dca4fcaa158698bbd52aa9c --incr --debug typical --relax --mt 16 -L xil_defaultlib -L unisims_ver -L secureip --snapshot tb_tp_fsm_func_impl xil_defaultlib.tb_tp_fsm xil_defaultlib.glbl -log elaborate.log 
Using 16 slave threads.
Starting static elaboration
Pass Through NonSizing Optimizer
Completed static elaboration
Starting simulation data flow analysis
Completed simulation data flow analysis
Time Resolution for simulation is 1ps
Compiling package std.standard
Compiling package std.textio
Compiling package ieee.std_logic_1164
Compiling package vl.vl_types
Compiling module xil_defaultlib.glbl
Compiling module unisims_ver.FDCE_default
Compiling module unisims_ver.BUFG
Compiling module unisims_ver.IBUF
Compiling module unisims_ver.OBUF
Compiling module unisims_ver.x_lut2_mux4
Compiling module unisims_ver.LUT2
Compiling module unisims_ver.x_lut1_mux2
Compiling module unisims_ver.LUT1
Compiling module unisims_ver.LUT6
Compiling module unisims_ver.LUT4
Compiling module unisims_ver.FDSE_default
Compiling module unisims_ver.FDRE_default
Compiling module unisims_ver.LUT5
Compiling module unisims_ver.x_lut3_mux8
Compiling module unisims_ver.LUT3
Compiling module unisims_ver.CARRY4
Compiling module xil_defaultlib.Counter_Unit
Compiling module xil_defaultlib.tp_fsm
Compiling architecture behavioral of entity xil_defaultlib.tb_tp_fsm
Built simulation snapshot tb_tp_fsm_func_impl
INFO: [USF-XSim-69] 'elaborate' step finished in '4' seconds
INFO: [USF-XSim-4] XSim::Simulate design
INFO: [USF-XSim-61] Executing 'SIMULATE' step in 'C:/Users/33651/Desktop/projet_ajc/TP3_FSM/TP3_FSM.sim/sim_1/impl/func/xsim'
INFO: [USF-XSim-98] *** Running xsim
   with args "tb_tp_fsm_func_impl -key {Post-Implementation:sim_1:Functional:tb_tp_fsm} -tclbatch {tb_tp_fsm.tcl} -log {simulate.log}"
INFO: [USF-XSim-8] Loading simulator feature
Vivado Simulator 2020.2
Time resolution is 1 ps
source tb_tp_fsm.tcl
# set curr_wave [current_wave_config]
# if { [string length $curr_wave] == 0 } {
#   if { [llength [get_objects]] > 0} {
#     add_wave /
#     set_property needs_save false [current_wave_config]
#   } else {
#      send_msg_id Add_Wave-1 WARNING "No top level signals found. Simulator will start without a wave window. If you want to open a wave window go to 'File->New Waveform Configuration' or type 'create_wave_config' in the TCL console."
#   }
# }
# run 1000ns
INFO: [USF-XSim-96] XSim completed. Design snapshot 'tb_tp_fsm_func_impl' loaded.
INFO: [USF-XSim-97] XSim simulation ran for 1000ns
launch_simulation: Time (s): cpu = 00:00:31 ; elapsed = 00:00:27 . Memory (MB): peak = 1995.098 ; gain = 984.516
run all
run: Time (s): cpu = 00:01:21 ; elapsed = 00:01:13 . Memory (MB): peak = 2039.598 ; gain = 44.309
reset_run synth_1
WARNING: [Vivado 12-1017] Problems encountered:
1. Failed to delete one or more files in run directory C:/Users/33651/Desktop/projet_ajc/TP3_FSM/TP3_FSM.runs/synth_1

launch_runs impl_1 -to_step write_bitstream -jobs 8
[Wed Jul  8 19:02:50 2026] Launched synth_1...
Run output will be captured here: C:/Users/33651/Desktop/projet_ajc/TP3_FSM/TP3_FSM.runs/synth_1/runme.log
[Wed Jul  8 19:02:51 2026] Launched impl_1...
Run output will be captured here: C:/Users/33651/Desktop/projet_ajc/TP3_FSM/TP3_FSM.runs/impl_1/runme.log
open_hw_manager
connect_hw_server -allow_non_jtag
INFO: [Labtools 27-2285] Connecting to hw_server url TCP:localhost:3121
INFO: [Labtools 27-2222] Launching hw_server...
INFO: [Labtools 27-2221] Launch Output:

****** Xilinx hw_server v2020.2
  **** Build date : Nov 18 2020 at 10:01:48
    ** Copyright 1986-2020 Xilinx, Inc. All Rights Reserved.


INFO: [Labtools 27-3415] Connecting to cs_server url TCP:localhost:3042
INFO: [Labtools 27-3417] Launching cs_server...
INFO: [Labtools 27-2221] Launch Output:


******** Xilinx cs_server v2020.2
  ****** Build date   : Nov 03 2020-22:02:56
    **** Build number : 2020.2.1604437376
      ** Copyright 2017-2020 Xilinx, Inc. All Rights Reserved.



connect_hw_server: Time (s): cpu = 00:00:01 ; elapsed = 00:00:08 . Memory (MB): peak = 2053.254 ; gain = 0.000
disconnect_hw_server localhost:3121
connect_hw_server -allow_non_jtag
INFO: [Labtools 27-2285] Connecting to hw_server url TCP:localhost:3121
INFO: [Labtools 27-3415] Connecting to cs_server url TCP:localhost:3042
INFO: [Labtools 27-3414] Connected to existing cs_server.
disconnect_hw_server localhost:3121
connect_hw_server -allow_non_jtag
INFO: [Labtools 27-2285] Connecting to hw_server url TCP:localhost:3121
INFO: [Labtools 27-3415] Connecting to cs_server url TCP:localhost:3042
INFO: [Labtools 27-3414] Connected to existing cs_server.
open_hw_target
INFO: [Labtoolstcl 44-466] Opening hw_target localhost:3121/xilinx_tcf/Digilent/210370AD525DA
open_hw_target: Time (s): cpu = 00:00:04 ; elapsed = 00:00:06 . Memory (MB): peak = 3567.332 ; gain = 1514.078
set_property PROGRAM.FILE {C:/Users/33651/Desktop/projet_ajc/TP3_FSM/TP3_FSM.runs/impl_1/tp_fsm.bit} [get_hw_devices xc7z010_1]
current_hw_device [get_hw_devices xc7z010_1]
refresh_hw_device -update_hw_probes false [lindex [get_hw_devices xc7z010_1] 0]
INFO: [Labtools 27-1435] Device xc7z010 (JTAG device index = 1) is not programmed (DONE status = 0).
set_property PROBES.FILE {} [get_hw_devices xc7z010_1]
set_property FULL_PROBES.FILE {} [get_hw_devices xc7z010_1]
set_property PROGRAM.FILE {C:/Users/33651/Desktop/projet_ajc/TP3_FSM/TP3_FSM.runs/impl_1/tp_fsm.bit} [get_hw_devices xc7z010_1]
program_hw_devices [get_hw_devices xc7z010_1]
INFO: [Labtools 27-3164] End of startup status: HIGH
refresh_hw_device [lindex [get_hw_devices xc7z010_1] 0]
INFO: [Labtools 27-1434] Device xc7z010 (JTAG device index = 1) is programmed with a design that has no supported debug core(s) in it.
reset_run synth_1
WARNING: [Vivado 12-1017] Problems encountered:
1. Failed to delete one or more files in run directory C:/Users/33651/Desktop/projet_ajc/TP3_FSM/TP3_FSM.runs/synth_1

launch_runs impl_1 -to_step write_bitstream -jobs 8
[Wed Jul  8 19:06:34 2026] Launched synth_1...
Run output will be captured here: C:/Users/33651/Desktop/projet_ajc/TP3_FSM/TP3_FSM.runs/synth_1/runme.log
[Wed Jul  8 19:06:34 2026] Launched impl_1...
Run output will be captured here: C:/Users/33651/Desktop/projet_ajc/TP3_FSM/TP3_FSM.runs/impl_1/runme.log
set_property PROBES.FILE {} [get_hw_devices xc7z010_1]
set_property FULL_PROBES.FILE {} [get_hw_devices xc7z010_1]
set_property PROGRAM.FILE {C:/Users/33651/Desktop/projet_ajc/TP3_FSM/TP3_FSM.runs/impl_1/tp_fsm.bit} [get_hw_devices xc7z010_1]
program_hw_devices [get_hw_devices xc7z010_1]
INFO: [Labtools 27-3164] End of startup status: HIGH
refresh_hw_device [lindex [get_hw_devices xc7z010_1] 0]
INFO: [Labtools 27-1434] Device xc7z010 (JTAG device index = 1) is programmed with a design that has no supported debug core(s) in it.
reset_run synth_1
WARNING: [Vivado 12-1017] Problems encountered:
1. Failed to delete one or more files in run directory C:/Users/33651/Desktop/projet_ajc/TP3_FSM/TP3_FSM.runs/synth_1

launch_runs impl_1 -to_step write_bitstream -jobs 8
[Wed Jul  8 19:09:20 2026] Launched synth_1...
Run output will be captured here: C:/Users/33651/Desktop/projet_ajc/TP3_FSM/TP3_FSM.runs/synth_1/runme.log
[Wed Jul  8 19:09:20 2026] Launched impl_1...
Run output will be captured here: C:/Users/33651/Desktop/projet_ajc/TP3_FSM/TP3_FSM.runs/impl_1/runme.log
set_property PROBES.FILE {} [get_hw_devices xc7z010_1]
set_property FULL_PROBES.FILE {} [get_hw_devices xc7z010_1]
set_property PROGRAM.FILE {C:/Users/33651/Desktop/projet_ajc/TP3_FSM/TP3_FSM.runs/impl_1/tp_fsm.bit} [get_hw_devices xc7z010_1]
program_hw_devices [get_hw_devices xc7z010_1]
INFO: [Labtools 27-3164] End of startup status: HIGH
refresh_hw_device [lindex [get_hw_devices xc7z010_1] 0]
INFO: [Labtools 27-1434] Device xc7z010 (JTAG device index = 1) is programmed with a design that has no supported debug core(s) in it.
reset_run synth_1
WARNING: [Vivado 12-1017] Problems encountered:
1. Failed to delete one or more files in run directory C:/Users/33651/Desktop/projet_ajc/TP3_FSM/TP3_FSM.runs/synth_1

launch_runs impl_1 -to_step write_bitstream -jobs 8
[Wed Jul  8 19:13:42 2026] Launched synth_1...
Run output will be captured here: C:/Users/33651/Desktop/projet_ajc/TP3_FSM/TP3_FSM.runs/synth_1/runme.log
[Wed Jul  8 19:13:42 2026] Launched impl_1...
Run output will be captured here: C:/Users/33651/Desktop/projet_ajc/TP3_FSM/TP3_FSM.runs/impl_1/runme.log
set_property PROBES.FILE {} [get_hw_devices xc7z010_1]
set_property FULL_PROBES.FILE {} [get_hw_devices xc7z010_1]
set_property PROGRAM.FILE {C:/Users/33651/Desktop/projet_ajc/TP3_FSM/TP3_FSM.runs/impl_1/tp_fsm.bit} [get_hw_devices xc7z010_1]
program_hw_devices [get_hw_devices xc7z010_1]
INFO: [Labtools 27-3164] End of startup status: HIGH
refresh_hw_device [lindex [get_hw_devices xc7z010_1] 0]
INFO: [Labtools 27-1434] Device xc7z010 (JTAG device index = 1) is programmed with a design that has no supported debug core(s) in it.
ERROR: [Labtoolstcl 44-513] HW Target shutdown. Closing target: localhost:3121/xilinx_tcf/Digilent/210370AD525DA
