#-----------------------------------------------------------
# Vivado v2020.2 (64-bit)
# SW Build 3064766 on Wed Nov 18 09:12:45 MST 2020
# IP Build 3064653 on Wed Nov 18 14:17:31 MST 2020
# Start of session at: Wed Jul  8 15:25:30 2026
# Process ID: 3760
# Current directory: C:/Users/33651/Desktop/projet_ajc/TP3_FSM
# Command line: vivado.exe -gui_launcher_event rodinguilauncherevent22548 C:\Users\33651\Desktop\projet_ajc\TP3_FSM\TP3_FSM.xpr
# Log file: C:/Users/33651/Desktop/projet_ajc/TP3_FSM/vivado.log
# Journal file: C:/Users/33651/Desktop/projet_ajc/TP3_FSM\vivado.jou
#-----------------------------------------------------------
start_gui
open_project C:/Users/33651/Desktop/projet_ajc/TP3_FSM/TP3_FSM.xpr
WARNING: [filemgmt 56-3] Default IP Output Path : Could not find the directory 'C:/Users/33651/Desktop/projet_ajc/TP3_FSM/TP3_FSM.gen/sources_1'.
Scanning sources...
Finished scanning sources
INFO: [IP_Flow 19-234] Refreshing IP repositories
INFO: [IP_Flow 19-1704] No user IP repositories specified
INFO: [IP_Flow 19-2313] Loaded Vivado IP repository 'F:/vivado_2020.2/Vivado/2020.2/data/ip'.
update_compile_order -fileset sources_1
launch_simulation
Command: launch_simulation 
INFO: [Vivado 12-5682] Launching behavioral simulation in 'C:/Users/33651/Desktop/projet_ajc/TP3_FSM/TP3_FSM.sim/sim_1/behav/xsim'
INFO: [SIM-utils-51] Simulation object is 'sim_1'
INFO: [SIM-utils-54] Inspecting design source files for 'tb_tp_fsm' in fileset 'sim_1'...
INFO: [USF-XSim-97] Finding global include files...
INFO: [USF-XSim-98] Fetching design files from 'sim_1'...
INFO: [USF-XSim-2] XSim::Compile design
INFO: [USF-XSim-61] Executing 'COMPILE and ANALYZE' step in 'C:/Users/33651/Desktop/projet_ajc/TP3_FSM/TP3_FSM.sim/sim_1/behav/xsim'
"xvhdl --incr --relax -prj tb_tp_fsm_vhdl.prj"
INFO: [VRFC 10-163] Analyzing VHDL file "C:/Users/33651/Desktop/projet_ajc/TP3_FSM/TP3_FSM.srcs/sources_1/new/tp_fsm.vhd" into library xil_defaultlib
INFO: [VRFC 10-3107] analyzing entity 'tp_fsm'
INFO: [USF-XSim-69] 'compile' step finished in '1' seconds
INFO: [USF-XSim-3] XSim::Elaborate design
INFO: [USF-XSim-61] Executing 'ELABORATE' step in 'C:/Users/33651/Desktop/projet_ajc/TP3_FSM/TP3_FSM.sim/sim_1/behav/xsim'
"xelab -wto 75dea1669dca4fcaa158698bbd52aa9c --incr --debug typical --relax --mt 2 -L xil_defaultlib -L secureip --snapshot tb_tp_fsm_behav xil_defaultlib.tb_tp_fsm -log elaborate.log"
Vivado Simulator 2020.2
Copyright 1986-1999, 2001-2020 Xilinx, Inc. All Rights Reserved.
Running: F:/vivado_2020.2/Vivado/2020.2/bin/unwrapped/win64.o/xelab.exe -wto 75dea1669dca4fcaa158698bbd52aa9c --incr --debug typical --relax --mt 2 -L xil_defaultlib -L secureip --snapshot tb_tp_fsm_behav xil_defaultlib.tb_tp_fsm -log elaborate.log 
Using 2 slave threads.
Starting static elaboration
Completed static elaboration
Starting simulation data flow analysis
Completed simulation data flow analysis
Time Resolution for simulation is 1ps
Compiling package std.standard
Compiling package std.textio
Compiling package ieee.std_logic_1164
Compiling package ieee.std_logic_arith
Compiling package ieee.std_logic_unsigned
Compiling architecture behavioral of entity xil_defaultlib.Counter_Unit [\Counter_Unit(0,27)\]
Compiling architecture behavioral of entity xil_defaultlib.tp_fsm [\tp_fsm(0,27)\]
Compiling architecture behavioral of entity xil_defaultlib.tb_tp_fsm
Built simulation snapshot tb_tp_fsm_behav

****** Webtalk v2020.2 (64-bit)
  **** SW Build 3064766 on Wed Nov 18 09:12:45 MST 2020
  **** IP Build 3064653 on Wed Nov 18 14:17:31 MST 2020
    ** Copyright 1986-2020 Xilinx, Inc. All Rights Reserved.

source C:/Users/33651/Desktop/projet_ajc/TP3_FSM/TP3_FSM.sim/sim_1/behav/xsim/xsim.dir/tb_tp_fsm_behav/webtalk/xsim_webtalk.tcl -notrace
INFO: [Common 17-206] Exiting Webtalk at Wed Jul  8 15:26:00 2026...
INFO: [USF-XSim-69] 'elaborate' step finished in '4' seconds
INFO: [USF-XSim-4] XSim::Simulate design
INFO: [USF-XSim-61] Executing 'SIMULATE' step in 'C:/Users/33651/Desktop/projet_ajc/TP3_FSM/TP3_FSM.sim/sim_1/behav/xsim'
INFO: [USF-XSim-98] *** Running xsim
   with args "tb_tp_fsm_behav -key {Behavioral:sim_1:Functional:tb_tp_fsm} -tclbatch {tb_tp_fsm.tcl} -log {simulate.log}"
INFO: [USF-XSim-8] Loading simulator feature
Vivado Simulator 2020.2
Time resolution is 1 ps
source tb_tp_fsm.tcl
# set curr_wave [current_wave_config]
# if { [string length $curr_wave] == 0 } {
#   if { [llength [get_objects]] > 0} {
#     add_wave /
#     set_property needs_save false [current_wave_config]
#   } else {
#      send_msg_id Add_Wave-1 WARNING "No top level signals found. Simulator will start without a wave window. If you want to open a wave window go to 'File->New Waveform Configuration' or type 'create_wave_config' in the TCL console."
#   }
# }
# run 1000ns
INFO: [USF-XSim-96] XSim completed. Design snapshot 'tb_tp_fsm_behav' loaded.
INFO: [USF-XSim-97] XSim simulation ran for 1000ns
launch_simulation: Time (s): cpu = 00:00:06 ; elapsed = 00:00:09 . Memory (MB): peak = 1011.844 ; gain = 0.000
run all
run: Time (s): cpu = 00:00:46 ; elapsed = 00:00:39 . Memory (MB): peak = 1011.844 ; gain = 0.000
launch_simulation -mode post-implementation -type timing
Command: launch_simulation -mode post-implementation -type timing
INFO: [Vivado 12-5682] Launching post-implementation timing simulation in 'C:/Users/33651/Desktop/projet_ajc/TP3_FSM/TP3_FSM.sim/sim_1/impl/timing/xsim'
INFO: [SIM-utils-51] Simulation object is 'sim_1'
INFO: [Device 21-403] Loading part xc7z010clg400-1
Netlist sorting complete. Time (s): cpu = 00:00:00 ; elapsed = 00:00:00 . Memory (MB): peak = 1135.902 ; gain = 0.000
INFO: [Project 1-479] Netlist was created with Vivado 2020.2
INFO: [Project 1-570] Preparing netlist for logic optimization
INFO: [Timing 38-478] Restoring timing data from binary archive.
INFO: [Timing 38-479] Binary timing data restore complete.
INFO: [Project 1-856] Restoring constraints from binary archive.
INFO: [Project 1-853] Binary constraint restore complete.
Reading XDEF placement.
Reading placer database...
Reading XDEF routing.
Read XDEF File: Time (s): cpu = 00:00:00 ; elapsed = 00:00:00.039 . Memory (MB): peak = 1759.445 ; gain = 0.000
Restored from archive | CPU: 0.000000 secs | Memory: 0.000000 MB |
Finished XDEF File Restore: Time (s): cpu = 00:00:00 ; elapsed = 00:00:00.040 . Memory (MB): peak = 1759.445 ; gain = 0.000
Netlist sorting complete. Time (s): cpu = 00:00:00 ; elapsed = 00:00:00 . Memory (MB): peak = 1759.445 ; gain = 0.000
INFO: [Project 1-111] Unisim Transformation Summary:
No Unisim elements were transformed.

open_run: Time (s): cpu = 00:00:22 ; elapsed = 00:00:16 . Memory (MB): peak = 1898.031 ; gain = 886.188
INFO: [SIM-utils-31] Writing simulation netlist file for design 'impl_1'...
INFO: [SIM-utils-32] write_verilog -mode timesim -nolib -sdf_anno true -force -file "C:/Users/33651/Desktop/projet_ajc/TP3_FSM/TP3_FSM.sim/sim_1/impl/timing/xsim/tb_tp_fsm_time_impl.v"
INFO: [SIM-utils-34] Writing SDF file...
INFO: [SIM-utils-35] write_sdf -mode timesim -process_corner slow -force -file "C:/Users/33651/Desktop/projet_ajc/TP3_FSM/TP3_FSM.sim/sim_1/impl/timing/xsim/tb_tp_fsm_time_impl.sdf"
INFO: [SIM-utils-36] Netlist generated:C:/Users/33651/Desktop/projet_ajc/TP3_FSM/TP3_FSM.sim/sim_1/impl/timing/xsim/tb_tp_fsm_time_impl.v
INFO: [SIM-utils-37] SDF generated:C:/Users/33651/Desktop/projet_ajc/TP3_FSM/TP3_FSM.sim/sim_1/impl/timing/xsim/tb_tp_fsm_time_impl.sdf
INFO: [SIM-utils-54] Inspecting design source files for 'tb_tp_fsm' in fileset 'sim_1'...
INFO: [USF-XSim-2] XSim::Compile design
INFO: [USF-XSim-61] Executing 'COMPILE and ANALYZE' step in 'C:/Users/33651/Desktop/projet_ajc/TP3_FSM/TP3_FSM.sim/sim_1/impl/timing/xsim'
"xvlog --incr --relax -prj tb_tp_fsm_vlog.prj"
INFO: [VRFC 10-2263] Analyzing Verilog file "C:/Users/33651/Desktop/projet_ajc/TP3_FSM/TP3_FSM.sim/sim_1/impl/timing/xsim/tb_tp_fsm_time_impl.v" into library xil_defaultlib
INFO: [VRFC 10-311] analyzing module tp_fsm
INFO: [VRFC 10-311] analyzing module glbl
"xvhdl --incr --relax -prj tb_tp_fsm_vhdl.prj"
INFO: [USF-XSim-69] 'compile' step finished in '2' seconds
INFO: [USF-XSim-3] XSim::Elaborate design
INFO: [USF-XSim-61] Executing 'ELABORATE' step in 'C:/Users/33651/Desktop/projet_ajc/TP3_FSM/TP3_FSM.sim/sim_1/impl/timing/xsim'
"xelab -wto 75dea1669dca4fcaa158698bbd52aa9c --incr --debug typical --relax --mt 2 --maxdelay -L xil_defaultlib -L simprims_ver -L secureip --snapshot tb_tp_fsm_time_impl -transport_int_delays -pulse_r 0 -pulse_int_r 0 -pulse_e 0 -pulse_int_e 0 xil_defaultlib.tb_tp_fsm xil_defaultlib.glbl -log elaborate.log"
Vivado Simulator 2020.2
Copyright 1986-1999, 2001-2020 Xilinx, Inc. All Rights Reserved.
Running: F:/vivado_2020.2/Vivado/2020.2/bin/unwrapped/win64.o/xelab.exe -wto 75dea1669dca4fcaa158698bbd52aa9c --incr --debug typical --relax --mt 2 --maxdelay -L xil_defaultlib -L simprims_ver -L secureip --snapshot tb_tp_fsm_time_impl -transport_int_delays -pulse_r 0 -pulse_int_r 0 -pulse_e 0 -pulse_int_e 0 xil_defaultlib.tb_tp_fsm xil_defaultlib.glbl -log elaborate.log 
Using 2 slave threads.
Starting static elaboration
Pass Through NonSizing Optimizer
Completed static elaboration
Starting simulation data flow analysis
Completed simulation data flow analysis
INFO: [XSIM 43-3451] SDF backannotation process started with SDF file "tb_tp_fsm_time_impl.sdf", for root module "tb_tp_fsm/dut".
INFO: [XSIM 43-3452] SDF backannotation was successful for SDF file "tb_tp_fsm_time_impl.sdf", for root module "tb_tp_fsm/dut".
Time Resolution for simulation is 1ps
Compiling package std.standard
Compiling package std.textio
Compiling package ieee.std_logic_1164
Compiling package vl.vl_types
Compiling module xil_defaultlib.glbl
Compiling module simprims_ver.BUFG
Compiling module simprims_ver.IBUF
Compiling module simprims_ver.FDCE_default
Compiling module simprims_ver.OBUF
Compiling module simprims_ver.x_lut1_mux2
Compiling module simprims_ver.LUT1(INIT=2'b01)
Compiling module xil_defaultlib.tp_fsm
Compiling architecture behavioral of entity xil_defaultlib.tb_tp_fsm
Built simulation snapshot tb_tp_fsm_time_impl
INFO: [USF-XSim-69] 'elaborate' step finished in '2' seconds
INFO: [USF-XSim-4] XSim::Simulate design
INFO: [USF-XSim-61] Executing 'SIMULATE' step in 'C:/Users/33651/Desktop/projet_ajc/TP3_FSM/TP3_FSM.sim/sim_1/impl/timing/xsim'
INFO: [USF-XSim-98] *** Running xsim
   with args "tb_tp_fsm_time_impl -key {Post-Implementation:sim_1:Timing:tb_tp_fsm} -tclbatch {tb_tp_fsm.tcl} -log {simulate.log}"
INFO: [USF-XSim-8] Loading simulator feature
Vivado Simulator 2020.2
Time resolution is 1 ps
source tb_tp_fsm.tcl
# set curr_wave [current_wave_config]
# if { [string length $curr_wave] == 0 } {
#   if { [llength [get_objects]] > 0} {
#     add_wave /
#     set_property needs_save false [current_wave_config]
#   } else {
#      send_msg_id Add_Wave-1 WARNING "No top level signals found. Simulator will start without a wave window. If you want to open a wave window go to 'File->New Waveform Configuration' or type 'create_wave_config' in the TCL console."
#   }
# }
# run 1000ns
INFO: [USF-XSim-96] XSim completed. Design snapshot 'tb_tp_fsm_time_impl' loaded.
INFO: [USF-XSim-97] XSim simulation ran for 1000ns
launch_simulation: Time (s): cpu = 00:00:30 ; elapsed = 00:00:25 . Memory (MB): peak = 1958.977 ; gain = 947.133
run all
run: Time (s): cpu = 00:00:51 ; elapsed = 00:00:40 . Memory (MB): peak = 1963.535 ; gain = 4.559
launch_simulation -mode post-synthesis -type functional
Command: launch_simulation -mode post-synthesis -type functional
INFO: [Vivado 12-5682] Launching post-synthesis functional simulation in 'C:/Users/33651/Desktop/projet_ajc/TP3_FSM/TP3_FSM.sim/sim_1/synth/func/xsim'
INFO: [SIM-utils-51] Simulation object is 'sim_1'
Design is defaulting to impl run constrset: constrs_1
Design is defaulting to synth run part: xc7z010clg400-1
Netlist sorting complete. Time (s): cpu = 00:00:00 ; elapsed = 00:00:00 . Memory (MB): peak = 1963.535 ; gain = 0.000
INFO: [Project 1-479] Netlist was created with Vivado 2020.2
INFO: [Project 1-570] Preparing netlist for logic optimization
Parsing XDC File [C:/Users/33651/Desktop/projet_ajc/TP3_FSM/TP3_FSM.srcs/constrs_1/new/pin.xdc]
Finished Parsing XDC File [C:/Users/33651/Desktop/projet_ajc/TP3_FSM/TP3_FSM.srcs/constrs_1/new/pin.xdc]
INFO: [Opt 31-138] Pushed 0 inverter(s) to 0 load pin(s).
Netlist sorting complete. Time (s): cpu = 00:00:00 ; elapsed = 00:00:00 . Memory (MB): peak = 2000.020 ; gain = 0.000
INFO: [Project 1-111] Unisim Transformation Summary:
No Unisim elements were transformed.

INFO: [SIM-utils-24] Writing simulation netlist file for design 'synth_1'...
INFO: [SIM-utils-25] write_verilog -mode funcsim -nolib -force -file "C:/Users/33651/Desktop/projet_ajc/TP3_FSM/TP3_FSM.sim/sim_1/synth/func/xsim/tb_tp_fsm_func_synth.v"
INFO: [SIM-utils-36] Netlist generated:C:/Users/33651/Desktop/projet_ajc/TP3_FSM/TP3_FSM.sim/sim_1/synth/func/xsim/tb_tp_fsm_func_synth.v
INFO: [SIM-utils-54] Inspecting design source files for 'tb_tp_fsm' in fileset 'sim_1'...
INFO: [USF-XSim-2] XSim::Compile design
INFO: [USF-XSim-61] Executing 'COMPILE and ANALYZE' step in 'C:/Users/33651/Desktop/projet_ajc/TP3_FSM/TP3_FSM.sim/sim_1/synth/func/xsim'
"xvlog --incr --relax -prj tb_tp_fsm_vlog.prj"
INFO: [VRFC 10-2263] Analyzing Verilog file "C:/Users/33651/Desktop/projet_ajc/TP3_FSM/TP3_FSM.sim/sim_1/synth/func/xsim/tb_tp_fsm_func_synth.v" into library xil_defaultlib
INFO: [VRFC 10-311] analyzing module tp_fsm
INFO: [VRFC 10-311] analyzing module glbl
"xvhdl --incr --relax -prj tb_tp_fsm_vhdl.prj"
INFO: [VRFC 10-163] Analyzing VHDL file "C:/Users/33651/Desktop/projet_ajc/TP3_FSM/TP3_FSM.srcs/sim_1/new/tb_tp_fsm.vhd" into library xil_defaultlib
INFO: [VRFC 10-3107] analyzing entity 'tb_tp_fsm'
INFO: [USF-XSim-69] 'compile' step finished in '2' seconds
INFO: [USF-XSim-3] XSim::Elaborate design
INFO: [USF-XSim-61] Executing 'ELABORATE' step in 'C:/Users/33651/Desktop/projet_ajc/TP3_FSM/TP3_FSM.sim/sim_1/synth/func/xsim'
"xelab -wto 75dea1669dca4fcaa158698bbd52aa9c --incr --debug typical --relax --mt 2 -L xil_defaultlib -L unisims_ver -L secureip --snapshot tb_tp_fsm_func_synth xil_defaultlib.tb_tp_fsm xil_defaultlib.glbl -log elaborate.log"
Vivado Simulator 2020.2
Copyright 1986-1999, 2001-2020 Xilinx, Inc. All Rights Reserved.
Running: F:/vivado_2020.2/Vivado/2020.2/bin/unwrapped/win64.o/xelab.exe -wto 75dea1669dca4fcaa158698bbd52aa9c --incr --debug typical --relax --mt 2 -L xil_defaultlib -L unisims_ver -L secureip --snapshot tb_tp_fsm_func_synth xil_defaultlib.tb_tp_fsm xil_defaultlib.glbl -log elaborate.log 
Using 2 slave threads.
Starting static elaboration
Pass Through NonSizing Optimizer
Completed static elaboration
Starting simulation data flow analysis
Completed simulation data flow analysis
Time Resolution for simulation is 1ps
Compiling package std.standard
Compiling package std.textio
Compiling package ieee.std_logic_1164
Compiling package vl.vl_types
Compiling module xil_defaultlib.glbl
Compiling module unisims_ver.BUFG
Compiling module unisims_ver.IBUF
Compiling module unisims_ver.FDCE_default
Compiling module unisims_ver.OBUF
Compiling module unisims_ver.x_lut1_mux2
Compiling module unisims_ver.LUT1(INIT=2'b01)
Compiling module xil_defaultlib.tp_fsm
Compiling architecture behavioral of entity xil_defaultlib.tb_tp_fsm
Built simulation snapshot tb_tp_fsm_func_synth

****** Webtalk v2020.2 (64-bit)
  **** SW Build 3064766 on Wed Nov 18 09:12:45 MST 2020
  **** IP Build 3064653 on Wed Nov 18 14:17:31 MST 2020
    ** Copyright 1986-2020 Xilinx, Inc. All Rights Reserved.

source C:/Users/33651/Desktop/projet_ajc/TP3_FSM/TP3_FSM.sim/sim_1/synth/func/xsim/xsim.dir/tb_tp_fsm_func_synth/webtalk/xsim_webtalk.tcl -notrace
INFO: [Common 17-206] Exiting Webtalk at Wed Jul  8 15:29:43 2026...
INFO: [USF-XSim-69] 'elaborate' step finished in '5' seconds
INFO: [USF-XSim-4] XSim::Simulate design
INFO: [USF-XSim-61] Executing 'SIMULATE' step in 'C:/Users/33651/Desktop/projet_ajc/TP3_FSM/TP3_FSM.sim/sim_1/synth/func/xsim'
INFO: [USF-XSim-98] *** Running xsim
   with args "tb_tp_fsm_func_synth -key {Post-Synthesis:sim_1:Functional:tb_tp_fsm} -tclbatch {tb_tp_fsm.tcl} -log {simulate.log}"
INFO: [USF-XSim-8] Loading simulator feature
Vivado Simulator 2020.2
Time resolution is 1 ps
source tb_tp_fsm.tcl
# set curr_wave [current_wave_config]
# if { [string length $curr_wave] == 0 } {
#   if { [llength [get_objects]] > 0} {
#     add_wave /
#     set_property needs_save false [current_wave_config]
#   } else {
#      send_msg_id Add_Wave-1 WARNING "No top level signals found. Simulator will start without a wave window. If you want to open a wave window go to 'File->New Waveform Configuration' or type 'create_wave_config' in the TCL console."
#   }
# }
# run 1000ns
INFO: [USF-XSim-96] XSim completed. Design snapshot 'tb_tp_fsm_func_synth' loaded.
INFO: [USF-XSim-97] XSim simulation ran for 1000ns
launch_simulation: Time (s): cpu = 00:00:09 ; elapsed = 00:00:13 . Memory (MB): peak = 2104.918 ; gain = 141.383
run all
run: Time (s): cpu = 00:00:46 ; elapsed = 00:00:31 . Memory (MB): peak = 2613.156 ; gain = 508.238
current_sim simulation_1
close_sim
INFO: [Simtcl 6-16] Simulation closed
launch_simulation
Command: launch_simulation 
boost::filesystem::remove: Le processus ne peut pas accéder au fichier car ce fichier est utilisé par un autre processus: "C:/Users/33651/Desktop/projet_ajc/TP3_FSM/TP3_FSM.sim/sim_1/behav/xsim/simulate.log"
reset_run synth_1
WARNING: [Vivado 12-1017] Problems encountered:
1. Failed to delete one or more files in run directory C:/Users/33651/Desktop/projet_ajc/TP3_FSM/TP3_FSM.runs/synth_1

launch_runs synth_1 -jobs 8
[Wed Jul  8 15:31:56 2026] Launched synth_1...
Run output will be captured here: C:/Users/33651/Desktop/projet_ajc/TP3_FSM/TP3_FSM.runs/synth_1/runme.log
set_property target_constrs_file C:/Users/33651/Desktop/projet_ajc/TP3_FSM/TP3_FSM.srcs/constrs_1/new/pin.xdc [current_fileset -constrset]
INFO: [Timing 38-35] Done setting XDC timing constraints.
update_compile_order -fileset sources_1
update_compile_order -fileset sources_1
update_compile_order -fileset sources_1
reset_run synth_1
WARNING: [Vivado 12-1017] Problems encountered:
1. Failed to delete one or more files in run directory C:/Users/33651/Desktop/projet_ajc/TP3_FSM/TP3_FSM.runs/synth_1

launch_runs synth_1 -jobs 8
[Wed Jul  8 15:36:57 2026] Launched synth_1...
Run output will be captured here: C:/Users/33651/Desktop/projet_ajc/TP3_FSM/TP3_FSM.runs/synth_1/runme.log
close_design
launch_simulation
Command: launch_simulation 
boost::filesystem::remove: Le processus ne peut pas accéder au fichier car ce fichier est utilisé par un autre processus: "C:/Users/33651/Desktop/projet_ajc/TP3_FSM/TP3_FSM.sim/sim_1/behav/xsim/simulate.log"
current_sim simulation_3
close_sim
INFO: [Simtcl 6-16] Simulation closed
close_sim
INFO: [Simtcl 6-16] Simulation closed
exit
INFO: [Common 17-206] Exiting Vivado at Wed Jul  8 15:38:20 2026...
