Copyright 1986-2020 Xilinx, Inc. All Rights Reserved.
-----------------------------------------------------------------------------------------------------------------------------------------------------------------------------------------
| Tool Version : Vivado v.2020.2 (win64) Build 3064766 Wed Nov 18 09:12:45 MST 2020
| Date         : Thu Jul  9 11:42:23 2026
| Host         : LAPTOP-9066CLLC running 64-bit major release  (build 9200)
| Command      : report_timing_summary -max_paths 10 -file tp_fsm_timing_summary_routed.rpt -pb tp_fsm_timing_summary_routed.pb -rpx tp_fsm_timing_summary_routed.rpx -warn_on_violation
| Design       : tp_fsm
| Device       : 7z010-clg400
| Speed File   : -1  PRODUCTION 1.12 2019-11-22
-----------------------------------------------------------------------------------------------------------------------------------------------------------------------------------------

Timing Summary Report

------------------------------------------------------------------------------------------------
| Timer Settings
| --------------
------------------------------------------------------------------------------------------------

  Enable Multi Corner Analysis               :  Yes
  Enable Pessimism Removal                   :  Yes
  Pessimism Removal Resolution               :  Nearest Common Node
  Enable Input Delay Default Clock           :  No
  Enable Preset / Clear Arcs                 :  No
  Disable Flight Delays                      :  No
  Ignore I/O Paths                           :  No
  Timing Early Launch at Borrowing Latches   :  No
  Borrow Time for Max Delay Exceptions       :  Yes
  Merge Timing Exceptions                    :  Yes

  Corner  Analyze    Analyze    
  Name    Max Paths  Min Paths  
  ------  ---------  ---------  
  Slow    Yes        Yes        
  Fast    Yes        Yes        



check_timing report

Table of Contents
-----------------
1. checking no_clock (0)
2. checking constant_clock (0)
3. checking pulse_width_clock (0)
4. checking unconstrained_internal_endpoints (0)
5. checking no_input_delay (1)
6. checking no_output_delay (3)
7. checking multiple_clock (0)
8. checking generated_clocks (0)
9. checking loops (0)
10. checking partial_input_delay (0)
11. checking partial_output_delay (0)
12. checking latch_loops (0)

1. checking no_clock (0)
------------------------
 There are 0 register/latch pins with no clock.


2. checking constant_clock (0)
------------------------------
 There are 0 register/latch pins with constant_clock.


3. checking pulse_width_clock (0)
---------------------------------
 There are 0 register/latch pins which need pulse_width check


4. checking unconstrained_internal_endpoints (0)
------------------------------------------------
 There are 0 pins that are not constrained for maximum delay.

 There are 0 pins that are not constrained for maximum delay due to constant clock.


5. checking no_input_delay (1)
------------------------------
 There is 1 input port with no input delay specified. (HIGH)

 There are 0 input ports with no input delay but user has a false path constraint.


6. checking no_output_delay (3)
-------------------------------
 There are 3 ports with no output delay specified. (HIGH)

 There are 0 ports with no output delay but user has a false path constraint

 There are 0 ports with no output delay but with a timing clock defined on it or propagating through it


7. checking multiple_clock (0)
------------------------------
 There are 0 register/latch pins with multiple clocks.


8. checking generated_clocks (0)
--------------------------------
 There are 0 generated clocks that are not connected to a clock source.


9. checking loops (0)
---------------------
 There are 0 combinational loops in the design.


10. checking partial_input_delay (0)
------------------------------------
 There are 0 input ports with partial input delay specified.


11. checking partial_output_delay (0)
-------------------------------------
 There are 0 ports with partial output delay specified.


12. checking latch_loops (0)
----------------------------
 There are 0 combinational latch loops in the design through latch input



------------------------------------------------------------------------------------------------
| Design Timing Summary
| ---------------------
------------------------------------------------------------------------------------------------

    WNS(ns)      TNS(ns)  TNS Failing Endpoints  TNS Total Endpoints      WHS(ns)      THS(ns)  THS Failing Endpoints  THS Total Endpoints     WPWS(ns)     TPWS(ns)  TPWS Failing Endpoints  TPWS Total Endpoints  
    -------      -------  ---------------------  -------------------      -------      -------  ---------------------  -------------------     --------     --------  ----------------------  --------------------  
      5.880        0.000                      0                   57        0.262        0.000                      0                   57        4.500        0.000                       0                    32  


All user specified timing constraints are met.


------------------------------------------------------------------------------------------------
| Clock Summary
| -------------
------------------------------------------------------------------------------------------------

Clock  Waveform(ns)       Period(ns)      Frequency(MHz)
-----  ------------       ----------      --------------
clk    {0.000 5.000}      10.000          100.000         


------------------------------------------------------------------------------------------------
| Intra Clock Table
| -----------------
------------------------------------------------------------------------------------------------

Clock             WNS(ns)      TNS(ns)  TNS Failing Endpoints  TNS Total Endpoints      WHS(ns)      THS(ns)  THS Failing Endpoints  THS Total Endpoints     WPWS(ns)     TPWS(ns)  TPWS Failing Endpoints  TPWS Total Endpoints  
-----             -------      -------  ---------------------  -------------------      -------      -------  ---------------------  -------------------     --------     --------  ----------------------  --------------------  
clk                 5.880        0.000                      0                   57        0.262        0.000                      0                   57        4.500        0.000                       0                    32  


------------------------------------------------------------------------------------------------
| Inter Clock Table
| -----------------
------------------------------------------------------------------------------------------------

From Clock    To Clock          WNS(ns)      TNS(ns)  TNS Failing Endpoints  TNS Total Endpoints      WHS(ns)      THS(ns)  THS Failing Endpoints  THS Total Endpoints  
----------    --------          -------      -------  ---------------------  -------------------      -------      -------  ---------------------  -------------------  


------------------------------------------------------------------------------------------------
| Other Path Groups Table
| -----------------------
------------------------------------------------------------------------------------------------

Path Group    From Clock    To Clock          WNS(ns)      TNS(ns)  TNS Failing Endpoints  TNS Total Endpoints      WHS(ns)      THS(ns)  THS Failing Endpoints  THS Total Endpoints  
----------    ----------    --------          -------      -------  ---------------------  -------------------      -------      -------  ---------------------  -------------------  


------------------------------------------------------------------------------------------------
| Timing Details
| --------------
------------------------------------------------------------------------------------------------


---------------------------------------------------------------------------------------------------
From Clock:  clk
  To Clock:  clk

Setup :            0  Failing Endpoints,  Worst Slack        5.880ns,  Total Violation        0.000ns
Hold  :            0  Failing Endpoints,  Worst Slack        0.262ns,  Total Violation        0.000ns
PW    :            0  Failing Endpoints,  Worst Slack        4.500ns,  Total Violation        0.000ns
---------------------------------------------------------------------------------------------------


Max Delay Paths
--------------------------------------------------------------------------------------
Slack (MET) :             5.880ns  (required time - arrival time)
  Source:                 uut/Din_reg[7]/C
                            (rising edge-triggered cell FDRE clocked by clk  {rise@0.000ns fall@5.000ns period=10.000ns})
  Destination:            uut/Din_reg[13]/R
                            (rising edge-triggered cell FDRE clocked by clk  {rise@0.000ns fall@5.000ns period=10.000ns})
  Path Group:             clk
  Path Type:              Setup (Max at Slow Process Corner)
  Requirement:            10.000ns  (clk rise@10.000ns - clk rise@0.000ns)
  Data Path Delay:        3.630ns  (logic 0.828ns (22.811%)  route 2.802ns (77.189%))
  Logic Levels:           3  (LUT5=1 LUT6=2)
  Clock Path Skew:        -0.026ns (DCD - SCD + CPR)
    Destination Clock Delay (DCD):    4.913ns = ( 14.913 - 10.000 ) 
    Source Clock Delay      (SCD):    5.367ns
    Clock Pessimism Removal (CPR):    0.429ns
  Clock Uncertainty:      0.035ns  ((TSJ^2 + TIJ^2)^1/2 + DJ) / 2 + PE
    Total System Jitter     (TSJ):    0.071ns
    Total Input Jitter      (TIJ):    0.000ns
    Discrete Jitter          (DJ):    0.000ns
    Phase Error              (PE):    0.000ns

    Location             Delay type                Incr(ns)  Path(ns)    Netlist Resource(s)
  -------------------------------------------------------------------    -------------------
                         (clock clk rise edge)        0.000     0.000 r  
    H16                                               0.000     0.000 r  clk (IN)
                         net (fo=0)                   0.000     0.000    clk
    H16                  IBUF (Prop_ibuf_I_O)         1.457     1.457 r  clk_IBUF_inst/O
                         net (fo=1, routed)           2.076     3.533    clk_IBUF
    BUFGCTRL_X0Y16       BUFG (Prop_bufg_I_O)         0.101     3.634 r  clk_IBUF_BUFG_inst/O
                         net (fo=31, routed)          1.733     5.367    uut/clk_IBUF_BUFG
    SLICE_X41Y65         FDRE                                         r  uut/Din_reg[7]/C
  -------------------------------------------------------------------    -------------------
    SLICE_X41Y65         FDRE (Prop_fdre_C_Q)         0.456     5.823 r  uut/Din_reg[7]/Q
                         net (fo=3, routed)           0.843     6.666    uut/Din[7]
    SLICE_X39Y66         LUT5 (Prop_lut5_I0_O)        0.124     6.790 f  uut/Din[25]_i_6/O
                         net (fo=2, routed)           0.967     7.757    uut/Din[25]_i_6_n_0
    SLICE_X40Y67         LUT6 (Prop_lut6_I5_O)        0.124     7.881 f  uut/Din[25]_i_3/O
                         net (fo=1, routed)           0.159     8.040    uut/Din[25]_i_3_n_0
    SLICE_X40Y67         LUT6 (Prop_lut6_I3_O)        0.124     8.164 r  uut/Din[25]_i_1/O
                         net (fo=26, routed)          0.833     8.997    uut/Din[25]_i_1_n_0
    SLICE_X41Y67         FDRE                                         r  uut/Din_reg[13]/R
  -------------------------------------------------------------------    -------------------

                         (clock clk rise edge)       10.000    10.000 r  
    H16                                               0.000    10.000 r  clk (IN)
                         net (fo=0)                   0.000    10.000    clk
    H16                  IBUF (Prop_ibuf_I_O)         1.387    11.387 r  clk_IBUF_inst/O
                         net (fo=1, routed)           1.880    13.267    clk_IBUF
    BUFGCTRL_X0Y16       BUFG (Prop_bufg_I_O)         0.091    13.358 r  clk_IBUF_BUFG_inst/O
                         net (fo=31, routed)          1.555    14.913    uut/clk_IBUF_BUFG
    SLICE_X41Y67         FDRE                                         r  uut/Din_reg[13]/C
                         clock pessimism              0.429    15.341    
                         clock uncertainty           -0.035    15.306    
    SLICE_X41Y67         FDRE (Setup_fdre_C_R)       -0.429    14.877    uut/Din_reg[13]
  -------------------------------------------------------------------
                         required time                         14.877    
                         arrival time                          -8.997    
  -------------------------------------------------------------------
                         slack                                  5.880    

Slack (MET) :             5.880ns  (required time - arrival time)
  Source:                 uut/Din_reg[7]/C
                            (rising edge-triggered cell FDRE clocked by clk  {rise@0.000ns fall@5.000ns period=10.000ns})
  Destination:            uut/Din_reg[14]/R
                            (rising edge-triggered cell FDRE clocked by clk  {rise@0.000ns fall@5.000ns period=10.000ns})
  Path Group:             clk
  Path Type:              Setup (Max at Slow Process Corner)
  Requirement:            10.000ns  (clk rise@10.000ns - clk rise@0.000ns)
  Data Path Delay:        3.630ns  (logic 0.828ns (22.811%)  route 2.802ns (77.189%))
  Logic Levels:           3  (LUT5=1 LUT6=2)
  Clock Path Skew:        -0.026ns (DCD - SCD + CPR)
    Destination Clock Delay (DCD):    4.913ns = ( 14.913 - 10.000 ) 
    Source Clock Delay      (SCD):    5.367ns
    Clock Pessimism Removal (CPR):    0.429ns
  Clock Uncertainty:      0.035ns  ((TSJ^2 + TIJ^2)^1/2 + DJ) / 2 + PE
    Total System Jitter     (TSJ):    0.071ns
    Total Input Jitter      (TIJ):    0.000ns
    Discrete Jitter          (DJ):    0.000ns
    Phase Error              (PE):    0.000ns

    Location             Delay type                Incr(ns)  Path(ns)    Netlist Resource(s)
  -------------------------------------------------------------------    -------------------
                         (clock clk rise edge)        0.000     0.000 r  
    H16                                               0.000     0.000 r  clk (IN)
                         net (fo=0)                   0.000     0.000    clk
    H16                  IBUF (Prop_ibuf_I_O)         1.457     1.457 r  clk_IBUF_inst/O
                         net (fo=1, routed)           2.076     3.533    clk_IBUF
    BUFGCTRL_X0Y16       BUFG (Prop_bufg_I_O)         0.101     3.634 r  clk_IBUF_BUFG_inst/O
                         net (fo=31, routed)          1.733     5.367    uut/clk_IBUF_BUFG
    SLICE_X41Y65         FDRE                                         r  uut/Din_reg[7]/C
  -------------------------------------------------------------------    -------------------
    SLICE_X41Y65         FDRE (Prop_fdre_C_Q)         0.456     5.823 r  uut/Din_reg[7]/Q
                         net (fo=3, routed)           0.843     6.666    uut/Din[7]
    SLICE_X39Y66         LUT5 (Prop_lut5_I0_O)        0.124     6.790 f  uut/Din[25]_i_6/O
                         net (fo=2, routed)           0.967     7.757    uut/Din[25]_i_6_n_0
    SLICE_X40Y67         LUT6 (Prop_lut6_I5_O)        0.124     7.881 f  uut/Din[25]_i_3/O
                         net (fo=1, routed)           0.159     8.040    uut/Din[25]_i_3_n_0
    SLICE_X40Y67         LUT6 (Prop_lut6_I3_O)        0.124     8.164 r  uut/Din[25]_i_1/O
                         net (fo=26, routed)          0.833     8.997    uut/Din[25]_i_1_n_0
    SLICE_X41Y67         FDRE                                         r  uut/Din_reg[14]/R
  -------------------------------------------------------------------    -------------------

                         (clock clk rise edge)       10.000    10.000 r  
    H16                                               0.000    10.000 r  clk (IN)
                         net (fo=0)                   0.000    10.000    clk
    H16                  IBUF (Prop_ibuf_I_O)         1.387    11.387 r  clk_IBUF_inst/O
                         net (fo=1, routed)           1.880    13.267    clk_IBUF
    BUFGCTRL_X0Y16       BUFG (Prop_bufg_I_O)         0.091    13.358 r  clk_IBUF_BUFG_inst/O
                         net (fo=31, routed)          1.555    14.913    uut/clk_IBUF_BUFG
    SLICE_X41Y67         FDRE                                         r  uut/Din_reg[14]/C
                         clock pessimism              0.429    15.341    
                         clock uncertainty           -0.035    15.306    
    SLICE_X41Y67         FDRE (Setup_fdre_C_R)       -0.429    14.877    uut/Din_reg[14]
  -------------------------------------------------------------------
                         required time                         14.877    
                         arrival time                          -8.997    
  -------------------------------------------------------------------
                         slack                                  5.880    

Slack (MET) :             5.880ns  (required time - arrival time)
  Source:                 uut/Din_reg[7]/C
                            (rising edge-triggered cell FDRE clocked by clk  {rise@0.000ns fall@5.000ns period=10.000ns})
  Destination:            uut/Din_reg[15]/R
                            (rising edge-triggered cell FDRE clocked by clk  {rise@0.000ns fall@5.000ns period=10.000ns})
  Path Group:             clk
  Path Type:              Setup (Max at Slow Process Corner)
  Requirement:            10.000ns  (clk rise@10.000ns - clk rise@0.000ns)
  Data Path Delay:        3.630ns  (logic 0.828ns (22.811%)  route 2.802ns (77.189%))
  Logic Levels:           3  (LUT5=1 LUT6=2)
  Clock Path Skew:        -0.026ns (DCD - SCD + CPR)
    Destination Clock Delay (DCD):    4.913ns = ( 14.913 - 10.000 ) 
    Source Clock Delay      (SCD):    5.367ns
    Clock Pessimism Removal (CPR):    0.429ns
  Clock Uncertainty:      0.035ns  ((TSJ^2 + TIJ^2)^1/2 + DJ) / 2 + PE
    Total System Jitter     (TSJ):    0.071ns
    Total Input Jitter      (TIJ):    0.000ns
    Discrete Jitter          (DJ):    0.000ns
    Phase Error              (PE):    0.000ns

    Location             Delay type                Incr(ns)  Path(ns)    Netlist Resource(s)
  -------------------------------------------------------------------    -------------------
                         (clock clk rise edge)        0.000     0.000 r  
    H16                                               0.000     0.000 r  clk (IN)
                         net (fo=0)                   0.000     0.000    clk
    H16                  IBUF (Prop_ibuf_I_O)         1.457     1.457 r  clk_IBUF_inst/O
                         net (fo=1, routed)           2.076     3.533    clk_IBUF
    BUFGCTRL_X0Y16       BUFG (Prop_bufg_I_O)         0.101     3.634 r  clk_IBUF_BUFG_inst/O
                         net (fo=31, routed)          1.733     5.367    uut/clk_IBUF_BUFG
    SLICE_X41Y65         FDRE                                         r  uut/Din_reg[7]/C
  -------------------------------------------------------------------    -------------------
    SLICE_X41Y65         FDRE (Prop_fdre_C_Q)         0.456     5.823 r  uut/Din_reg[7]/Q
                         net (fo=3, routed)           0.843     6.666    uut/Din[7]
    SLICE_X39Y66         LUT5 (Prop_lut5_I0_O)        0.124     6.790 f  uut/Din[25]_i_6/O
                         net (fo=2, routed)           0.967     7.757    uut/Din[25]_i_6_n_0
    SLICE_X40Y67         LUT6 (Prop_lut6_I5_O)        0.124     7.881 f  uut/Din[25]_i_3/O
                         net (fo=1, routed)           0.159     8.040    uut/Din[25]_i_3_n_0
    SLICE_X40Y67         LUT6 (Prop_lut6_I3_O)        0.124     8.164 r  uut/Din[25]_i_1/O
                         net (fo=26, routed)          0.833     8.997    uut/Din[25]_i_1_n_0
    SLICE_X41Y67         FDRE                                         r  uut/Din_reg[15]/R
  -------------------------------------------------------------------    -------------------

                         (clock clk rise edge)       10.000    10.000 r  
    H16                                               0.000    10.000 r  clk (IN)
                         net (fo=0)                   0.000    10.000    clk
    H16                  IBUF (Prop_ibuf_I_O)         1.387    11.387 r  clk_IBUF_inst/O
                         net (fo=1, routed)           1.880    13.267    clk_IBUF
    BUFGCTRL_X0Y16       BUFG (Prop_bufg_I_O)         0.091    13.358 r  clk_IBUF_BUFG_inst/O
                         net (fo=31, routed)          1.555    14.913    uut/clk_IBUF_BUFG
    SLICE_X41Y67         FDRE                                         r  uut/Din_reg[15]/C
                         clock pessimism              0.429    15.341    
                         clock uncertainty           -0.035    15.306    
    SLICE_X41Y67         FDRE (Setup_fdre_C_R)       -0.429    14.877    uut/Din_reg[15]
  -------------------------------------------------------------------
                         required time                         14.877    
                         arrival time                          -8.997    
  -------------------------------------------------------------------
                         slack                                  5.880    

Slack (MET) :             5.880ns  (required time - arrival time)
  Source:                 uut/Din_reg[7]/C
                            (rising edge-triggered cell FDRE clocked by clk  {rise@0.000ns fall@5.000ns period=10.000ns})
  Destination:            uut/Din_reg[16]/R
                            (rising edge-triggered cell FDRE clocked by clk  {rise@0.000ns fall@5.000ns period=10.000ns})
  Path Group:             clk
  Path Type:              Setup (Max at Slow Process Corner)
  Requirement:            10.000ns  (clk rise@10.000ns - clk rise@0.000ns)
  Data Path Delay:        3.630ns  (logic 0.828ns (22.811%)  route 2.802ns (77.189%))
  Logic Levels:           3  (LUT5=1 LUT6=2)
  Clock Path Skew:        -0.026ns (DCD - SCD + CPR)
    Destination Clock Delay (DCD):    4.913ns = ( 14.913 - 10.000 ) 
    Source Clock Delay      (SCD):    5.367ns
    Clock Pessimism Removal (CPR):    0.429ns
  Clock Uncertainty:      0.035ns  ((TSJ^2 + TIJ^2)^1/2 + DJ) / 2 + PE
    Total System Jitter     (TSJ):    0.071ns
    Total Input Jitter      (TIJ):    0.000ns
    Discrete Jitter          (DJ):    0.000ns
    Phase Error              (PE):    0.000ns

    Location             Delay type                Incr(ns)  Path(ns)    Netlist Resource(s)
  -------------------------------------------------------------------    -------------------
                         (clock clk rise edge)        0.000     0.000 r  
    H16                                               0.000     0.000 r  clk (IN)
                         net (fo=0)                   0.000     0.000    clk
    H16                  IBUF (Prop_ibuf_I_O)         1.457     1.457 r  clk_IBUF_inst/O
                         net (fo=1, routed)           2.076     3.533    clk_IBUF
    BUFGCTRL_X0Y16       BUFG (Prop_bufg_I_O)         0.101     3.634 r  clk_IBUF_BUFG_inst/O
                         net (fo=31, routed)          1.733     5.367    uut/clk_IBUF_BUFG
    SLICE_X41Y65         FDRE                                         r  uut/Din_reg[7]/C
  -------------------------------------------------------------------    -------------------
    SLICE_X41Y65         FDRE (Prop_fdre_C_Q)         0.456     5.823 r  uut/Din_reg[7]/Q
                         net (fo=3, routed)           0.843     6.666    uut/Din[7]
    SLICE_X39Y66         LUT5 (Prop_lut5_I0_O)        0.124     6.790 f  uut/Din[25]_i_6/O
                         net (fo=2, routed)           0.967     7.757    uut/Din[25]_i_6_n_0
    SLICE_X40Y67         LUT6 (Prop_lut6_I5_O)        0.124     7.881 f  uut/Din[25]_i_3/O
                         net (fo=1, routed)           0.159     8.040    uut/Din[25]_i_3_n_0
    SLICE_X40Y67         LUT6 (Prop_lut6_I3_O)        0.124     8.164 r  uut/Din[25]_i_1/O
                         net (fo=26, routed)          0.833     8.997    uut/Din[25]_i_1_n_0
    SLICE_X41Y67         FDRE                                         r  uut/Din_reg[16]/R
  -------------------------------------------------------------------    -------------------

                         (clock clk rise edge)       10.000    10.000 r  
    H16                                               0.000    10.000 r  clk (IN)
                         net (fo=0)                   0.000    10.000    clk
    H16                  IBUF (Prop_ibuf_I_O)         1.387    11.387 r  clk_IBUF_inst/O
                         net (fo=1, routed)           1.880    13.267    clk_IBUF
    BUFGCTRL_X0Y16       BUFG (Prop_bufg_I_O)         0.091    13.358 r  clk_IBUF_BUFG_inst/O
                         net (fo=31, routed)          1.555    14.913    uut/clk_IBUF_BUFG
    SLICE_X41Y67         FDRE                                         r  uut/Din_reg[16]/C
                         clock pessimism              0.429    15.341    
                         clock uncertainty           -0.035    15.306    
    SLICE_X41Y67         FDRE (Setup_fdre_C_R)       -0.429    14.877    uut/Din_reg[16]
  -------------------------------------------------------------------
                         required time                         14.877    
                         arrival time                          -8.997    
  -------------------------------------------------------------------
                         slack                                  5.880    

Slack (MET) :             5.895ns  (required time - arrival time)
  Source:                 uut/Din_reg[7]/C
                            (rising edge-triggered cell FDRE clocked by clk  {rise@0.000ns fall@5.000ns period=10.000ns})
  Destination:            uut/Din_reg[25]/R
                            (rising edge-triggered cell FDRE clocked by clk  {rise@0.000ns fall@5.000ns period=10.000ns})
  Path Group:             clk
  Path Type:              Setup (Max at Slow Process Corner)
  Requirement:            10.000ns  (clk rise@10.000ns - clk rise@0.000ns)
  Data Path Delay:        3.612ns  (logic 0.828ns (22.926%)  route 2.784ns (77.074%))
  Logic Levels:           3  (LUT5=1 LUT6=2)
  Clock Path Skew:        -0.029ns (DCD - SCD + CPR)
    Destination Clock Delay (DCD):    4.910ns = ( 14.910 - 10.000 ) 
    Source Clock Delay      (SCD):    5.367ns
    Clock Pessimism Removal (CPR):    0.429ns
  Clock Uncertainty:      0.035ns  ((TSJ^2 + TIJ^2)^1/2 + DJ) / 2 + PE
    Total System Jitter     (TSJ):    0.071ns
    Total Input Jitter      (TIJ):    0.000ns
    Discrete Jitter          (DJ):    0.000ns
    Phase Error              (PE):    0.000ns

    Location             Delay type                Incr(ns)  Path(ns)    Netlist Resource(s)
  -------------------------------------------------------------------    -------------------
                         (clock clk rise edge)        0.000     0.000 r  
    H16                                               0.000     0.000 r  clk (IN)
                         net (fo=0)                   0.000     0.000    clk
    H16                  IBUF (Prop_ibuf_I_O)         1.457     1.457 r  clk_IBUF_inst/O
                         net (fo=1, routed)           2.076     3.533    clk_IBUF
    BUFGCTRL_X0Y16       BUFG (Prop_bufg_I_O)         0.101     3.634 r  clk_IBUF_BUFG_inst/O
                         net (fo=31, routed)          1.733     5.367    uut/clk_IBUF_BUFG
    SLICE_X41Y65         FDRE                                         r  uut/Din_reg[7]/C
  -------------------------------------------------------------------    -------------------
    SLICE_X41Y65         FDRE (Prop_fdre_C_Q)         0.456     5.823 r  uut/Din_reg[7]/Q
                         net (fo=3, routed)           0.843     6.666    uut/Din[7]
    SLICE_X39Y66         LUT5 (Prop_lut5_I0_O)        0.124     6.790 f  uut/Din[25]_i_6/O
                         net (fo=2, routed)           0.967     7.757    uut/Din[25]_i_6_n_0
    SLICE_X40Y67         LUT6 (Prop_lut6_I5_O)        0.124     7.881 f  uut/Din[25]_i_3/O
                         net (fo=1, routed)           0.159     8.040    uut/Din[25]_i_3_n_0
    SLICE_X40Y67         LUT6 (Prop_lut6_I3_O)        0.124     8.164 r  uut/Din[25]_i_1/O
                         net (fo=26, routed)          0.815     8.979    uut/Din[25]_i_1_n_0
    SLICE_X41Y70         FDRE                                         r  uut/Din_reg[25]/R
  -------------------------------------------------------------------    -------------------

                         (clock clk rise edge)       10.000    10.000 r  
    H16                                               0.000    10.000 r  clk (IN)
                         net (fo=0)                   0.000    10.000    clk
    H16                  IBUF (Prop_ibuf_I_O)         1.387    11.387 r  clk_IBUF_inst/O
                         net (fo=1, routed)           1.880    13.267    clk_IBUF
    BUFGCTRL_X0Y16       BUFG (Prop_bufg_I_O)         0.091    13.358 r  clk_IBUF_BUFG_inst/O
                         net (fo=31, routed)          1.552    14.910    uut/clk_IBUF_BUFG
    SLICE_X41Y70         FDRE                                         r  uut/Din_reg[25]/C
                         clock pessimism              0.429    15.338    
                         clock uncertainty           -0.035    15.303    
    SLICE_X41Y70         FDRE (Setup_fdre_C_R)       -0.429    14.874    uut/Din_reg[25]
  -------------------------------------------------------------------
                         required time                         14.874    
                         arrival time                          -8.979    
  -------------------------------------------------------------------
                         slack                                  5.895    

Slack (MET) :             6.037ns  (required time - arrival time)
  Source:                 uut/Din_reg[7]/C
                            (rising edge-triggered cell FDRE clocked by clk  {rise@0.000ns fall@5.000ns period=10.000ns})
  Destination:            uut/Din_reg[21]/R
                            (rising edge-triggered cell FDRE clocked by clk  {rise@0.000ns fall@5.000ns period=10.000ns})
  Path Group:             clk
  Path Type:              Setup (Max at Slow Process Corner)
  Requirement:            10.000ns  (clk rise@10.000ns - clk rise@0.000ns)
  Data Path Delay:        3.470ns  (logic 0.828ns (23.864%)  route 2.642ns (76.136%))
  Logic Levels:           3  (LUT5=1 LUT6=2)
  Clock Path Skew:        -0.029ns (DCD - SCD + CPR)
    Destination Clock Delay (DCD):    4.910ns = ( 14.910 - 10.000 ) 
    Source Clock Delay      (SCD):    5.367ns
    Clock Pessimism Removal (CPR):    0.429ns
  Clock Uncertainty:      0.035ns  ((TSJ^2 + TIJ^2)^1/2 + DJ) / 2 + PE
    Total System Jitter     (TSJ):    0.071ns
    Total Input Jitter      (TIJ):    0.000ns
    Discrete Jitter          (DJ):    0.000ns
    Phase Error              (PE):    0.000ns

    Location             Delay type                Incr(ns)  Path(ns)    Netlist Resource(s)
  -------------------------------------------------------------------    -------------------
                         (clock clk rise edge)        0.000     0.000 r  
    H16                                               0.000     0.000 r  clk (IN)
                         net (fo=0)                   0.000     0.000    clk
    H16                  IBUF (Prop_ibuf_I_O)         1.457     1.457 r  clk_IBUF_inst/O
                         net (fo=1, routed)           2.076     3.533    clk_IBUF
    BUFGCTRL_X0Y16       BUFG (Prop_bufg_I_O)         0.101     3.634 r  clk_IBUF_BUFG_inst/O
                         net (fo=31, routed)          1.733     5.367    uut/clk_IBUF_BUFG
    SLICE_X41Y65         FDRE                                         r  uut/Din_reg[7]/C
  -------------------------------------------------------------------    -------------------
    SLICE_X41Y65         FDRE (Prop_fdre_C_Q)         0.456     5.823 r  uut/Din_reg[7]/Q
                         net (fo=3, routed)           0.843     6.666    uut/Din[7]
    SLICE_X39Y66         LUT5 (Prop_lut5_I0_O)        0.124     6.790 f  uut/Din[25]_i_6/O
                         net (fo=2, routed)           0.967     7.757    uut/Din[25]_i_6_n_0
    SLICE_X40Y67         LUT6 (Prop_lut6_I5_O)        0.124     7.881 f  uut/Din[25]_i_3/O
                         net (fo=1, routed)           0.159     8.040    uut/Din[25]_i_3_n_0
    SLICE_X40Y67         LUT6 (Prop_lut6_I3_O)        0.124     8.164 r  uut/Din[25]_i_1/O
                         net (fo=26, routed)          0.673     8.837    uut/Din[25]_i_1_n_0
    SLICE_X41Y69         FDRE                                         r  uut/Din_reg[21]/R
  -------------------------------------------------------------------    -------------------

                         (clock clk rise edge)       10.000    10.000 r  
    H16                                               0.000    10.000 r  clk (IN)
                         net (fo=0)                   0.000    10.000    clk
    H16                  IBUF (Prop_ibuf_I_O)         1.387    11.387 r  clk_IBUF_inst/O
                         net (fo=1, routed)           1.880    13.267    clk_IBUF
    BUFGCTRL_X0Y16       BUFG (Prop_bufg_I_O)         0.091    13.358 r  clk_IBUF_BUFG_inst/O
                         net (fo=31, routed)          1.552    14.910    uut/clk_IBUF_BUFG
    SLICE_X41Y69         FDRE                                         r  uut/Din_reg[21]/C
                         clock pessimism              0.429    15.338    
                         clock uncertainty           -0.035    15.303    
    SLICE_X41Y69         FDRE (Setup_fdre_C_R)       -0.429    14.874    uut/Din_reg[21]
  -------------------------------------------------------------------
                         required time                         14.874    
                         arrival time                          -8.837    
  -------------------------------------------------------------------
                         slack                                  6.037    

Slack (MET) :             6.037ns  (required time - arrival time)
  Source:                 uut/Din_reg[7]/C
                            (rising edge-triggered cell FDRE clocked by clk  {rise@0.000ns fall@5.000ns period=10.000ns})
  Destination:            uut/Din_reg[22]/R
                            (rising edge-triggered cell FDRE clocked by clk  {rise@0.000ns fall@5.000ns period=10.000ns})
  Path Group:             clk
  Path Type:              Setup (Max at Slow Process Corner)
  Requirement:            10.000ns  (clk rise@10.000ns - clk rise@0.000ns)
  Data Path Delay:        3.470ns  (logic 0.828ns (23.864%)  route 2.642ns (76.136%))
  Logic Levels:           3  (LUT5=1 LUT6=2)
  Clock Path Skew:        -0.029ns (DCD - SCD + CPR)
    Destination Clock Delay (DCD):    4.910ns = ( 14.910 - 10.000 ) 
    Source Clock Delay      (SCD):    5.367ns
    Clock Pessimism Removal (CPR):    0.429ns
  Clock Uncertainty:      0.035ns  ((TSJ^2 + TIJ^2)^1/2 + DJ) / 2 + PE
    Total System Jitter     (TSJ):    0.071ns
    Total Input Jitter      (TIJ):    0.000ns
    Discrete Jitter          (DJ):    0.000ns
    Phase Error              (PE):    0.000ns

    Location             Delay type                Incr(ns)  Path(ns)    Netlist Resource(s)
  -------------------------------------------------------------------    -------------------
                         (clock clk rise edge)        0.000     0.000 r  
    H16                                               0.000     0.000 r  clk (IN)
                         net (fo=0)                   0.000     0.000    clk
    H16                  IBUF (Prop_ibuf_I_O)         1.457     1.457 r  clk_IBUF_inst/O
                         net (fo=1, routed)           2.076     3.533    clk_IBUF
    BUFGCTRL_X0Y16       BUFG (Prop_bufg_I_O)         0.101     3.634 r  clk_IBUF_BUFG_inst/O
                         net (fo=31, routed)          1.733     5.367    uut/clk_IBUF_BUFG
    SLICE_X41Y65         FDRE                                         r  uut/Din_reg[7]/C
  -------------------------------------------------------------------    -------------------
    SLICE_X41Y65         FDRE (Prop_fdre_C_Q)         0.456     5.823 r  uut/Din_reg[7]/Q
                         net (fo=3, routed)           0.843     6.666    uut/Din[7]
    SLICE_X39Y66         LUT5 (Prop_lut5_I0_O)        0.124     6.790 f  uut/Din[25]_i_6/O
                         net (fo=2, routed)           0.967     7.757    uut/Din[25]_i_6_n_0
    SLICE_X40Y67         LUT6 (Prop_lut6_I5_O)        0.124     7.881 f  uut/Din[25]_i_3/O
                         net (fo=1, routed)           0.159     8.040    uut/Din[25]_i_3_n_0
    SLICE_X40Y67         LUT6 (Prop_lut6_I3_O)        0.124     8.164 r  uut/Din[25]_i_1/O
                         net (fo=26, routed)          0.673     8.837    uut/Din[25]_i_1_n_0
    SLICE_X41Y69         FDRE                                         r  uut/Din_reg[22]/R
  -------------------------------------------------------------------    -------------------

                         (clock clk rise edge)       10.000    10.000 r  
    H16                                               0.000    10.000 r  clk (IN)
                         net (fo=0)                   0.000    10.000    clk
    H16                  IBUF (Prop_ibuf_I_O)         1.387    11.387 r  clk_IBUF_inst/O
                         net (fo=1, routed)           1.880    13.267    clk_IBUF
    BUFGCTRL_X0Y16       BUFG (Prop_bufg_I_O)         0.091    13.358 r  clk_IBUF_BUFG_inst/O
                         net (fo=31, routed)          1.552    14.910    uut/clk_IBUF_BUFG
    SLICE_X41Y69         FDRE                                         r  uut/Din_reg[22]/C
                         clock pessimism              0.429    15.338    
                         clock uncertainty           -0.035    15.303    
    SLICE_X41Y69         FDRE (Setup_fdre_C_R)       -0.429    14.874    uut/Din_reg[22]
  -------------------------------------------------------------------
                         required time                         14.874    
                         arrival time                          -8.837    
  -------------------------------------------------------------------
                         slack                                  6.037    

Slack (MET) :             6.037ns  (required time - arrival time)
  Source:                 uut/Din_reg[7]/C
                            (rising edge-triggered cell FDRE clocked by clk  {rise@0.000ns fall@5.000ns period=10.000ns})
  Destination:            uut/Din_reg[23]/R
                            (rising edge-triggered cell FDRE clocked by clk  {rise@0.000ns fall@5.000ns period=10.000ns})
  Path Group:             clk
  Path Type:              Setup (Max at Slow Process Corner)
  Requirement:            10.000ns  (clk rise@10.000ns - clk rise@0.000ns)
  Data Path Delay:        3.470ns  (logic 0.828ns (23.864%)  route 2.642ns (76.136%))
  Logic Levels:           3  (LUT5=1 LUT6=2)
  Clock Path Skew:        -0.029ns (DCD - SCD + CPR)
    Destination Clock Delay (DCD):    4.910ns = ( 14.910 - 10.000 ) 
    Source Clock Delay      (SCD):    5.367ns
    Clock Pessimism Removal (CPR):    0.429ns
  Clock Uncertainty:      0.035ns  ((TSJ^2 + TIJ^2)^1/2 + DJ) / 2 + PE
    Total System Jitter     (TSJ):    0.071ns
    Total Input Jitter      (TIJ):    0.000ns
    Discrete Jitter          (DJ):    0.000ns
    Phase Error              (PE):    0.000ns

    Location             Delay type                Incr(ns)  Path(ns)    Netlist Resource(s)
  -------------------------------------------------------------------    -------------------
                         (clock clk rise edge)        0.000     0.000 r  
    H16                                               0.000     0.000 r  clk (IN)
                         net (fo=0)                   0.000     0.000    clk
    H16                  IBUF (Prop_ibuf_I_O)         1.457     1.457 r  clk_IBUF_inst/O
                         net (fo=1, routed)           2.076     3.533    clk_IBUF
    BUFGCTRL_X0Y16       BUFG (Prop_bufg_I_O)         0.101     3.634 r  clk_IBUF_BUFG_inst/O
                         net (fo=31, routed)          1.733     5.367    uut/clk_IBUF_BUFG
    SLICE_X41Y65         FDRE                                         r  uut/Din_reg[7]/C
  -------------------------------------------------------------------    -------------------
    SLICE_X41Y65         FDRE (Prop_fdre_C_Q)         0.456     5.823 r  uut/Din_reg[7]/Q
                         net (fo=3, routed)           0.843     6.666    uut/Din[7]
    SLICE_X39Y66         LUT5 (Prop_lut5_I0_O)        0.124     6.790 f  uut/Din[25]_i_6/O
                         net (fo=2, routed)           0.967     7.757    uut/Din[25]_i_6_n_0
    SLICE_X40Y67         LUT6 (Prop_lut6_I5_O)        0.124     7.881 f  uut/Din[25]_i_3/O
                         net (fo=1, routed)           0.159     8.040    uut/Din[25]_i_3_n_0
    SLICE_X40Y67         LUT6 (Prop_lut6_I3_O)        0.124     8.164 r  uut/Din[25]_i_1/O
                         net (fo=26, routed)          0.673     8.837    uut/Din[25]_i_1_n_0
    SLICE_X41Y69         FDRE                                         r  uut/Din_reg[23]/R
  -------------------------------------------------------------------    -------------------

                         (clock clk rise edge)       10.000    10.000 r  
    H16                                               0.000    10.000 r  clk (IN)
                         net (fo=0)                   0.000    10.000    clk
    H16                  IBUF (Prop_ibuf_I_O)         1.387    11.387 r  clk_IBUF_inst/O
                         net (fo=1, routed)           1.880    13.267    clk_IBUF
    BUFGCTRL_X0Y16       BUFG (Prop_bufg_I_O)         0.091    13.358 r  clk_IBUF_BUFG_inst/O
                         net (fo=31, routed)          1.552    14.910    uut/clk_IBUF_BUFG
    SLICE_X41Y69         FDRE                                         r  uut/Din_reg[23]/C
                         clock pessimism              0.429    15.338    
                         clock uncertainty           -0.035    15.303    
    SLICE_X41Y69         FDRE (Setup_fdre_C_R)       -0.429    14.874    uut/Din_reg[23]
  -------------------------------------------------------------------
                         required time                         14.874    
                         arrival time                          -8.837    
  -------------------------------------------------------------------
                         slack                                  6.037    

Slack (MET) :             6.037ns  (required time - arrival time)
  Source:                 uut/Din_reg[7]/C
                            (rising edge-triggered cell FDRE clocked by clk  {rise@0.000ns fall@5.000ns period=10.000ns})
  Destination:            uut/Din_reg[24]/R
                            (rising edge-triggered cell FDRE clocked by clk  {rise@0.000ns fall@5.000ns period=10.000ns})
  Path Group:             clk
  Path Type:              Setup (Max at Slow Process Corner)
  Requirement:            10.000ns  (clk rise@10.000ns - clk rise@0.000ns)
  Data Path Delay:        3.470ns  (logic 0.828ns (23.864%)  route 2.642ns (76.136%))
  Logic Levels:           3  (LUT5=1 LUT6=2)
  Clock Path Skew:        -0.029ns (DCD - SCD + CPR)
    Destination Clock Delay (DCD):    4.910ns = ( 14.910 - 10.000 ) 
    Source Clock Delay      (SCD):    5.367ns
    Clock Pessimism Removal (CPR):    0.429ns
  Clock Uncertainty:      0.035ns  ((TSJ^2 + TIJ^2)^1/2 + DJ) / 2 + PE
    Total System Jitter     (TSJ):    0.071ns
    Total Input Jitter      (TIJ):    0.000ns
    Discrete Jitter          (DJ):    0.000ns
    Phase Error              (PE):    0.000ns

    Location             Delay type                Incr(ns)  Path(ns)    Netlist Resource(s)
  -------------------------------------------------------------------    -------------------
                         (clock clk rise edge)        0.000     0.000 r  
    H16                                               0.000     0.000 r  clk (IN)
                         net (fo=0)                   0.000     0.000    clk
    H16                  IBUF (Prop_ibuf_I_O)         1.457     1.457 r  clk_IBUF_inst/O
                         net (fo=1, routed)           2.076     3.533    clk_IBUF
    BUFGCTRL_X0Y16       BUFG (Prop_bufg_I_O)         0.101     3.634 r  clk_IBUF_BUFG_inst/O
                         net (fo=31, routed)          1.733     5.367    uut/clk_IBUF_BUFG
    SLICE_X41Y65         FDRE                                         r  uut/Din_reg[7]/C
  -------------------------------------------------------------------    -------------------
    SLICE_X41Y65         FDRE (Prop_fdre_C_Q)         0.456     5.823 r  uut/Din_reg[7]/Q
                         net (fo=3, routed)           0.843     6.666    uut/Din[7]
    SLICE_X39Y66         LUT5 (Prop_lut5_I0_O)        0.124     6.790 f  uut/Din[25]_i_6/O
                         net (fo=2, routed)           0.967     7.757    uut/Din[25]_i_6_n_0
    SLICE_X40Y67         LUT6 (Prop_lut6_I5_O)        0.124     7.881 f  uut/Din[25]_i_3/O
                         net (fo=1, routed)           0.159     8.040    uut/Din[25]_i_3_n_0
    SLICE_X40Y67         LUT6 (Prop_lut6_I3_O)        0.124     8.164 r  uut/Din[25]_i_1/O
                         net (fo=26, routed)          0.673     8.837    uut/Din[25]_i_1_n_0
    SLICE_X41Y69         FDRE                                         r  uut/Din_reg[24]/R
  -------------------------------------------------------------------    -------------------

                         (clock clk rise edge)       10.000    10.000 r  
    H16                                               0.000    10.000 r  clk (IN)
                         net (fo=0)                   0.000    10.000    clk
    H16                  IBUF (Prop_ibuf_I_O)         1.387    11.387 r  clk_IBUF_inst/O
                         net (fo=1, routed)           1.880    13.267    clk_IBUF
    BUFGCTRL_X0Y16       BUFG (Prop_bufg_I_O)         0.091    13.358 r  clk_IBUF_BUFG_inst/O
                         net (fo=31, routed)          1.552    14.910    uut/clk_IBUF_BUFG
    SLICE_X41Y69         FDRE                                         r  uut/Din_reg[24]/C
                         clock pessimism              0.429    15.338    
                         clock uncertainty           -0.035    15.303    
    SLICE_X41Y69         FDRE (Setup_fdre_C_R)       -0.429    14.874    uut/Din_reg[24]
  -------------------------------------------------------------------
                         required time                         14.874    
                         arrival time                          -8.837    
  -------------------------------------------------------------------
                         slack                                  6.037    

Slack (MET) :             6.043ns  (required time - arrival time)
  Source:                 uut/Din_reg[11]/C
                            (rising edge-triggered cell FDRE clocked by clk  {rise@0.000ns fall@5.000ns period=10.000ns})
  Destination:            uut/Din_reg[5]/R
                            (rising edge-triggered cell FDRE clocked by clk  {rise@0.000ns fall@5.000ns period=10.000ns})
  Path Group:             clk
  Path Type:              Setup (Max at Slow Process Corner)
  Requirement:            10.000ns  (clk rise@10.000ns - clk rise@0.000ns)
  Data Path Delay:        3.469ns  (logic 0.828ns (23.866%)  route 2.641ns (76.134%))
  Logic Levels:           3  (LUT5=1 LUT6=2)
  Clock Path Skew:        -0.023ns (DCD - SCD + CPR)
    Destination Clock Delay (DCD):    4.915ns = ( 14.915 - 10.000 ) 
    Source Clock Delay      (SCD):    5.366ns
    Clock Pessimism Removal (CPR):    0.429ns
  Clock Uncertainty:      0.035ns  ((TSJ^2 + TIJ^2)^1/2 + DJ) / 2 + PE
    Total System Jitter     (TSJ):    0.071ns
    Total Input Jitter      (TIJ):    0.000ns
    Discrete Jitter          (DJ):    0.000ns
    Phase Error              (PE):    0.000ns

    Location             Delay type                Incr(ns)  Path(ns)    Netlist Resource(s)
  -------------------------------------------------------------------    -------------------
                         (clock clk rise edge)        0.000     0.000 r  
    H16                                               0.000     0.000 r  clk (IN)
                         net (fo=0)                   0.000     0.000    clk
    H16                  IBUF (Prop_ibuf_I_O)         1.457     1.457 r  clk_IBUF_inst/O
                         net (fo=1, routed)           2.076     3.533    clk_IBUF
    BUFGCTRL_X0Y16       BUFG (Prop_bufg_I_O)         0.101     3.634 r  clk_IBUF_BUFG_inst/O
                         net (fo=31, routed)          1.732     5.366    uut/clk_IBUF_BUFG
    SLICE_X41Y66         FDRE                                         r  uut/Din_reg[11]/C
  -------------------------------------------------------------------    -------------------
    SLICE_X41Y66         FDRE (Prop_fdre_C_Q)         0.456     5.822 r  uut/Din_reg[11]/Q
                         net (fo=3, routed)           0.826     6.649    uut/Din[11]
    SLICE_X39Y66         LUT5 (Prop_lut5_I3_O)        0.124     6.773 f  uut/Din[25]_i_6/O
                         net (fo=2, routed)           0.967     7.739    uut/Din[25]_i_6_n_0
    SLICE_X40Y67         LUT6 (Prop_lut6_I5_O)        0.124     7.863 f  uut/Din[25]_i_3/O
                         net (fo=1, routed)           0.159     8.022    uut/Din[25]_i_3_n_0
    SLICE_X40Y67         LUT6 (Prop_lut6_I3_O)        0.124     8.146 r  uut/Din[25]_i_1/O
                         net (fo=26, routed)          0.690     8.836    uut/Din[25]_i_1_n_0
    SLICE_X41Y65         FDRE                                         r  uut/Din_reg[5]/R
  -------------------------------------------------------------------    -------------------

                         (clock clk rise edge)       10.000    10.000 r  
    H16                                               0.000    10.000 r  clk (IN)
                         net (fo=0)                   0.000    10.000    clk
    H16                  IBUF (Prop_ibuf_I_O)         1.387    11.387 r  clk_IBUF_inst/O
                         net (fo=1, routed)           1.880    13.267    clk_IBUF
    BUFGCTRL_X0Y16       BUFG (Prop_bufg_I_O)         0.091    13.358 r  clk_IBUF_BUFG_inst/O
                         net (fo=31, routed)          1.557    14.915    uut/clk_IBUF_BUFG
    SLICE_X41Y65         FDRE                                         r  uut/Din_reg[5]/C
                         clock pessimism              0.429    15.343    
                         clock uncertainty           -0.035    15.308    
    SLICE_X41Y65         FDRE (Setup_fdre_C_R)       -0.429    14.879    uut/Din_reg[5]
  -------------------------------------------------------------------
                         required time                         14.879    
                         arrival time                          -8.836    
  -------------------------------------------------------------------
                         slack                                  6.043    





Min Delay Paths
--------------------------------------------------------------------------------------
Slack (MET) :             0.262ns  (arrival time - required time)
  Source:                 uut/Din_reg[24]/C
                            (rising edge-triggered cell FDRE clocked by clk  {rise@0.000ns fall@5.000ns period=10.000ns})
  Destination:            uut/Din_reg[24]/D
                            (rising edge-triggered cell FDRE clocked by clk  {rise@0.000ns fall@5.000ns period=10.000ns})
  Path Group:             clk
  Path Type:              Hold (Min at Fast Process Corner)
  Requirement:            0.000ns  (clk rise@0.000ns - clk rise@0.000ns)
  Data Path Delay:        0.367ns  (logic 0.249ns (67.829%)  route 0.118ns (32.171%))
  Logic Levels:           1  (CARRY4=1)
  Clock Path Skew:        0.000ns (DCD - SCD - CPR)
    Destination Clock Delay (DCD):    1.973ns
    Source Clock Delay      (SCD):    1.458ns
    Clock Pessimism Removal (CPR):    0.515ns

    Location             Delay type                Incr(ns)  Path(ns)    Netlist Resource(s)
  -------------------------------------------------------------------    -------------------
                         (clock clk rise edge)        0.000     0.000 r  
    H16                                               0.000     0.000 r  clk (IN)
                         net (fo=0)                   0.000     0.000    clk
    H16                  IBUF (Prop_ibuf_I_O)         0.225     0.225 r  clk_IBUF_inst/O
                         net (fo=1, routed)           0.627     0.852    clk_IBUF
    BUFGCTRL_X0Y16       BUFG (Prop_bufg_I_O)         0.026     0.878 r  clk_IBUF_BUFG_inst/O
                         net (fo=31, routed)          0.580     1.458    uut/clk_IBUF_BUFG
    SLICE_X41Y69         FDRE                                         r  uut/Din_reg[24]/C
  -------------------------------------------------------------------    -------------------
    SLICE_X41Y69         FDRE (Prop_fdre_C_Q)         0.141     1.599 r  uut/Din_reg[24]/Q
                         net (fo=4, routed)           0.118     1.717    uut/Din[24]
    SLICE_X41Y69         CARRY4 (Prop_carry4_S[3]_O[3])
                                                      0.108     1.825 r  uut/plusOp_carry__4/O[3]
                         net (fo=1, routed)           0.000     1.825    uut/plusOp_carry__4_n_4
    SLICE_X41Y69         FDRE                                         r  uut/Din_reg[24]/D
  -------------------------------------------------------------------    -------------------

                         (clock clk rise edge)        0.000     0.000 r  
    H16                                               0.000     0.000 r  clk (IN)
                         net (fo=0)                   0.000     0.000    clk
    H16                  IBUF (Prop_ibuf_I_O)         0.413     0.413 r  clk_IBUF_inst/O
                         net (fo=1, routed)           0.683     1.096    clk_IBUF
    BUFGCTRL_X0Y16       BUFG (Prop_bufg_I_O)         0.029     1.125 r  clk_IBUF_BUFG_inst/O
                         net (fo=31, routed)          0.848     1.973    uut/clk_IBUF_BUFG
    SLICE_X41Y69         FDRE                                         r  uut/Din_reg[24]/C
                         clock pessimism             -0.515     1.458    
    SLICE_X41Y69         FDRE (Hold_fdre_C_D)         0.105     1.563    uut/Din_reg[24]
  -------------------------------------------------------------------
                         required time                         -1.563    
                         arrival time                           1.825    
  -------------------------------------------------------------------
                         slack                                  0.262    

Slack (MET) :             0.264ns  (arrival time - required time)
  Source:                 uut/Din_reg[4]/C
                            (rising edge-triggered cell FDRE clocked by clk  {rise@0.000ns fall@5.000ns period=10.000ns})
  Destination:            uut/Din_reg[4]/D
                            (rising edge-triggered cell FDRE clocked by clk  {rise@0.000ns fall@5.000ns period=10.000ns})
  Path Group:             clk
  Path Type:              Hold (Min at Fast Process Corner)
  Requirement:            0.000ns  (clk rise@0.000ns - clk rise@0.000ns)
  Data Path Delay:        0.369ns  (logic 0.249ns (67.412%)  route 0.120ns (32.588%))
  Logic Levels:           1  (CARRY4=1)
  Clock Path Skew:        0.000ns (DCD - SCD - CPR)
    Destination Clock Delay (DCD):    1.978ns
    Source Clock Delay      (SCD):    1.462ns
    Clock Pessimism Removal (CPR):    0.516ns

    Location             Delay type                Incr(ns)  Path(ns)    Netlist Resource(s)
  -------------------------------------------------------------------    -------------------
                         (clock clk rise edge)        0.000     0.000 r  
    H16                                               0.000     0.000 r  clk (IN)
                         net (fo=0)                   0.000     0.000    clk
    H16                  IBUF (Prop_ibuf_I_O)         0.225     0.225 r  clk_IBUF_inst/O
                         net (fo=1, routed)           0.627     0.852    clk_IBUF
    BUFGCTRL_X0Y16       BUFG (Prop_bufg_I_O)         0.026     0.878 r  clk_IBUF_BUFG_inst/O
                         net (fo=31, routed)          0.584     1.462    uut/clk_IBUF_BUFG
    SLICE_X41Y64         FDRE                                         r  uut/Din_reg[4]/C
  -------------------------------------------------------------------    -------------------
    SLICE_X41Y64         FDRE (Prop_fdre_C_Q)         0.141     1.603 r  uut/Din_reg[4]/Q
                         net (fo=2, routed)           0.120     1.723    uut/Din[4]
    SLICE_X41Y64         CARRY4 (Prop_carry4_S[3]_O[3])
                                                      0.108     1.831 r  uut/plusOp_carry/O[3]
                         net (fo=1, routed)           0.000     1.831    uut/plusOp_carry_n_4
    SLICE_X41Y64         FDRE                                         r  uut/Din_reg[4]/D
  -------------------------------------------------------------------    -------------------

                         (clock clk rise edge)        0.000     0.000 r  
    H16                                               0.000     0.000 r  clk (IN)
                         net (fo=0)                   0.000     0.000    clk
    H16                  IBUF (Prop_ibuf_I_O)         0.413     0.413 r  clk_IBUF_inst/O
                         net (fo=1, routed)           0.683     1.096    clk_IBUF
    BUFGCTRL_X0Y16       BUFG (Prop_bufg_I_O)         0.029     1.125 r  clk_IBUF_BUFG_inst/O
                         net (fo=31, routed)          0.853     1.978    uut/clk_IBUF_BUFG
    SLICE_X41Y64         FDRE                                         r  uut/Din_reg[4]/C
                         clock pessimism             -0.516     1.462    
    SLICE_X41Y64         FDRE (Hold_fdre_C_D)         0.105     1.567    uut/Din_reg[4]
  -------------------------------------------------------------------
                         required time                         -1.567    
                         arrival time                           1.831    
  -------------------------------------------------------------------
                         slack                                  0.264    

Slack (MET) :             0.268ns  (arrival time - required time)
  Source:                 uut/Din_reg[21]/C
                            (rising edge-triggered cell FDRE clocked by clk  {rise@0.000ns fall@5.000ns period=10.000ns})
  Destination:            uut/Din_reg[21]/D
                            (rising edge-triggered cell FDRE clocked by clk  {rise@0.000ns fall@5.000ns period=10.000ns})
  Path Group:             clk
  Path Type:              Hold (Min at Fast Process Corner)
  Requirement:            0.000ns  (clk rise@0.000ns - clk rise@0.000ns)
  Data Path Delay:        0.373ns  (logic 0.256ns (68.576%)  route 0.117ns (31.424%))
  Logic Levels:           1  (CARRY4=1)
  Clock Path Skew:        0.000ns (DCD - SCD - CPR)
    Destination Clock Delay (DCD):    1.973ns
    Source Clock Delay      (SCD):    1.458ns
    Clock Pessimism Removal (CPR):    0.515ns

    Location             Delay type                Incr(ns)  Path(ns)    Netlist Resource(s)
  -------------------------------------------------------------------    -------------------
                         (clock clk rise edge)        0.000     0.000 r  
    H16                                               0.000     0.000 r  clk (IN)
                         net (fo=0)                   0.000     0.000    clk
    H16                  IBUF (Prop_ibuf_I_O)         0.225     0.225 r  clk_IBUF_inst/O
                         net (fo=1, routed)           0.627     0.852    clk_IBUF
    BUFGCTRL_X0Y16       BUFG (Prop_bufg_I_O)         0.026     0.878 r  clk_IBUF_BUFG_inst/O
                         net (fo=31, routed)          0.580     1.458    uut/clk_IBUF_BUFG
    SLICE_X41Y69         FDRE                                         r  uut/Din_reg[21]/C
  -------------------------------------------------------------------    -------------------
    SLICE_X41Y69         FDRE (Prop_fdre_C_Q)         0.141     1.599 r  uut/Din_reg[21]/Q
                         net (fo=4, routed)           0.117     1.716    uut/Din[21]
    SLICE_X41Y69         CARRY4 (Prop_carry4_S[0]_O[0])
                                                      0.115     1.831 r  uut/plusOp_carry__4/O[0]
                         net (fo=1, routed)           0.000     1.831    uut/plusOp_carry__4_n_7
    SLICE_X41Y69         FDRE                                         r  uut/Din_reg[21]/D
  -------------------------------------------------------------------    -------------------

                         (clock clk rise edge)        0.000     0.000 r  
    H16                                               0.000     0.000 r  clk (IN)
                         net (fo=0)                   0.000     0.000    clk
    H16                  IBUF (Prop_ibuf_I_O)         0.413     0.413 r  clk_IBUF_inst/O
                         net (fo=1, routed)           0.683     1.096    clk_IBUF
    BUFGCTRL_X0Y16       BUFG (Prop_bufg_I_O)         0.029     1.125 r  clk_IBUF_BUFG_inst/O
                         net (fo=31, routed)          0.848     1.973    uut/clk_IBUF_BUFG
    SLICE_X41Y69         FDRE                                         r  uut/Din_reg[21]/C
                         clock pessimism             -0.515     1.458    
    SLICE_X41Y69         FDRE (Hold_fdre_C_D)         0.105     1.563    uut/Din_reg[21]
  -------------------------------------------------------------------
                         required time                         -1.563    
                         arrival time                           1.831    
  -------------------------------------------------------------------
                         slack                                  0.268    

Slack (MET) :             0.268ns  (arrival time - required time)
  Source:                 uut/Din_reg[25]/C
                            (rising edge-triggered cell FDRE clocked by clk  {rise@0.000ns fall@5.000ns period=10.000ns})
  Destination:            uut/Din_reg[25]/D
                            (rising edge-triggered cell FDRE clocked by clk  {rise@0.000ns fall@5.000ns period=10.000ns})
  Path Group:             clk
  Path Type:              Hold (Min at Fast Process Corner)
  Requirement:            0.000ns  (clk rise@0.000ns - clk rise@0.000ns)
  Data Path Delay:        0.373ns  (logic 0.256ns (68.565%)  route 0.117ns (31.435%))
  Logic Levels:           1  (CARRY4=1)
  Clock Path Skew:        0.000ns (DCD - SCD - CPR)
    Destination Clock Delay (DCD):    1.972ns
    Source Clock Delay      (SCD):    1.457ns
    Clock Pessimism Removal (CPR):    0.515ns

    Location             Delay type                Incr(ns)  Path(ns)    Netlist Resource(s)
  -------------------------------------------------------------------    -------------------
                         (clock clk rise edge)        0.000     0.000 r  
    H16                                               0.000     0.000 r  clk (IN)
                         net (fo=0)                   0.000     0.000    clk
    H16                  IBUF (Prop_ibuf_I_O)         0.225     0.225 r  clk_IBUF_inst/O
                         net (fo=1, routed)           0.627     0.852    clk_IBUF
    BUFGCTRL_X0Y16       BUFG (Prop_bufg_I_O)         0.026     0.878 r  clk_IBUF_BUFG_inst/O
                         net (fo=31, routed)          0.579     1.457    uut/clk_IBUF_BUFG
    SLICE_X41Y70         FDRE                                         r  uut/Din_reg[25]/C
  -------------------------------------------------------------------    -------------------
    SLICE_X41Y70         FDRE (Prop_fdre_C_Q)         0.141     1.598 r  uut/Din_reg[25]/Q
                         net (fo=4, routed)           0.117     1.715    uut/Din[25]
    SLICE_X41Y70         CARRY4 (Prop_carry4_S[0]_O[0])
                                                      0.115     1.830 r  uut/plusOp_carry__5/O[0]
                         net (fo=1, routed)           0.000     1.830    uut/plusOp_carry__5_n_7
    SLICE_X41Y70         FDRE                                         r  uut/Din_reg[25]/D
  -------------------------------------------------------------------    -------------------

                         (clock clk rise edge)        0.000     0.000 r  
    H16                                               0.000     0.000 r  clk (IN)
                         net (fo=0)                   0.000     0.000    clk
    H16                  IBUF (Prop_ibuf_I_O)         0.413     0.413 r  clk_IBUF_inst/O
                         net (fo=1, routed)           0.683     1.096    clk_IBUF
    BUFGCTRL_X0Y16       BUFG (Prop_bufg_I_O)         0.029     1.125 r  clk_IBUF_BUFG_inst/O
                         net (fo=31, routed)          0.847     1.972    uut/clk_IBUF_BUFG
    SLICE_X41Y70         FDRE                                         r  uut/Din_reg[25]/C
                         clock pessimism             -0.515     1.457    
    SLICE_X41Y70         FDRE (Hold_fdre_C_D)         0.105     1.562    uut/Din_reg[25]
  -------------------------------------------------------------------
                         required time                         -1.562    
                         arrival time                           1.830    
  -------------------------------------------------------------------
                         slack                                  0.268    

Slack (MET) :             0.268ns  (arrival time - required time)
  Source:                 uut/Din_reg[5]/C
                            (rising edge-triggered cell FDRE clocked by clk  {rise@0.000ns fall@5.000ns period=10.000ns})
  Destination:            uut/Din_reg[5]/D
                            (rising edge-triggered cell FDRE clocked by clk  {rise@0.000ns fall@5.000ns period=10.000ns})
  Path Group:             clk
  Path Type:              Hold (Min at Fast Process Corner)
  Requirement:            0.000ns  (clk rise@0.000ns - clk rise@0.000ns)
  Data Path Delay:        0.373ns  (logic 0.256ns (68.565%)  route 0.117ns (31.435%))
  Logic Levels:           1  (CARRY4=1)
  Clock Path Skew:        0.000ns (DCD - SCD - CPR)
    Destination Clock Delay (DCD):    1.977ns
    Source Clock Delay      (SCD):    1.462ns
    Clock Pessimism Removal (CPR):    0.515ns

    Location             Delay type                Incr(ns)  Path(ns)    Netlist Resource(s)
  -------------------------------------------------------------------    -------------------
                         (clock clk rise edge)        0.000     0.000 r  
    H16                                               0.000     0.000 r  clk (IN)
                         net (fo=0)                   0.000     0.000    clk
    H16                  IBUF (Prop_ibuf_I_O)         0.225     0.225 r  clk_IBUF_inst/O
                         net (fo=1, routed)           0.627     0.852    clk_IBUF
    BUFGCTRL_X0Y16       BUFG (Prop_bufg_I_O)         0.026     0.878 r  clk_IBUF_BUFG_inst/O
                         net (fo=31, routed)          0.584     1.462    uut/clk_IBUF_BUFG
    SLICE_X41Y65         FDRE                                         r  uut/Din_reg[5]/C
  -------------------------------------------------------------------    -------------------
    SLICE_X41Y65         FDRE (Prop_fdre_C_Q)         0.141     1.603 r  uut/Din_reg[5]/Q
                         net (fo=2, routed)           0.117     1.720    uut/Din[5]
    SLICE_X41Y65         CARRY4 (Prop_carry4_S[0]_O[0])
                                                      0.115     1.835 r  uut/plusOp_carry__0/O[0]
                         net (fo=1, routed)           0.000     1.835    uut/plusOp_carry__0_n_7
    SLICE_X41Y65         FDRE                                         r  uut/Din_reg[5]/D
  -------------------------------------------------------------------    -------------------

                         (clock clk rise edge)        0.000     0.000 r  
    H16                                               0.000     0.000 r  clk (IN)
                         net (fo=0)                   0.000     0.000    clk
    H16                  IBUF (Prop_ibuf_I_O)         0.413     0.413 r  clk_IBUF_inst/O
                         net (fo=1, routed)           0.683     1.096    clk_IBUF
    BUFGCTRL_X0Y16       BUFG (Prop_bufg_I_O)         0.029     1.125 r  clk_IBUF_BUFG_inst/O
                         net (fo=31, routed)          0.852     1.977    uut/clk_IBUF_BUFG
    SLICE_X41Y65         FDRE                                         r  uut/Din_reg[5]/C
                         clock pessimism             -0.515     1.462    
    SLICE_X41Y65         FDRE (Hold_fdre_C_D)         0.105     1.567    uut/Din_reg[5]
  -------------------------------------------------------------------
                         required time                         -1.567    
                         arrival time                           1.835    
  -------------------------------------------------------------------
                         slack                                  0.268    

Slack (MET) :             0.269ns  (arrival time - required time)
  Source:                 uut/Din_reg[3]/C
                            (rising edge-triggered cell FDRE clocked by clk  {rise@0.000ns fall@5.000ns period=10.000ns})
  Destination:            uut/Din_reg[3]/D
                            (rising edge-triggered cell FDRE clocked by clk  {rise@0.000ns fall@5.000ns period=10.000ns})
  Path Group:             clk
  Path Type:              Hold (Min at Fast Process Corner)
  Requirement:            0.000ns  (clk rise@0.000ns - clk rise@0.000ns)
  Data Path Delay:        0.374ns  (logic 0.252ns (67.467%)  route 0.122ns (32.533%))
  Logic Levels:           1  (CARRY4=1)
  Clock Path Skew:        0.000ns (DCD - SCD - CPR)
    Destination Clock Delay (DCD):    1.978ns
    Source Clock Delay      (SCD):    1.462ns
    Clock Pessimism Removal (CPR):    0.516ns

    Location             Delay type                Incr(ns)  Path(ns)    Netlist Resource(s)
  -------------------------------------------------------------------    -------------------
                         (clock clk rise edge)        0.000     0.000 r  
    H16                                               0.000     0.000 r  clk (IN)
                         net (fo=0)                   0.000     0.000    clk
    H16                  IBUF (Prop_ibuf_I_O)         0.225     0.225 r  clk_IBUF_inst/O
                         net (fo=1, routed)           0.627     0.852    clk_IBUF
    BUFGCTRL_X0Y16       BUFG (Prop_bufg_I_O)         0.026     0.878 r  clk_IBUF_BUFG_inst/O
                         net (fo=31, routed)          0.584     1.462    uut/clk_IBUF_BUFG
    SLICE_X41Y64         FDRE                                         r  uut/Din_reg[3]/C
  -------------------------------------------------------------------    -------------------
    SLICE_X41Y64         FDRE (Prop_fdre_C_Q)         0.141     1.603 r  uut/Din_reg[3]/Q
                         net (fo=2, routed)           0.122     1.725    uut/Din[3]
    SLICE_X41Y64         CARRY4 (Prop_carry4_S[2]_O[2])
                                                      0.111     1.836 r  uut/plusOp_carry/O[2]
                         net (fo=1, routed)           0.000     1.836    uut/plusOp_carry_n_5
    SLICE_X41Y64         FDRE                                         r  uut/Din_reg[3]/D
  -------------------------------------------------------------------    -------------------

                         (clock clk rise edge)        0.000     0.000 r  
    H16                                               0.000     0.000 r  clk (IN)
                         net (fo=0)                   0.000     0.000    clk
    H16                  IBUF (Prop_ibuf_I_O)         0.413     0.413 r  clk_IBUF_inst/O
                         net (fo=1, routed)           0.683     1.096    clk_IBUF
    BUFGCTRL_X0Y16       BUFG (Prop_bufg_I_O)         0.029     1.125 r  clk_IBUF_BUFG_inst/O
                         net (fo=31, routed)          0.853     1.978    uut/clk_IBUF_BUFG
    SLICE_X41Y64         FDRE                                         r  uut/Din_reg[3]/C
                         clock pessimism             -0.516     1.462    
    SLICE_X41Y64         FDRE (Hold_fdre_C_D)         0.105     1.567    uut/Din_reg[3]
  -------------------------------------------------------------------
                         required time                         -1.567    
                         arrival time                           1.836    
  -------------------------------------------------------------------
                         slack                                  0.269    

Slack (MET) :             0.269ns  (arrival time - required time)
  Source:                 uut/Din_reg[15]/C
                            (rising edge-triggered cell FDRE clocked by clk  {rise@0.000ns fall@5.000ns period=10.000ns})
  Destination:            uut/Din_reg[15]/D
                            (rising edge-triggered cell FDRE clocked by clk  {rise@0.000ns fall@5.000ns period=10.000ns})
  Path Group:             clk
  Path Type:              Hold (Min at Fast Process Corner)
  Requirement:            0.000ns  (clk rise@0.000ns - clk rise@0.000ns)
  Data Path Delay:        0.374ns  (logic 0.252ns (67.467%)  route 0.122ns (32.533%))
  Logic Levels:           1  (CARRY4=1)
  Clock Path Skew:        0.000ns (DCD - SCD - CPR)
    Destination Clock Delay (DCD):    1.975ns
    Source Clock Delay      (SCD):    1.460ns
    Clock Pessimism Removal (CPR):    0.515ns

    Location             Delay type                Incr(ns)  Path(ns)    Netlist Resource(s)
  -------------------------------------------------------------------    -------------------
                         (clock clk rise edge)        0.000     0.000 r  
    H16                                               0.000     0.000 r  clk (IN)
                         net (fo=0)                   0.000     0.000    clk
    H16                  IBUF (Prop_ibuf_I_O)         0.225     0.225 r  clk_IBUF_inst/O
                         net (fo=1, routed)           0.627     0.852    clk_IBUF
    BUFGCTRL_X0Y16       BUFG (Prop_bufg_I_O)         0.026     0.878 r  clk_IBUF_BUFG_inst/O
                         net (fo=31, routed)          0.582     1.460    uut/clk_IBUF_BUFG
    SLICE_X41Y67         FDRE                                         r  uut/Din_reg[15]/C
  -------------------------------------------------------------------    -------------------
    SLICE_X41Y67         FDRE (Prop_fdre_C_Q)         0.141     1.601 r  uut/Din_reg[15]/Q
                         net (fo=3, routed)           0.122     1.723    uut/Din[15]
    SLICE_X41Y67         CARRY4 (Prop_carry4_S[2]_O[2])
                                                      0.111     1.834 r  uut/plusOp_carry__2/O[2]
                         net (fo=1, routed)           0.000     1.834    uut/plusOp_carry__2_n_5
    SLICE_X41Y67         FDRE                                         r  uut/Din_reg[15]/D
  -------------------------------------------------------------------    -------------------

                         (clock clk rise edge)        0.000     0.000 r  
    H16                                               0.000     0.000 r  clk (IN)
                         net (fo=0)                   0.000     0.000    clk
    H16                  IBUF (Prop_ibuf_I_O)         0.413     0.413 r  clk_IBUF_inst/O
                         net (fo=1, routed)           0.683     1.096    clk_IBUF
    BUFGCTRL_X0Y16       BUFG (Prop_bufg_I_O)         0.029     1.125 r  clk_IBUF_BUFG_inst/O
                         net (fo=31, routed)          0.850     1.975    uut/clk_IBUF_BUFG
    SLICE_X41Y67         FDRE                                         r  uut/Din_reg[15]/C
                         clock pessimism             -0.515     1.460    
    SLICE_X41Y67         FDRE (Hold_fdre_C_D)         0.105     1.565    uut/Din_reg[15]
  -------------------------------------------------------------------
                         required time                         -1.565    
                         arrival time                           1.834    
  -------------------------------------------------------------------
                         slack                                  0.269    

Slack (MET) :             0.269ns  (arrival time - required time)
  Source:                 uut/Din_reg[23]/C
                            (rising edge-triggered cell FDRE clocked by clk  {rise@0.000ns fall@5.000ns period=10.000ns})
  Destination:            uut/Din_reg[23]/D
                            (rising edge-triggered cell FDRE clocked by clk  {rise@0.000ns fall@5.000ns period=10.000ns})
  Path Group:             clk
  Path Type:              Hold (Min at Fast Process Corner)
  Requirement:            0.000ns  (clk rise@0.000ns - clk rise@0.000ns)
  Data Path Delay:        0.374ns  (logic 0.252ns (67.467%)  route 0.122ns (32.533%))
  Logic Levels:           1  (CARRY4=1)
  Clock Path Skew:        0.000ns (DCD - SCD - CPR)
    Destination Clock Delay (DCD):    1.973ns
    Source Clock Delay      (SCD):    1.458ns
    Clock Pessimism Removal (CPR):    0.515ns

    Location             Delay type                Incr(ns)  Path(ns)    Netlist Resource(s)
  -------------------------------------------------------------------    -------------------
                         (clock clk rise edge)        0.000     0.000 r  
    H16                                               0.000     0.000 r  clk (IN)
                         net (fo=0)                   0.000     0.000    clk
    H16                  IBUF (Prop_ibuf_I_O)         0.225     0.225 r  clk_IBUF_inst/O
                         net (fo=1, routed)           0.627     0.852    clk_IBUF
    BUFGCTRL_X0Y16       BUFG (Prop_bufg_I_O)         0.026     0.878 r  clk_IBUF_BUFG_inst/O
                         net (fo=31, routed)          0.580     1.458    uut/clk_IBUF_BUFG
    SLICE_X41Y69         FDRE                                         r  uut/Din_reg[23]/C
  -------------------------------------------------------------------    -------------------
    SLICE_X41Y69         FDRE (Prop_fdre_C_Q)         0.141     1.599 r  uut/Din_reg[23]/Q
                         net (fo=3, routed)           0.122     1.721    uut/Din[23]
    SLICE_X41Y69         CARRY4 (Prop_carry4_S[2]_O[2])
                                                      0.111     1.832 r  uut/plusOp_carry__4/O[2]
                         net (fo=1, routed)           0.000     1.832    uut/plusOp_carry__4_n_5
    SLICE_X41Y69         FDRE                                         r  uut/Din_reg[23]/D
  -------------------------------------------------------------------    -------------------

                         (clock clk rise edge)        0.000     0.000 r  
    H16                                               0.000     0.000 r  clk (IN)
                         net (fo=0)                   0.000     0.000    clk
    H16                  IBUF (Prop_ibuf_I_O)         0.413     0.413 r  clk_IBUF_inst/O
                         net (fo=1, routed)           0.683     1.096    clk_IBUF
    BUFGCTRL_X0Y16       BUFG (Prop_bufg_I_O)         0.029     1.125 r  clk_IBUF_BUFG_inst/O
                         net (fo=31, routed)          0.848     1.973    uut/clk_IBUF_BUFG
    SLICE_X41Y69         FDRE                                         r  uut/Din_reg[23]/C
                         clock pessimism             -0.515     1.458    
    SLICE_X41Y69         FDRE (Hold_fdre_C_D)         0.105     1.563    uut/Din_reg[23]
  -------------------------------------------------------------------
                         required time                         -1.563    
                         arrival time                           1.832    
  -------------------------------------------------------------------
                         slack                                  0.269    

Slack (MET) :             0.273ns  (arrival time - required time)
  Source:                 uut/Din_reg[16]/C
                            (rising edge-triggered cell FDRE clocked by clk  {rise@0.000ns fall@5.000ns period=10.000ns})
  Destination:            uut/Din_reg[16]/D
                            (rising edge-triggered cell FDRE clocked by clk  {rise@0.000ns fall@5.000ns period=10.000ns})
  Path Group:             clk
  Path Type:              Hold (Min at Fast Process Corner)
  Requirement:            0.000ns  (clk rise@0.000ns - clk rise@0.000ns)
  Data Path Delay:        0.378ns  (logic 0.249ns (65.842%)  route 0.129ns (34.158%))
  Logic Levels:           1  (CARRY4=1)
  Clock Path Skew:        0.000ns (DCD - SCD - CPR)
    Destination Clock Delay (DCD):    1.975ns
    Source Clock Delay      (SCD):    1.460ns
    Clock Pessimism Removal (CPR):    0.515ns

    Location             Delay type                Incr(ns)  Path(ns)    Netlist Resource(s)
  -------------------------------------------------------------------    -------------------
                         (clock clk rise edge)        0.000     0.000 r  
    H16                                               0.000     0.000 r  clk (IN)
                         net (fo=0)                   0.000     0.000    clk
    H16                  IBUF (Prop_ibuf_I_O)         0.225     0.225 r  clk_IBUF_inst/O
                         net (fo=1, routed)           0.627     0.852    clk_IBUF
    BUFGCTRL_X0Y16       BUFG (Prop_bufg_I_O)         0.026     0.878 r  clk_IBUF_BUFG_inst/O
                         net (fo=31, routed)          0.582     1.460    uut/clk_IBUF_BUFG
    SLICE_X41Y67         FDRE                                         r  uut/Din_reg[16]/C
  -------------------------------------------------------------------    -------------------
    SLICE_X41Y67         FDRE (Prop_fdre_C_Q)         0.141     1.601 r  uut/Din_reg[16]/Q
                         net (fo=4, routed)           0.129     1.730    uut/Din[16]
    SLICE_X41Y67         CARRY4 (Prop_carry4_S[3]_O[3])
                                                      0.108     1.838 r  uut/plusOp_carry__2/O[3]
                         net (fo=1, routed)           0.000     1.838    uut/plusOp_carry__2_n_4
    SLICE_X41Y67         FDRE                                         r  uut/Din_reg[16]/D
  -------------------------------------------------------------------    -------------------

                         (clock clk rise edge)        0.000     0.000 r  
    H16                                               0.000     0.000 r  clk (IN)
                         net (fo=0)                   0.000     0.000    clk
    H16                  IBUF (Prop_ibuf_I_O)         0.413     0.413 r  clk_IBUF_inst/O
                         net (fo=1, routed)           0.683     1.096    clk_IBUF
    BUFGCTRL_X0Y16       BUFG (Prop_bufg_I_O)         0.029     1.125 r  clk_IBUF_BUFG_inst/O
                         net (fo=31, routed)          0.850     1.975    uut/clk_IBUF_BUFG
    SLICE_X41Y67         FDRE                                         r  uut/Din_reg[16]/C
                         clock pessimism             -0.515     1.460    
    SLICE_X41Y67         FDRE (Hold_fdre_C_D)         0.105     1.565    uut/Din_reg[16]
  -------------------------------------------------------------------
                         required time                         -1.565    
                         arrival time                           1.838    
  -------------------------------------------------------------------
                         slack                                  0.273    

Slack (MET) :             0.273ns  (arrival time - required time)
  Source:                 uut/Din_reg[12]/C
                            (rising edge-triggered cell FDRE clocked by clk  {rise@0.000ns fall@5.000ns period=10.000ns})
  Destination:            uut/Din_reg[12]/D
                            (rising edge-triggered cell FDRE clocked by clk  {rise@0.000ns fall@5.000ns period=10.000ns})
  Path Group:             clk
  Path Type:              Hold (Min at Fast Process Corner)
  Requirement:            0.000ns  (clk rise@0.000ns - clk rise@0.000ns)
  Data Path Delay:        0.378ns  (logic 0.249ns (65.813%)  route 0.129ns (34.187%))
  Logic Levels:           1  (CARRY4=1)
  Clock Path Skew:        0.000ns (DCD - SCD - CPR)
    Destination Clock Delay (DCD):    1.976ns
    Source Clock Delay      (SCD):    1.461ns
    Clock Pessimism Removal (CPR):    0.515ns

    Location             Delay type                Incr(ns)  Path(ns)    Netlist Resource(s)
  -------------------------------------------------------------------    -------------------
                         (clock clk rise edge)        0.000     0.000 r  
    H16                                               0.000     0.000 r  clk (IN)
                         net (fo=0)                   0.000     0.000    clk
    H16                  IBUF (Prop_ibuf_I_O)         0.225     0.225 r  clk_IBUF_inst/O
                         net (fo=1, routed)           0.627     0.852    clk_IBUF
    BUFGCTRL_X0Y16       BUFG (Prop_bufg_I_O)         0.026     0.878 r  clk_IBUF_BUFG_inst/O
                         net (fo=31, routed)          0.583     1.461    uut/clk_IBUF_BUFG
    SLICE_X41Y66         FDRE                                         r  uut/Din_reg[12]/C
  -------------------------------------------------------------------    -------------------
    SLICE_X41Y66         FDRE (Prop_fdre_C_Q)         0.141     1.602 r  uut/Din_reg[12]/Q
                         net (fo=4, routed)           0.129     1.731    uut/Din[12]
    SLICE_X41Y66         CARRY4 (Prop_carry4_S[3]_O[3])
                                                      0.108     1.839 r  uut/plusOp_carry__1/O[3]
                         net (fo=1, routed)           0.000     1.839    uut/plusOp_carry__1_n_4
    SLICE_X41Y66         FDRE                                         r  uut/Din_reg[12]/D
  -------------------------------------------------------------------    -------------------

                         (clock clk rise edge)        0.000     0.000 r  
    H16                                               0.000     0.000 r  clk (IN)
                         net (fo=0)                   0.000     0.000    clk
    H16                  IBUF (Prop_ibuf_I_O)         0.413     0.413 r  clk_IBUF_inst/O
                         net (fo=1, routed)           0.683     1.096    clk_IBUF
    BUFGCTRL_X0Y16       BUFG (Prop_bufg_I_O)         0.029     1.125 r  clk_IBUF_BUFG_inst/O
                         net (fo=31, routed)          0.851     1.976    uut/clk_IBUF_BUFG
    SLICE_X41Y66         FDRE                                         r  uut/Din_reg[12]/C
                         clock pessimism             -0.515     1.461    
    SLICE_X41Y66         FDRE (Hold_fdre_C_D)         0.105     1.566    uut/Din_reg[12]
  -------------------------------------------------------------------
                         required time                         -1.566    
                         arrival time                           1.839    
  -------------------------------------------------------------------
                         slack                                  0.273    





Pulse Width Checks
--------------------------------------------------------------------------------------
Clock Name:         clk
Waveform(ns):       { 0.000 5.000 }
Period(ns):         10.000
Sources:            { clk }

Check Type        Corner  Lib Pin  Reference Pin  Required(ns)  Actual(ns)  Slack(ns)  Location        Pin
Min Period        n/a     BUFG/I   n/a            2.155         10.000      7.845      BUFGCTRL_X0Y16  clk_IBUF_BUFG_inst/I
Min Period        n/a     FDCE/C   n/a            1.000         10.000      9.000      SLICE_X40Y65    FSM_sequential_current_state_reg[0]/C
Min Period        n/a     FDCE/C   n/a            1.000         10.000      9.000      SLICE_X40Y65    FSM_sequential_current_state_reg[1]/C
Min Period        n/a     FDCE/C   n/a            1.000         10.000      9.000      SLICE_X40Y65    cnt_reg[0]/C
Min Period        n/a     FDCE/C   n/a            1.000         10.000      9.000      SLICE_X40Y65    cnt_reg[1]/C
Min Period        n/a     FDSE/C   n/a            1.000         10.000      9.000      SLICE_X39Y66    uut/Din_reg[0]/C
Min Period        n/a     FDRE/C   n/a            1.000         10.000      9.000      SLICE_X41Y66    uut/Din_reg[10]/C
Min Period        n/a     FDRE/C   n/a            1.000         10.000      9.000      SLICE_X41Y66    uut/Din_reg[11]/C
Min Period        n/a     FDRE/C   n/a            1.000         10.000      9.000      SLICE_X41Y66    uut/Din_reg[12]/C
Min Period        n/a     FDRE/C   n/a            1.000         10.000      9.000      SLICE_X41Y67    uut/Din_reg[13]/C
Low Pulse Width   Slow    FDRE/C   n/a            0.500         5.000       4.500      SLICE_X41Y68    uut/Din_reg[17]/C
Low Pulse Width   Slow    FDRE/C   n/a            0.500         5.000       4.500      SLICE_X41Y68    uut/Din_reg[18]/C
Low Pulse Width   Slow    FDRE/C   n/a            0.500         5.000       4.500      SLICE_X41Y68    uut/Din_reg[19]/C
Low Pulse Width   Slow    FDRE/C   n/a            0.500         5.000       4.500      SLICE_X41Y68    uut/Din_reg[20]/C
Low Pulse Width   Slow    FDSE/C   n/a            0.500         5.000       4.500      SLICE_X39Y66    uut/Din_reg[0]/C
Low Pulse Width   Slow    FDRE/C   n/a            0.500         5.000       4.500      SLICE_X41Y67    uut/Din_reg[13]/C
Low Pulse Width   Slow    FDRE/C   n/a            0.500         5.000       4.500      SLICE_X41Y67    uut/Din_reg[14]/C
Low Pulse Width   Slow    FDRE/C   n/a            0.500         5.000       4.500      SLICE_X41Y67    uut/Din_reg[15]/C
Low Pulse Width   Slow    FDRE/C   n/a            0.500         5.000       4.500      SLICE_X41Y67    uut/Din_reg[16]/C
Low Pulse Width   Slow    FDRE/C   n/a            0.500         5.000       4.500      SLICE_X40Y67    uut/led_reg/C
High Pulse Width  Slow    FDCE/C   n/a            0.500         5.000       4.500      SLICE_X40Y65    FSM_sequential_current_state_reg[0]/C
High Pulse Width  Fast    FDCE/C   n/a            0.500         5.000       4.500      SLICE_X40Y65    FSM_sequential_current_state_reg[0]/C
High Pulse Width  Slow    FDCE/C   n/a            0.500         5.000       4.500      SLICE_X40Y65    FSM_sequential_current_state_reg[1]/C
High Pulse Width  Fast    FDCE/C   n/a            0.500         5.000       4.500      SLICE_X40Y65    FSM_sequential_current_state_reg[1]/C
High Pulse Width  Slow    FDCE/C   n/a            0.500         5.000       4.500      SLICE_X40Y65    cnt_reg[0]/C
High Pulse Width  Fast    FDCE/C   n/a            0.500         5.000       4.500      SLICE_X40Y65    cnt_reg[0]/C
High Pulse Width  Slow    FDCE/C   n/a            0.500         5.000       4.500      SLICE_X40Y65    cnt_reg[1]/C
High Pulse Width  Fast    FDCE/C   n/a            0.500         5.000       4.500      SLICE_X40Y65    cnt_reg[1]/C
High Pulse Width  Slow    FDRE/C   n/a            0.500         5.000       4.500      SLICE_X41Y66    uut/Din_reg[10]/C
High Pulse Width  Slow    FDRE/C   n/a            0.500         5.000       4.500      SLICE_X41Y66    uut/Din_reg[11]/C



