Copyright 1986-2020 Xilinx, Inc. All Rights Reserved.
--------------------------------------------------------------------------------------------------------------------------------------------------------------------------------
| Tool Version : Vivado v.2020.2 (win64) Build 3064766 Wed Nov 18 09:12:45 MST 2020
| Date         : Thu Jul 16 14:51:14 2026
| Host         : LAPTOP-9066CLLC running 64-bit major release  (build 9200)
| Command      : report_timing_summary -max_paths 10 -file FSM_timing_summary_routed.rpt -pb FSM_timing_summary_routed.pb -rpx FSM_timing_summary_routed.rpx -warn_on_violation
| Design       : FSM
| Device       : 7z010-clg400
| Speed File   : -1  PRODUCTION 1.12 2019-11-22
--------------------------------------------------------------------------------------------------------------------------------------------------------------------------------

Timing Summary Report

------------------------------------------------------------------------------------------------
| Timer Settings
| --------------
------------------------------------------------------------------------------------------------

  Enable Multi Corner Analysis               :  Yes
  Enable Pessimism Removal                   :  Yes
  Pessimism Removal Resolution               :  Nearest Common Node
  Enable Input Delay Default Clock           :  No
  Enable Preset / Clear Arcs                 :  No
  Disable Flight Delays                      :  No
  Ignore I/O Paths                           :  No
  Timing Early Launch at Borrowing Latches   :  No
  Borrow Time for Max Delay Exceptions       :  Yes
  Merge Timing Exceptions                    :  Yes

  Corner  Analyze    Analyze    
  Name    Max Paths  Min Paths  
  ------  ---------  ---------  
  Slow    Yes        Yes        
  Fast    Yes        Yes        



check_timing report

Table of Contents
-----------------
1. checking no_clock (4)
2. checking constant_clock (0)
3. checking pulse_width_clock (0)
4. checking unconstrained_internal_endpoints (2)
5. checking no_input_delay (2)
6. checking no_output_delay (2)
7. checking multiple_clock (0)
8. checking generated_clocks (0)
9. checking loops (0)
10. checking partial_input_delay (0)
11. checking partial_output_delay (0)
12. checking latch_loops (0)

1. checking no_clock (4)
------------------------
 There are 2 register/latch pins with no clock driven by root clock pin: current_color_reg[0]/Q (HIGH)

 There are 2 register/latch pins with no clock driven by root clock pin: current_color_reg[1]/Q (HIGH)


2. checking constant_clock (0)
------------------------------
 There are 0 register/latch pins with constant_clock.


3. checking pulse_width_clock (0)
---------------------------------
 There are 0 register/latch pins which need pulse_width check


4. checking unconstrained_internal_endpoints (2)
------------------------------------------------
 There are 2 pins that are not constrained for maximum delay. (HIGH)

 There are 0 pins that are not constrained for maximum delay due to constant clock.


5. checking no_input_delay (2)
------------------------------
 There are 2 input ports with no input delay specified. (HIGH)

 There are 0 input ports with no input delay but user has a false path constraint.


6. checking no_output_delay (2)
-------------------------------
 There are 2 ports with no output delay specified. (HIGH)

 There are 0 ports with no output delay but user has a false path constraint

 There are 0 ports with no output delay but with a timing clock defined on it or propagating through it


7. checking multiple_clock (0)
------------------------------
 There are 0 register/latch pins with multiple clocks.


8. checking generated_clocks (0)
--------------------------------
 There are 0 generated clocks that are not connected to a clock source.


9. checking loops (0)
---------------------
 There are 0 combinational loops in the design.


10. checking partial_input_delay (0)
------------------------------------
 There are 0 input ports with partial input delay specified.


11. checking partial_output_delay (0)
-------------------------------------
 There are 0 ports with partial output delay specified.


12. checking latch_loops (0)
----------------------------
 There are 0 combinational latch loops in the design through latch input



------------------------------------------------------------------------------------------------
| Design Timing Summary
| ---------------------
------------------------------------------------------------------------------------------------

    WNS(ns)      TNS(ns)  TNS Failing Endpoints  TNS Total Endpoints      WHS(ns)      THS(ns)  THS Failing Endpoints  THS Total Endpoints     WPWS(ns)     TPWS(ns)  TPWS Failing Endpoints  TPWS Total Endpoints  
    -------      -------  ---------------------  -------------------      -------      -------  ---------------------  -------------------     --------     --------  ----------------------  --------------------  
      5.679        0.000                      0                   57        0.261        0.000                      0                   57        4.500        0.000                       0                    31  


All user specified timing constraints are met.


------------------------------------------------------------------------------------------------
| Clock Summary
| -------------
------------------------------------------------------------------------------------------------

Clock  Waveform(ns)       Period(ns)      Frequency(MHz)
-----  ------------       ----------      --------------
clk    {0.000 5.000}      10.000          100.000         


------------------------------------------------------------------------------------------------
| Intra Clock Table
| -----------------
------------------------------------------------------------------------------------------------

Clock             WNS(ns)      TNS(ns)  TNS Failing Endpoints  TNS Total Endpoints      WHS(ns)      THS(ns)  THS Failing Endpoints  THS Total Endpoints     WPWS(ns)     TPWS(ns)  TPWS Failing Endpoints  TPWS Total Endpoints  
-----             -------      -------  ---------------------  -------------------      -------      -------  ---------------------  -------------------     --------     --------  ----------------------  --------------------  
clk                 5.679        0.000                      0                   57        0.261        0.000                      0                   57        4.500        0.000                       0                    31  


------------------------------------------------------------------------------------------------
| Inter Clock Table
| -----------------
------------------------------------------------------------------------------------------------

From Clock    To Clock          WNS(ns)      TNS(ns)  TNS Failing Endpoints  TNS Total Endpoints      WHS(ns)      THS(ns)  THS Failing Endpoints  THS Total Endpoints  
----------    --------          -------      -------  ---------------------  -------------------      -------      -------  ---------------------  -------------------  


------------------------------------------------------------------------------------------------
| Other Path Groups Table
| -----------------------
------------------------------------------------------------------------------------------------

Path Group    From Clock    To Clock          WNS(ns)      TNS(ns)  TNS Failing Endpoints  TNS Total Endpoints      WHS(ns)      THS(ns)  THS Failing Endpoints  THS Total Endpoints  
----------    ----------    --------          -------      -------  ---------------------  -------------------      -------      -------  ---------------------  -------------------  


------------------------------------------------------------------------------------------------
| Timing Details
| --------------
------------------------------------------------------------------------------------------------


---------------------------------------------------------------------------------------------------
From Clock:  clk
  To Clock:  clk

Setup :            0  Failing Endpoints,  Worst Slack        5.679ns,  Total Violation        0.000ns
Hold  :            0  Failing Endpoints,  Worst Slack        0.261ns,  Total Violation        0.000ns
PW    :            0  Failing Endpoints,  Worst Slack        4.500ns,  Total Violation        0.000ns
---------------------------------------------------------------------------------------------------


Max Delay Paths
--------------------------------------------------------------------------------------
Slack (MET) :             5.679ns  (required time - arrival time)
  Source:                 uut/Din_reg[9]/C
                            (rising edge-triggered cell FDRE clocked by clk  {rise@0.000ns fall@5.000ns period=10.000ns})
  Destination:            uut/Din_reg[0]/S
                            (rising edge-triggered cell FDSE clocked by clk  {rise@0.000ns fall@5.000ns period=10.000ns})
  Path Group:             clk
  Path Type:              Setup (Max at Slow Process Corner)
  Requirement:            10.000ns  (clk rise@10.000ns - clk rise@0.000ns)
  Data Path Delay:        3.739ns  (logic 1.056ns (28.243%)  route 2.683ns (71.757%))
  Logic Levels:           3  (LUT4=1 LUT5=1 LUT6=1)
  Clock Path Skew:        -0.023ns (DCD - SCD + CPR)
    Destination Clock Delay (DCD):    4.911ns = ( 14.911 - 10.000 ) 
    Source Clock Delay      (SCD):    5.362ns
    Clock Pessimism Removal (CPR):    0.429ns
  Clock Uncertainty:      0.035ns  ((TSJ^2 + TIJ^2)^1/2 + DJ) / 2 + PE
    Total System Jitter     (TSJ):    0.071ns
    Total Input Jitter      (TIJ):    0.000ns
    Discrete Jitter          (DJ):    0.000ns
    Phase Error              (PE):    0.000ns

    Location             Delay type                Incr(ns)  Path(ns)    Netlist Resource(s)
  -------------------------------------------------------------------    -------------------
                         (clock clk rise edge)        0.000     0.000 r  
    H16                                               0.000     0.000 r  clk (IN)
                         net (fo=0)                   0.000     0.000    clk
    H16                  IBUF (Prop_ibuf_I_O)         1.457     1.457 r  clk_IBUF_inst/O
                         net (fo=1, routed)           2.076     3.533    clk_IBUF
    BUFGCTRL_X0Y16       BUFG (Prop_bufg_I_O)         0.101     3.634 r  clk_IBUF_BUFG_inst/O
                         net (fo=30, routed)          1.728     5.362    uut/clk_IBUF_BUFG
    SLICE_X43Y69         FDRE                                         r  uut/Din_reg[9]/C
  -------------------------------------------------------------------    -------------------
    SLICE_X43Y69         FDRE (Prop_fdre_C_Q)         0.456     5.818 r  uut/Din_reg[9]/Q
                         net (fo=3, routed)           0.861     6.679    uut/Din[9]
    SLICE_X42Y69         LUT4 (Prop_lut4_I2_O)        0.148     6.827 r  uut/Din[26]_i_4/O
                         net (fo=2, routed)           0.333     7.160    uut/Din[26]_i_4_n_0
    SLICE_X42Y71         LUT5 (Prop_lut5_I1_O)        0.328     7.488 r  uut/Din[26]_i_3/O
                         net (fo=1, routed)           0.680     8.168    uut/Din[26]_i_3_n_0
    SLICE_X42Y71         LUT6 (Prop_lut6_I5_O)        0.124     8.292 r  uut/Din[26]_i_1/O
                         net (fo=27, routed)          0.809     9.101    uut/Din[26]_i_1_n_0
    SLICE_X42Y68         FDSE                                         r  uut/Din_reg[0]/S
  -------------------------------------------------------------------    -------------------

                         (clock clk rise edge)       10.000    10.000 r  
    H16                                               0.000    10.000 r  clk (IN)
                         net (fo=0)                   0.000    10.000    clk
    H16                  IBUF (Prop_ibuf_I_O)         1.387    11.387 r  clk_IBUF_inst/O
                         net (fo=1, routed)           1.880    13.267    clk_IBUF
    BUFGCTRL_X0Y16       BUFG (Prop_bufg_I_O)         0.091    13.358 r  clk_IBUF_BUFG_inst/O
                         net (fo=30, routed)          1.553    14.911    uut/clk_IBUF_BUFG
    SLICE_X42Y68         FDSE                                         r  uut/Din_reg[0]/C
                         clock pessimism              0.429    15.339    
                         clock uncertainty           -0.035    15.304    
    SLICE_X42Y68         FDSE (Setup_fdse_C_S)       -0.524    14.780    uut/Din_reg[0]
  -------------------------------------------------------------------
                         required time                         14.780    
                         arrival time                          -9.101    
  -------------------------------------------------------------------
                         slack                                  5.679    

Slack (MET) :             5.734ns  (required time - arrival time)
  Source:                 uut/Din_reg[9]/C
                            (rising edge-triggered cell FDRE clocked by clk  {rise@0.000ns fall@5.000ns period=10.000ns})
  Destination:            uut/Din_reg[1]/R
                            (rising edge-triggered cell FDRE clocked by clk  {rise@0.000ns fall@5.000ns period=10.000ns})
  Path Group:             clk
  Path Type:              Setup (Max at Slow Process Corner)
  Requirement:            10.000ns  (clk rise@10.000ns - clk rise@0.000ns)
  Data Path Delay:        3.781ns  (logic 1.056ns (27.932%)  route 2.725ns (72.068%))
  Logic Levels:           3  (LUT4=1 LUT5=1 LUT6=1)
  Clock Path Skew:        -0.021ns (DCD - SCD + CPR)
    Destination Clock Delay (DCD):    4.913ns = ( 14.913 - 10.000 ) 
    Source Clock Delay      (SCD):    5.362ns
    Clock Pessimism Removal (CPR):    0.429ns
  Clock Uncertainty:      0.035ns  ((TSJ^2 + TIJ^2)^1/2 + DJ) / 2 + PE
    Total System Jitter     (TSJ):    0.071ns
    Total Input Jitter      (TIJ):    0.000ns
    Discrete Jitter          (DJ):    0.000ns
    Phase Error              (PE):    0.000ns

    Location             Delay type                Incr(ns)  Path(ns)    Netlist Resource(s)
  -------------------------------------------------------------------    -------------------
                         (clock clk rise edge)        0.000     0.000 r  
    H16                                               0.000     0.000 r  clk (IN)
                         net (fo=0)                   0.000     0.000    clk
    H16                  IBUF (Prop_ibuf_I_O)         1.457     1.457 r  clk_IBUF_inst/O
                         net (fo=1, routed)           2.076     3.533    clk_IBUF
    BUFGCTRL_X0Y16       BUFG (Prop_bufg_I_O)         0.101     3.634 r  clk_IBUF_BUFG_inst/O
                         net (fo=30, routed)          1.728     5.362    uut/clk_IBUF_BUFG
    SLICE_X43Y69         FDRE                                         r  uut/Din_reg[9]/C
  -------------------------------------------------------------------    -------------------
    SLICE_X43Y69         FDRE (Prop_fdre_C_Q)         0.456     5.818 r  uut/Din_reg[9]/Q
                         net (fo=3, routed)           0.861     6.679    uut/Din[9]
    SLICE_X42Y69         LUT4 (Prop_lut4_I2_O)        0.148     6.827 r  uut/Din[26]_i_4/O
                         net (fo=2, routed)           0.333     7.160    uut/Din[26]_i_4_n_0
    SLICE_X42Y71         LUT5 (Prop_lut5_I1_O)        0.328     7.488 r  uut/Din[26]_i_3/O
                         net (fo=1, routed)           0.680     8.168    uut/Din[26]_i_3_n_0
    SLICE_X42Y71         LUT6 (Prop_lut6_I5_O)        0.124     8.292 r  uut/Din[26]_i_1/O
                         net (fo=27, routed)          0.851     9.143    uut/Din[26]_i_1_n_0
    SLICE_X43Y67         FDRE                                         r  uut/Din_reg[1]/R
  -------------------------------------------------------------------    -------------------

                         (clock clk rise edge)       10.000    10.000 r  
    H16                                               0.000    10.000 r  clk (IN)
                         net (fo=0)                   0.000    10.000    clk
    H16                  IBUF (Prop_ibuf_I_O)         1.387    11.387 r  clk_IBUF_inst/O
                         net (fo=1, routed)           1.880    13.267    clk_IBUF
    BUFGCTRL_X0Y16       BUFG (Prop_bufg_I_O)         0.091    13.358 r  clk_IBUF_BUFG_inst/O
                         net (fo=30, routed)          1.555    14.913    uut/clk_IBUF_BUFG
    SLICE_X43Y67         FDRE                                         r  uut/Din_reg[1]/C
                         clock pessimism              0.429    15.341    
                         clock uncertainty           -0.035    15.306    
    SLICE_X43Y67         FDRE (Setup_fdre_C_R)       -0.429    14.877    uut/Din_reg[1]
  -------------------------------------------------------------------
                         required time                         14.877    
                         arrival time                          -9.143    
  -------------------------------------------------------------------
                         slack                                  5.734    

Slack (MET) :             5.734ns  (required time - arrival time)
  Source:                 uut/Din_reg[9]/C
                            (rising edge-triggered cell FDRE clocked by clk  {rise@0.000ns fall@5.000ns period=10.000ns})
  Destination:            uut/Din_reg[2]/R
                            (rising edge-triggered cell FDRE clocked by clk  {rise@0.000ns fall@5.000ns period=10.000ns})
  Path Group:             clk
  Path Type:              Setup (Max at Slow Process Corner)
  Requirement:            10.000ns  (clk rise@10.000ns - clk rise@0.000ns)
  Data Path Delay:        3.781ns  (logic 1.056ns (27.932%)  route 2.725ns (72.068%))
  Logic Levels:           3  (LUT4=1 LUT5=1 LUT6=1)
  Clock Path Skew:        -0.021ns (DCD - SCD + CPR)
    Destination Clock Delay (DCD):    4.913ns = ( 14.913 - 10.000 ) 
    Source Clock Delay      (SCD):    5.362ns
    Clock Pessimism Removal (CPR):    0.429ns
  Clock Uncertainty:      0.035ns  ((TSJ^2 + TIJ^2)^1/2 + DJ) / 2 + PE
    Total System Jitter     (TSJ):    0.071ns
    Total Input Jitter      (TIJ):    0.000ns
    Discrete Jitter          (DJ):    0.000ns
    Phase Error              (PE):    0.000ns

    Location             Delay type                Incr(ns)  Path(ns)    Netlist Resource(s)
  -------------------------------------------------------------------    -------------------
                         (clock clk rise edge)        0.000     0.000 r  
    H16                                               0.000     0.000 r  clk (IN)
                         net (fo=0)                   0.000     0.000    clk
    H16                  IBUF (Prop_ibuf_I_O)         1.457     1.457 r  clk_IBUF_inst/O
                         net (fo=1, routed)           2.076     3.533    clk_IBUF
    BUFGCTRL_X0Y16       BUFG (Prop_bufg_I_O)         0.101     3.634 r  clk_IBUF_BUFG_inst/O
                         net (fo=30, routed)          1.728     5.362    uut/clk_IBUF_BUFG
    SLICE_X43Y69         FDRE                                         r  uut/Din_reg[9]/C
  -------------------------------------------------------------------    -------------------
    SLICE_X43Y69         FDRE (Prop_fdre_C_Q)         0.456     5.818 r  uut/Din_reg[9]/Q
                         net (fo=3, routed)           0.861     6.679    uut/Din[9]
    SLICE_X42Y69         LUT4 (Prop_lut4_I2_O)        0.148     6.827 r  uut/Din[26]_i_4/O
                         net (fo=2, routed)           0.333     7.160    uut/Din[26]_i_4_n_0
    SLICE_X42Y71         LUT5 (Prop_lut5_I1_O)        0.328     7.488 r  uut/Din[26]_i_3/O
                         net (fo=1, routed)           0.680     8.168    uut/Din[26]_i_3_n_0
    SLICE_X42Y71         LUT6 (Prop_lut6_I5_O)        0.124     8.292 r  uut/Din[26]_i_1/O
                         net (fo=27, routed)          0.851     9.143    uut/Din[26]_i_1_n_0
    SLICE_X43Y67         FDRE                                         r  uut/Din_reg[2]/R
  -------------------------------------------------------------------    -------------------

                         (clock clk rise edge)       10.000    10.000 r  
    H16                                               0.000    10.000 r  clk (IN)
                         net (fo=0)                   0.000    10.000    clk
    H16                  IBUF (Prop_ibuf_I_O)         1.387    11.387 r  clk_IBUF_inst/O
                         net (fo=1, routed)           1.880    13.267    clk_IBUF
    BUFGCTRL_X0Y16       BUFG (Prop_bufg_I_O)         0.091    13.358 r  clk_IBUF_BUFG_inst/O
                         net (fo=30, routed)          1.555    14.913    uut/clk_IBUF_BUFG
    SLICE_X43Y67         FDRE                                         r  uut/Din_reg[2]/C
                         clock pessimism              0.429    15.341    
                         clock uncertainty           -0.035    15.306    
    SLICE_X43Y67         FDRE (Setup_fdre_C_R)       -0.429    14.877    uut/Din_reg[2]
  -------------------------------------------------------------------
                         required time                         14.877    
                         arrival time                          -9.143    
  -------------------------------------------------------------------
                         slack                                  5.734    

Slack (MET) :             5.734ns  (required time - arrival time)
  Source:                 uut/Din_reg[9]/C
                            (rising edge-triggered cell FDRE clocked by clk  {rise@0.000ns fall@5.000ns period=10.000ns})
  Destination:            uut/Din_reg[3]/R
                            (rising edge-triggered cell FDRE clocked by clk  {rise@0.000ns fall@5.000ns period=10.000ns})
  Path Group:             clk
  Path Type:              Setup (Max at Slow Process Corner)
  Requirement:            10.000ns  (clk rise@10.000ns - clk rise@0.000ns)
  Data Path Delay:        3.781ns  (logic 1.056ns (27.932%)  route 2.725ns (72.068%))
  Logic Levels:           3  (LUT4=1 LUT5=1 LUT6=1)
  Clock Path Skew:        -0.021ns (DCD - SCD + CPR)
    Destination Clock Delay (DCD):    4.913ns = ( 14.913 - 10.000 ) 
    Source Clock Delay      (SCD):    5.362ns
    Clock Pessimism Removal (CPR):    0.429ns
  Clock Uncertainty:      0.035ns  ((TSJ^2 + TIJ^2)^1/2 + DJ) / 2 + PE
    Total System Jitter     (TSJ):    0.071ns
    Total Input Jitter      (TIJ):    0.000ns
    Discrete Jitter          (DJ):    0.000ns
    Phase Error              (PE):    0.000ns

    Location             Delay type                Incr(ns)  Path(ns)    Netlist Resource(s)
  -------------------------------------------------------------------    -------------------
                         (clock clk rise edge)        0.000     0.000 r  
    H16                                               0.000     0.000 r  clk (IN)
                         net (fo=0)                   0.000     0.000    clk
    H16                  IBUF (Prop_ibuf_I_O)         1.457     1.457 r  clk_IBUF_inst/O
                         net (fo=1, routed)           2.076     3.533    clk_IBUF
    BUFGCTRL_X0Y16       BUFG (Prop_bufg_I_O)         0.101     3.634 r  clk_IBUF_BUFG_inst/O
                         net (fo=30, routed)          1.728     5.362    uut/clk_IBUF_BUFG
    SLICE_X43Y69         FDRE                                         r  uut/Din_reg[9]/C
  -------------------------------------------------------------------    -------------------
    SLICE_X43Y69         FDRE (Prop_fdre_C_Q)         0.456     5.818 r  uut/Din_reg[9]/Q
                         net (fo=3, routed)           0.861     6.679    uut/Din[9]
    SLICE_X42Y69         LUT4 (Prop_lut4_I2_O)        0.148     6.827 r  uut/Din[26]_i_4/O
                         net (fo=2, routed)           0.333     7.160    uut/Din[26]_i_4_n_0
    SLICE_X42Y71         LUT5 (Prop_lut5_I1_O)        0.328     7.488 r  uut/Din[26]_i_3/O
                         net (fo=1, routed)           0.680     8.168    uut/Din[26]_i_3_n_0
    SLICE_X42Y71         LUT6 (Prop_lut6_I5_O)        0.124     8.292 r  uut/Din[26]_i_1/O
                         net (fo=27, routed)          0.851     9.143    uut/Din[26]_i_1_n_0
    SLICE_X43Y67         FDRE                                         r  uut/Din_reg[3]/R
  -------------------------------------------------------------------    -------------------

                         (clock clk rise edge)       10.000    10.000 r  
    H16                                               0.000    10.000 r  clk (IN)
                         net (fo=0)                   0.000    10.000    clk
    H16                  IBUF (Prop_ibuf_I_O)         1.387    11.387 r  clk_IBUF_inst/O
                         net (fo=1, routed)           1.880    13.267    clk_IBUF
    BUFGCTRL_X0Y16       BUFG (Prop_bufg_I_O)         0.091    13.358 r  clk_IBUF_BUFG_inst/O
                         net (fo=30, routed)          1.555    14.913    uut/clk_IBUF_BUFG
    SLICE_X43Y67         FDRE                                         r  uut/Din_reg[3]/C
                         clock pessimism              0.429    15.341    
                         clock uncertainty           -0.035    15.306    
    SLICE_X43Y67         FDRE (Setup_fdre_C_R)       -0.429    14.877    uut/Din_reg[3]
  -------------------------------------------------------------------
                         required time                         14.877    
                         arrival time                          -9.143    
  -------------------------------------------------------------------
                         slack                                  5.734    

Slack (MET) :             5.734ns  (required time - arrival time)
  Source:                 uut/Din_reg[9]/C
                            (rising edge-triggered cell FDRE clocked by clk  {rise@0.000ns fall@5.000ns period=10.000ns})
  Destination:            uut/Din_reg[4]/R
                            (rising edge-triggered cell FDRE clocked by clk  {rise@0.000ns fall@5.000ns period=10.000ns})
  Path Group:             clk
  Path Type:              Setup (Max at Slow Process Corner)
  Requirement:            10.000ns  (clk rise@10.000ns - clk rise@0.000ns)
  Data Path Delay:        3.781ns  (logic 1.056ns (27.932%)  route 2.725ns (72.068%))
  Logic Levels:           3  (LUT4=1 LUT5=1 LUT6=1)
  Clock Path Skew:        -0.021ns (DCD - SCD + CPR)
    Destination Clock Delay (DCD):    4.913ns = ( 14.913 - 10.000 ) 
    Source Clock Delay      (SCD):    5.362ns
    Clock Pessimism Removal (CPR):    0.429ns
  Clock Uncertainty:      0.035ns  ((TSJ^2 + TIJ^2)^1/2 + DJ) / 2 + PE
    Total System Jitter     (TSJ):    0.071ns
    Total Input Jitter      (TIJ):    0.000ns
    Discrete Jitter          (DJ):    0.000ns
    Phase Error              (PE):    0.000ns

    Location             Delay type                Incr(ns)  Path(ns)    Netlist Resource(s)
  -------------------------------------------------------------------    -------------------
                         (clock clk rise edge)        0.000     0.000 r  
    H16                                               0.000     0.000 r  clk (IN)
                         net (fo=0)                   0.000     0.000    clk
    H16                  IBUF (Prop_ibuf_I_O)         1.457     1.457 r  clk_IBUF_inst/O
                         net (fo=1, routed)           2.076     3.533    clk_IBUF
    BUFGCTRL_X0Y16       BUFG (Prop_bufg_I_O)         0.101     3.634 r  clk_IBUF_BUFG_inst/O
                         net (fo=30, routed)          1.728     5.362    uut/clk_IBUF_BUFG
    SLICE_X43Y69         FDRE                                         r  uut/Din_reg[9]/C
  -------------------------------------------------------------------    -------------------
    SLICE_X43Y69         FDRE (Prop_fdre_C_Q)         0.456     5.818 r  uut/Din_reg[9]/Q
                         net (fo=3, routed)           0.861     6.679    uut/Din[9]
    SLICE_X42Y69         LUT4 (Prop_lut4_I2_O)        0.148     6.827 r  uut/Din[26]_i_4/O
                         net (fo=2, routed)           0.333     7.160    uut/Din[26]_i_4_n_0
    SLICE_X42Y71         LUT5 (Prop_lut5_I1_O)        0.328     7.488 r  uut/Din[26]_i_3/O
                         net (fo=1, routed)           0.680     8.168    uut/Din[26]_i_3_n_0
    SLICE_X42Y71         LUT6 (Prop_lut6_I5_O)        0.124     8.292 r  uut/Din[26]_i_1/O
                         net (fo=27, routed)          0.851     9.143    uut/Din[26]_i_1_n_0
    SLICE_X43Y67         FDRE                                         r  uut/Din_reg[4]/R
  -------------------------------------------------------------------    -------------------

                         (clock clk rise edge)       10.000    10.000 r  
    H16                                               0.000    10.000 r  clk (IN)
                         net (fo=0)                   0.000    10.000    clk
    H16                  IBUF (Prop_ibuf_I_O)         1.387    11.387 r  clk_IBUF_inst/O
                         net (fo=1, routed)           1.880    13.267    clk_IBUF
    BUFGCTRL_X0Y16       BUFG (Prop_bufg_I_O)         0.091    13.358 r  clk_IBUF_BUFG_inst/O
                         net (fo=30, routed)          1.555    14.913    uut/clk_IBUF_BUFG
    SLICE_X43Y67         FDRE                                         r  uut/Din_reg[4]/C
                         clock pessimism              0.429    15.341    
                         clock uncertainty           -0.035    15.306    
    SLICE_X43Y67         FDRE (Setup_fdre_C_R)       -0.429    14.877    uut/Din_reg[4]
  -------------------------------------------------------------------
                         required time                         14.877    
                         arrival time                          -9.143    
  -------------------------------------------------------------------
                         slack                                  5.734    

Slack (MET) :             5.774ns  (required time - arrival time)
  Source:                 uut/Din_reg[9]/C
                            (rising edge-triggered cell FDRE clocked by clk  {rise@0.000ns fall@5.000ns period=10.000ns})
  Destination:            uut/Din_reg[5]/R
                            (rising edge-triggered cell FDRE clocked by clk  {rise@0.000ns fall@5.000ns period=10.000ns})
  Path Group:             clk
  Path Type:              Setup (Max at Slow Process Corner)
  Requirement:            10.000ns  (clk rise@10.000ns - clk rise@0.000ns)
  Data Path Delay:        3.739ns  (logic 1.056ns (28.243%)  route 2.683ns (71.757%))
  Logic Levels:           3  (LUT4=1 LUT5=1 LUT6=1)
  Clock Path Skew:        -0.023ns (DCD - SCD + CPR)
    Destination Clock Delay (DCD):    4.911ns = ( 14.911 - 10.000 ) 
    Source Clock Delay      (SCD):    5.362ns
    Clock Pessimism Removal (CPR):    0.429ns
  Clock Uncertainty:      0.035ns  ((TSJ^2 + TIJ^2)^1/2 + DJ) / 2 + PE
    Total System Jitter     (TSJ):    0.071ns
    Total Input Jitter      (TIJ):    0.000ns
    Discrete Jitter          (DJ):    0.000ns
    Phase Error              (PE):    0.000ns

    Location             Delay type                Incr(ns)  Path(ns)    Netlist Resource(s)
  -------------------------------------------------------------------    -------------------
                         (clock clk rise edge)        0.000     0.000 r  
    H16                                               0.000     0.000 r  clk (IN)
                         net (fo=0)                   0.000     0.000    clk
    H16                  IBUF (Prop_ibuf_I_O)         1.457     1.457 r  clk_IBUF_inst/O
                         net (fo=1, routed)           2.076     3.533    clk_IBUF
    BUFGCTRL_X0Y16       BUFG (Prop_bufg_I_O)         0.101     3.634 r  clk_IBUF_BUFG_inst/O
                         net (fo=30, routed)          1.728     5.362    uut/clk_IBUF_BUFG
    SLICE_X43Y69         FDRE                                         r  uut/Din_reg[9]/C
  -------------------------------------------------------------------    -------------------
    SLICE_X43Y69         FDRE (Prop_fdre_C_Q)         0.456     5.818 r  uut/Din_reg[9]/Q
                         net (fo=3, routed)           0.861     6.679    uut/Din[9]
    SLICE_X42Y69         LUT4 (Prop_lut4_I2_O)        0.148     6.827 r  uut/Din[26]_i_4/O
                         net (fo=2, routed)           0.333     7.160    uut/Din[26]_i_4_n_0
    SLICE_X42Y71         LUT5 (Prop_lut5_I1_O)        0.328     7.488 r  uut/Din[26]_i_3/O
                         net (fo=1, routed)           0.680     8.168    uut/Din[26]_i_3_n_0
    SLICE_X42Y71         LUT6 (Prop_lut6_I5_O)        0.124     8.292 r  uut/Din[26]_i_1/O
                         net (fo=27, routed)          0.809     9.101    uut/Din[26]_i_1_n_0
    SLICE_X43Y68         FDRE                                         r  uut/Din_reg[5]/R
  -------------------------------------------------------------------    -------------------

                         (clock clk rise edge)       10.000    10.000 r  
    H16                                               0.000    10.000 r  clk (IN)
                         net (fo=0)                   0.000    10.000    clk
    H16                  IBUF (Prop_ibuf_I_O)         1.387    11.387 r  clk_IBUF_inst/O
                         net (fo=1, routed)           1.880    13.267    clk_IBUF
    BUFGCTRL_X0Y16       BUFG (Prop_bufg_I_O)         0.091    13.358 r  clk_IBUF_BUFG_inst/O
                         net (fo=30, routed)          1.553    14.911    uut/clk_IBUF_BUFG
    SLICE_X43Y68         FDRE                                         r  uut/Din_reg[5]/C
                         clock pessimism              0.429    15.339    
                         clock uncertainty           -0.035    15.304    
    SLICE_X43Y68         FDRE (Setup_fdre_C_R)       -0.429    14.875    uut/Din_reg[5]
  -------------------------------------------------------------------
                         required time                         14.875    
                         arrival time                          -9.101    
  -------------------------------------------------------------------
                         slack                                  5.774    

Slack (MET) :             5.774ns  (required time - arrival time)
  Source:                 uut/Din_reg[9]/C
                            (rising edge-triggered cell FDRE clocked by clk  {rise@0.000ns fall@5.000ns period=10.000ns})
  Destination:            uut/Din_reg[6]/R
                            (rising edge-triggered cell FDRE clocked by clk  {rise@0.000ns fall@5.000ns period=10.000ns})
  Path Group:             clk
  Path Type:              Setup (Max at Slow Process Corner)
  Requirement:            10.000ns  (clk rise@10.000ns - clk rise@0.000ns)
  Data Path Delay:        3.739ns  (logic 1.056ns (28.243%)  route 2.683ns (71.757%))
  Logic Levels:           3  (LUT4=1 LUT5=1 LUT6=1)
  Clock Path Skew:        -0.023ns (DCD - SCD + CPR)
    Destination Clock Delay (DCD):    4.911ns = ( 14.911 - 10.000 ) 
    Source Clock Delay      (SCD):    5.362ns
    Clock Pessimism Removal (CPR):    0.429ns
  Clock Uncertainty:      0.035ns  ((TSJ^2 + TIJ^2)^1/2 + DJ) / 2 + PE
    Total System Jitter     (TSJ):    0.071ns
    Total Input Jitter      (TIJ):    0.000ns
    Discrete Jitter          (DJ):    0.000ns
    Phase Error              (PE):    0.000ns

    Location             Delay type                Incr(ns)  Path(ns)    Netlist Resource(s)
  -------------------------------------------------------------------    -------------------
                         (clock clk rise edge)        0.000     0.000 r  
    H16                                               0.000     0.000 r  clk (IN)
                         net (fo=0)                   0.000     0.000    clk
    H16                  IBUF (Prop_ibuf_I_O)         1.457     1.457 r  clk_IBUF_inst/O
                         net (fo=1, routed)           2.076     3.533    clk_IBUF
    BUFGCTRL_X0Y16       BUFG (Prop_bufg_I_O)         0.101     3.634 r  clk_IBUF_BUFG_inst/O
                         net (fo=30, routed)          1.728     5.362    uut/clk_IBUF_BUFG
    SLICE_X43Y69         FDRE                                         r  uut/Din_reg[9]/C
  -------------------------------------------------------------------    -------------------
    SLICE_X43Y69         FDRE (Prop_fdre_C_Q)         0.456     5.818 r  uut/Din_reg[9]/Q
                         net (fo=3, routed)           0.861     6.679    uut/Din[9]
    SLICE_X42Y69         LUT4 (Prop_lut4_I2_O)        0.148     6.827 r  uut/Din[26]_i_4/O
                         net (fo=2, routed)           0.333     7.160    uut/Din[26]_i_4_n_0
    SLICE_X42Y71         LUT5 (Prop_lut5_I1_O)        0.328     7.488 r  uut/Din[26]_i_3/O
                         net (fo=1, routed)           0.680     8.168    uut/Din[26]_i_3_n_0
    SLICE_X42Y71         LUT6 (Prop_lut6_I5_O)        0.124     8.292 r  uut/Din[26]_i_1/O
                         net (fo=27, routed)          0.809     9.101    uut/Din[26]_i_1_n_0
    SLICE_X43Y68         FDRE                                         r  uut/Din_reg[6]/R
  -------------------------------------------------------------------    -------------------

                         (clock clk rise edge)       10.000    10.000 r  
    H16                                               0.000    10.000 r  clk (IN)
                         net (fo=0)                   0.000    10.000    clk
    H16                  IBUF (Prop_ibuf_I_O)         1.387    11.387 r  clk_IBUF_inst/O
                         net (fo=1, routed)           1.880    13.267    clk_IBUF
    BUFGCTRL_X0Y16       BUFG (Prop_bufg_I_O)         0.091    13.358 r  clk_IBUF_BUFG_inst/O
                         net (fo=30, routed)          1.553    14.911    uut/clk_IBUF_BUFG
    SLICE_X43Y68         FDRE                                         r  uut/Din_reg[6]/C
                         clock pessimism              0.429    15.339    
                         clock uncertainty           -0.035    15.304    
    SLICE_X43Y68         FDRE (Setup_fdre_C_R)       -0.429    14.875    uut/Din_reg[6]
  -------------------------------------------------------------------
                         required time                         14.875    
                         arrival time                          -9.101    
  -------------------------------------------------------------------
                         slack                                  5.774    

Slack (MET) :             5.774ns  (required time - arrival time)
  Source:                 uut/Din_reg[9]/C
                            (rising edge-triggered cell FDRE clocked by clk  {rise@0.000ns fall@5.000ns period=10.000ns})
  Destination:            uut/Din_reg[7]/R
                            (rising edge-triggered cell FDRE clocked by clk  {rise@0.000ns fall@5.000ns period=10.000ns})
  Path Group:             clk
  Path Type:              Setup (Max at Slow Process Corner)
  Requirement:            10.000ns  (clk rise@10.000ns - clk rise@0.000ns)
  Data Path Delay:        3.739ns  (logic 1.056ns (28.243%)  route 2.683ns (71.757%))
  Logic Levels:           3  (LUT4=1 LUT5=1 LUT6=1)
  Clock Path Skew:        -0.023ns (DCD - SCD + CPR)
    Destination Clock Delay (DCD):    4.911ns = ( 14.911 - 10.000 ) 
    Source Clock Delay      (SCD):    5.362ns
    Clock Pessimism Removal (CPR):    0.429ns
  Clock Uncertainty:      0.035ns  ((TSJ^2 + TIJ^2)^1/2 + DJ) / 2 + PE
    Total System Jitter     (TSJ):    0.071ns
    Total Input Jitter      (TIJ):    0.000ns
    Discrete Jitter          (DJ):    0.000ns
    Phase Error              (PE):    0.000ns

    Location             Delay type                Incr(ns)  Path(ns)    Netlist Resource(s)
  -------------------------------------------------------------------    -------------------
                         (clock clk rise edge)        0.000     0.000 r  
    H16                                               0.000     0.000 r  clk (IN)
                         net (fo=0)                   0.000     0.000    clk
    H16                  IBUF (Prop_ibuf_I_O)         1.457     1.457 r  clk_IBUF_inst/O
                         net (fo=1, routed)           2.076     3.533    clk_IBUF
    BUFGCTRL_X0Y16       BUFG (Prop_bufg_I_O)         0.101     3.634 r  clk_IBUF_BUFG_inst/O
                         net (fo=30, routed)          1.728     5.362    uut/clk_IBUF_BUFG
    SLICE_X43Y69         FDRE                                         r  uut/Din_reg[9]/C
  -------------------------------------------------------------------    -------------------
    SLICE_X43Y69         FDRE (Prop_fdre_C_Q)         0.456     5.818 r  uut/Din_reg[9]/Q
                         net (fo=3, routed)           0.861     6.679    uut/Din[9]
    SLICE_X42Y69         LUT4 (Prop_lut4_I2_O)        0.148     6.827 r  uut/Din[26]_i_4/O
                         net (fo=2, routed)           0.333     7.160    uut/Din[26]_i_4_n_0
    SLICE_X42Y71         LUT5 (Prop_lut5_I1_O)        0.328     7.488 r  uut/Din[26]_i_3/O
                         net (fo=1, routed)           0.680     8.168    uut/Din[26]_i_3_n_0
    SLICE_X42Y71         LUT6 (Prop_lut6_I5_O)        0.124     8.292 r  uut/Din[26]_i_1/O
                         net (fo=27, routed)          0.809     9.101    uut/Din[26]_i_1_n_0
    SLICE_X43Y68         FDRE                                         r  uut/Din_reg[7]/R
  -------------------------------------------------------------------    -------------------

                         (clock clk rise edge)       10.000    10.000 r  
    H16                                               0.000    10.000 r  clk (IN)
                         net (fo=0)                   0.000    10.000    clk
    H16                  IBUF (Prop_ibuf_I_O)         1.387    11.387 r  clk_IBUF_inst/O
                         net (fo=1, routed)           1.880    13.267    clk_IBUF
    BUFGCTRL_X0Y16       BUFG (Prop_bufg_I_O)         0.091    13.358 r  clk_IBUF_BUFG_inst/O
                         net (fo=30, routed)          1.553    14.911    uut/clk_IBUF_BUFG
    SLICE_X43Y68         FDRE                                         r  uut/Din_reg[7]/C
                         clock pessimism              0.429    15.339    
                         clock uncertainty           -0.035    15.304    
    SLICE_X43Y68         FDRE (Setup_fdre_C_R)       -0.429    14.875    uut/Din_reg[7]
  -------------------------------------------------------------------
                         required time                         14.875    
                         arrival time                          -9.101    
  -------------------------------------------------------------------
                         slack                                  5.774    

Slack (MET) :             5.774ns  (required time - arrival time)
  Source:                 uut/Din_reg[9]/C
                            (rising edge-triggered cell FDRE clocked by clk  {rise@0.000ns fall@5.000ns period=10.000ns})
  Destination:            uut/Din_reg[8]/R
                            (rising edge-triggered cell FDRE clocked by clk  {rise@0.000ns fall@5.000ns period=10.000ns})
  Path Group:             clk
  Path Type:              Setup (Max at Slow Process Corner)
  Requirement:            10.000ns  (clk rise@10.000ns - clk rise@0.000ns)
  Data Path Delay:        3.739ns  (logic 1.056ns (28.243%)  route 2.683ns (71.757%))
  Logic Levels:           3  (LUT4=1 LUT5=1 LUT6=1)
  Clock Path Skew:        -0.023ns (DCD - SCD + CPR)
    Destination Clock Delay (DCD):    4.911ns = ( 14.911 - 10.000 ) 
    Source Clock Delay      (SCD):    5.362ns
    Clock Pessimism Removal (CPR):    0.429ns
  Clock Uncertainty:      0.035ns  ((TSJ^2 + TIJ^2)^1/2 + DJ) / 2 + PE
    Total System Jitter     (TSJ):    0.071ns
    Total Input Jitter      (TIJ):    0.000ns
    Discrete Jitter          (DJ):    0.000ns
    Phase Error              (PE):    0.000ns

    Location             Delay type                Incr(ns)  Path(ns)    Netlist Resource(s)
  -------------------------------------------------------------------    -------------------
                         (clock clk rise edge)        0.000     0.000 r  
    H16                                               0.000     0.000 r  clk (IN)
                         net (fo=0)                   0.000     0.000    clk
    H16                  IBUF (Prop_ibuf_I_O)         1.457     1.457 r  clk_IBUF_inst/O
                         net (fo=1, routed)           2.076     3.533    clk_IBUF
    BUFGCTRL_X0Y16       BUFG (Prop_bufg_I_O)         0.101     3.634 r  clk_IBUF_BUFG_inst/O
                         net (fo=30, routed)          1.728     5.362    uut/clk_IBUF_BUFG
    SLICE_X43Y69         FDRE                                         r  uut/Din_reg[9]/C
  -------------------------------------------------------------------    -------------------
    SLICE_X43Y69         FDRE (Prop_fdre_C_Q)         0.456     5.818 r  uut/Din_reg[9]/Q
                         net (fo=3, routed)           0.861     6.679    uut/Din[9]
    SLICE_X42Y69         LUT4 (Prop_lut4_I2_O)        0.148     6.827 r  uut/Din[26]_i_4/O
                         net (fo=2, routed)           0.333     7.160    uut/Din[26]_i_4_n_0
    SLICE_X42Y71         LUT5 (Prop_lut5_I1_O)        0.328     7.488 r  uut/Din[26]_i_3/O
                         net (fo=1, routed)           0.680     8.168    uut/Din[26]_i_3_n_0
    SLICE_X42Y71         LUT6 (Prop_lut6_I5_O)        0.124     8.292 r  uut/Din[26]_i_1/O
                         net (fo=27, routed)          0.809     9.101    uut/Din[26]_i_1_n_0
    SLICE_X43Y68         FDRE                                         r  uut/Din_reg[8]/R
  -------------------------------------------------------------------    -------------------

                         (clock clk rise edge)       10.000    10.000 r  
    H16                                               0.000    10.000 r  clk (IN)
                         net (fo=0)                   0.000    10.000    clk
    H16                  IBUF (Prop_ibuf_I_O)         1.387    11.387 r  clk_IBUF_inst/O
                         net (fo=1, routed)           1.880    13.267    clk_IBUF
    BUFGCTRL_X0Y16       BUFG (Prop_bufg_I_O)         0.091    13.358 r  clk_IBUF_BUFG_inst/O
                         net (fo=30, routed)          1.553    14.911    uut/clk_IBUF_BUFG
    SLICE_X43Y68         FDRE                                         r  uut/Din_reg[8]/C
                         clock pessimism              0.429    15.339    
                         clock uncertainty           -0.035    15.304    
    SLICE_X43Y68         FDRE (Setup_fdre_C_R)       -0.429    14.875    uut/Din_reg[8]
  -------------------------------------------------------------------
                         required time                         14.875    
                         arrival time                          -9.101    
  -------------------------------------------------------------------
                         slack                                  5.774    

Slack (MET) :             5.813ns  (required time - arrival time)
  Source:                 uut/Din_reg[9]/C
                            (rising edge-triggered cell FDRE clocked by clk  {rise@0.000ns fall@5.000ns period=10.000ns})
  Destination:            uut/Din_reg[17]/R
                            (rising edge-triggered cell FDRE clocked by clk  {rise@0.000ns fall@5.000ns period=10.000ns})
  Path Group:             clk
  Path Type:              Setup (Max at Slow Process Corner)
  Requirement:            10.000ns  (clk rise@10.000ns - clk rise@0.000ns)
  Data Path Delay:        3.697ns  (logic 1.056ns (28.561%)  route 2.641ns (71.439%))
  Logic Levels:           3  (LUT4=1 LUT5=1 LUT6=1)
  Clock Path Skew:        -0.025ns (DCD - SCD + CPR)
    Destination Clock Delay (DCD):    4.909ns = ( 14.909 - 10.000 ) 
    Source Clock Delay      (SCD):    5.362ns
    Clock Pessimism Removal (CPR):    0.429ns
  Clock Uncertainty:      0.035ns  ((TSJ^2 + TIJ^2)^1/2 + DJ) / 2 + PE
    Total System Jitter     (TSJ):    0.071ns
    Total Input Jitter      (TIJ):    0.000ns
    Discrete Jitter          (DJ):    0.000ns
    Phase Error              (PE):    0.000ns

    Location             Delay type                Incr(ns)  Path(ns)    Netlist Resource(s)
  -------------------------------------------------------------------    -------------------
                         (clock clk rise edge)        0.000     0.000 r  
    H16                                               0.000     0.000 r  clk (IN)
                         net (fo=0)                   0.000     0.000    clk
    H16                  IBUF (Prop_ibuf_I_O)         1.457     1.457 r  clk_IBUF_inst/O
                         net (fo=1, routed)           2.076     3.533    clk_IBUF
    BUFGCTRL_X0Y16       BUFG (Prop_bufg_I_O)         0.101     3.634 r  clk_IBUF_BUFG_inst/O
                         net (fo=30, routed)          1.728     5.362    uut/clk_IBUF_BUFG
    SLICE_X43Y69         FDRE                                         r  uut/Din_reg[9]/C
  -------------------------------------------------------------------    -------------------
    SLICE_X43Y69         FDRE (Prop_fdre_C_Q)         0.456     5.818 r  uut/Din_reg[9]/Q
                         net (fo=3, routed)           0.861     6.679    uut/Din[9]
    SLICE_X42Y69         LUT4 (Prop_lut4_I2_O)        0.148     6.827 r  uut/Din[26]_i_4/O
                         net (fo=2, routed)           0.333     7.160    uut/Din[26]_i_4_n_0
    SLICE_X42Y71         LUT5 (Prop_lut5_I1_O)        0.328     7.488 r  uut/Din[26]_i_3/O
                         net (fo=1, routed)           0.680     8.168    uut/Din[26]_i_3_n_0
    SLICE_X42Y71         LUT6 (Prop_lut6_I5_O)        0.124     8.292 r  uut/Din[26]_i_1/O
                         net (fo=27, routed)          0.767     9.060    uut/Din[26]_i_1_n_0
    SLICE_X43Y71         FDRE                                         r  uut/Din_reg[17]/R
  -------------------------------------------------------------------    -------------------

                         (clock clk rise edge)       10.000    10.000 r  
    H16                                               0.000    10.000 r  clk (IN)
                         net (fo=0)                   0.000    10.000    clk
    H16                  IBUF (Prop_ibuf_I_O)         1.387    11.387 r  clk_IBUF_inst/O
                         net (fo=1, routed)           1.880    13.267    clk_IBUF
    BUFGCTRL_X0Y16       BUFG (Prop_bufg_I_O)         0.091    13.358 r  clk_IBUF_BUFG_inst/O
                         net (fo=30, routed)          1.551    14.909    uut/clk_IBUF_BUFG
    SLICE_X43Y71         FDRE                                         r  uut/Din_reg[17]/C
                         clock pessimism              0.429    15.337    
                         clock uncertainty           -0.035    15.302    
    SLICE_X43Y71         FDRE (Setup_fdre_C_R)       -0.429    14.873    uut/Din_reg[17]
  -------------------------------------------------------------------
                         required time                         14.873    
                         arrival time                          -9.060    
  -------------------------------------------------------------------
                         slack                                  5.813    





Min Delay Paths
--------------------------------------------------------------------------------------
Slack (MET) :             0.261ns  (arrival time - required time)
  Source:                 uut/Din_reg[24]/C
                            (rising edge-triggered cell FDRE clocked by clk  {rise@0.000ns fall@5.000ns period=10.000ns})
  Destination:            uut/Din_reg[24]/D
                            (rising edge-triggered cell FDRE clocked by clk  {rise@0.000ns fall@5.000ns period=10.000ns})
  Path Group:             clk
  Path Type:              Hold (Min at Fast Process Corner)
  Requirement:            0.000ns  (clk rise@0.000ns - clk rise@0.000ns)
  Data Path Delay:        0.366ns  (logic 0.249ns (67.994%)  route 0.117ns (32.006%))
  Logic Levels:           1  (CARRY4=1)
  Clock Path Skew:        0.000ns (DCD - SCD - CPR)
    Destination Clock Delay (DCD):    1.970ns
    Source Clock Delay      (SCD):    1.456ns
    Clock Pessimism Removal (CPR):    0.514ns

    Location             Delay type                Incr(ns)  Path(ns)    Netlist Resource(s)
  -------------------------------------------------------------------    -------------------
                         (clock clk rise edge)        0.000     0.000 r  
    H16                                               0.000     0.000 r  clk (IN)
                         net (fo=0)                   0.000     0.000    clk
    H16                  IBUF (Prop_ibuf_I_O)         0.225     0.225 r  clk_IBUF_inst/O
                         net (fo=1, routed)           0.627     0.852    clk_IBUF
    BUFGCTRL_X0Y16       BUFG (Prop_bufg_I_O)         0.026     0.878 r  clk_IBUF_BUFG_inst/O
                         net (fo=30, routed)          0.578     1.456    uut/clk_IBUF_BUFG
    SLICE_X43Y72         FDRE                                         r  uut/Din_reg[24]/C
  -------------------------------------------------------------------    -------------------
    SLICE_X43Y72         FDRE (Prop_fdre_C_Q)         0.141     1.597 r  uut/Din_reg[24]/Q
                         net (fo=2, routed)           0.117     1.714    uut/Din[24]
    SLICE_X43Y72         CARRY4 (Prop_carry4_S[3]_O[3])
                                                      0.108     1.822 r  uut/plusOp_carry__4/O[3]
                         net (fo=1, routed)           0.000     1.822    uut/plusOp[24]
    SLICE_X43Y72         FDRE                                         r  uut/Din_reg[24]/D
  -------------------------------------------------------------------    -------------------

                         (clock clk rise edge)        0.000     0.000 r  
    H16                                               0.000     0.000 r  clk (IN)
                         net (fo=0)                   0.000     0.000    clk
    H16                  IBUF (Prop_ibuf_I_O)         0.413     0.413 r  clk_IBUF_inst/O
                         net (fo=1, routed)           0.683     1.096    clk_IBUF
    BUFGCTRL_X0Y16       BUFG (Prop_bufg_I_O)         0.029     1.125 r  clk_IBUF_BUFG_inst/O
                         net (fo=30, routed)          0.845     1.970    uut/clk_IBUF_BUFG
    SLICE_X43Y72         FDRE                                         r  uut/Din_reg[24]/C
                         clock pessimism             -0.514     1.456    
    SLICE_X43Y72         FDRE (Hold_fdre_C_D)         0.105     1.561    uut/Din_reg[24]
  -------------------------------------------------------------------
                         required time                         -1.561    
                         arrival time                           1.822    
  -------------------------------------------------------------------
                         slack                                  0.261    

Slack (MET) :             0.261ns  (arrival time - required time)
  Source:                 uut/Din_reg[12]/C
                            (rising edge-triggered cell FDRE clocked by clk  {rise@0.000ns fall@5.000ns period=10.000ns})
  Destination:            uut/Din_reg[12]/D
                            (rising edge-triggered cell FDRE clocked by clk  {rise@0.000ns fall@5.000ns period=10.000ns})
  Path Group:             clk
  Path Type:              Hold (Min at Fast Process Corner)
  Requirement:            0.000ns  (clk rise@0.000ns - clk rise@0.000ns)
  Data Path Delay:        0.366ns  (logic 0.249ns (67.994%)  route 0.117ns (32.006%))
  Logic Levels:           1  (CARRY4=1)
  Clock Path Skew:        0.000ns (DCD - SCD - CPR)
    Destination Clock Delay (DCD):    1.973ns
    Source Clock Delay      (SCD):    1.458ns
    Clock Pessimism Removal (CPR):    0.515ns

    Location             Delay type                Incr(ns)  Path(ns)    Netlist Resource(s)
  -------------------------------------------------------------------    -------------------
                         (clock clk rise edge)        0.000     0.000 r  
    H16                                               0.000     0.000 r  clk (IN)
                         net (fo=0)                   0.000     0.000    clk
    H16                  IBUF (Prop_ibuf_I_O)         0.225     0.225 r  clk_IBUF_inst/O
                         net (fo=1, routed)           0.627     0.852    clk_IBUF
    BUFGCTRL_X0Y16       BUFG (Prop_bufg_I_O)         0.026     0.878 r  clk_IBUF_BUFG_inst/O
                         net (fo=30, routed)          0.580     1.458    uut/clk_IBUF_BUFG
    SLICE_X43Y69         FDRE                                         r  uut/Din_reg[12]/C
  -------------------------------------------------------------------    -------------------
    SLICE_X43Y69         FDRE (Prop_fdre_C_Q)         0.141     1.599 r  uut/Din_reg[12]/Q
                         net (fo=3, routed)           0.117     1.716    uut/Din[12]
    SLICE_X43Y69         CARRY4 (Prop_carry4_S[3]_O[3])
                                                      0.108     1.824 r  uut/plusOp_carry__1/O[3]
                         net (fo=1, routed)           0.000     1.824    uut/plusOp[12]
    SLICE_X43Y69         FDRE                                         r  uut/Din_reg[12]/D
  -------------------------------------------------------------------    -------------------

                         (clock clk rise edge)        0.000     0.000 r  
    H16                                               0.000     0.000 r  clk (IN)
                         net (fo=0)                   0.000     0.000    clk
    H16                  IBUF (Prop_ibuf_I_O)         0.413     0.413 r  clk_IBUF_inst/O
                         net (fo=1, routed)           0.683     1.096    clk_IBUF
    BUFGCTRL_X0Y16       BUFG (Prop_bufg_I_O)         0.029     1.125 r  clk_IBUF_BUFG_inst/O
                         net (fo=30, routed)          0.848     1.973    uut/clk_IBUF_BUFG
    SLICE_X43Y69         FDRE                                         r  uut/Din_reg[12]/C
                         clock pessimism             -0.515     1.458    
    SLICE_X43Y69         FDRE (Hold_fdre_C_D)         0.105     1.563    uut/Din_reg[12]
  -------------------------------------------------------------------
                         required time                         -1.563    
                         arrival time                           1.824    
  -------------------------------------------------------------------
                         slack                                  0.261    

Slack (MET) :             0.263ns  (arrival time - required time)
  Source:                 uut/Din_reg[16]/C
                            (rising edge-triggered cell FDRE clocked by clk  {rise@0.000ns fall@5.000ns period=10.000ns})
  Destination:            uut/Din_reg[16]/D
                            (rising edge-triggered cell FDRE clocked by clk  {rise@0.000ns fall@5.000ns period=10.000ns})
  Path Group:             clk
  Path Type:              Hold (Min at Fast Process Corner)
  Requirement:            0.000ns  (clk rise@0.000ns - clk rise@0.000ns)
  Data Path Delay:        0.368ns  (logic 0.249ns (67.612%)  route 0.119ns (32.388%))
  Logic Levels:           1  (CARRY4=1)
  Clock Path Skew:        0.000ns (DCD - SCD - CPR)
    Destination Clock Delay (DCD):    1.972ns
    Source Clock Delay      (SCD):    1.457ns
    Clock Pessimism Removal (CPR):    0.515ns

    Location             Delay type                Incr(ns)  Path(ns)    Netlist Resource(s)
  -------------------------------------------------------------------    -------------------
                         (clock clk rise edge)        0.000     0.000 r  
    H16                                               0.000     0.000 r  clk (IN)
                         net (fo=0)                   0.000     0.000    clk
    H16                  IBUF (Prop_ibuf_I_O)         0.225     0.225 r  clk_IBUF_inst/O
                         net (fo=1, routed)           0.627     0.852    clk_IBUF
    BUFGCTRL_X0Y16       BUFG (Prop_bufg_I_O)         0.026     0.878 r  clk_IBUF_BUFG_inst/O
                         net (fo=30, routed)          0.579     1.457    uut/clk_IBUF_BUFG
    SLICE_X43Y70         FDRE                                         r  uut/Din_reg[16]/C
  -------------------------------------------------------------------    -------------------
    SLICE_X43Y70         FDRE (Prop_fdre_C_Q)         0.141     1.598 r  uut/Din_reg[16]/Q
                         net (fo=2, routed)           0.119     1.717    uut/Din[16]
    SLICE_X43Y70         CARRY4 (Prop_carry4_S[3]_O[3])
                                                      0.108     1.825 r  uut/plusOp_carry__2/O[3]
                         net (fo=1, routed)           0.000     1.825    uut/plusOp[16]
    SLICE_X43Y70         FDRE                                         r  uut/Din_reg[16]/D
  -------------------------------------------------------------------    -------------------

                         (clock clk rise edge)        0.000     0.000 r  
    H16                                               0.000     0.000 r  clk (IN)
                         net (fo=0)                   0.000     0.000    clk
    H16                  IBUF (Prop_ibuf_I_O)         0.413     0.413 r  clk_IBUF_inst/O
                         net (fo=1, routed)           0.683     1.096    clk_IBUF
    BUFGCTRL_X0Y16       BUFG (Prop_bufg_I_O)         0.029     1.125 r  clk_IBUF_BUFG_inst/O
                         net (fo=30, routed)          0.847     1.972    uut/clk_IBUF_BUFG
    SLICE_X43Y70         FDRE                                         r  uut/Din_reg[16]/C
                         clock pessimism             -0.515     1.457    
    SLICE_X43Y70         FDRE (Hold_fdre_C_D)         0.105     1.562    uut/Din_reg[16]
  -------------------------------------------------------------------
                         required time                         -1.562    
                         arrival time                           1.825    
  -------------------------------------------------------------------
                         slack                                  0.263    

Slack (MET) :             0.264ns  (arrival time - required time)
  Source:                 uut/Din_reg[20]/C
                            (rising edge-triggered cell FDRE clocked by clk  {rise@0.000ns fall@5.000ns period=10.000ns})
  Destination:            uut/Din_reg[20]/D
                            (rising edge-triggered cell FDRE clocked by clk  {rise@0.000ns fall@5.000ns period=10.000ns})
  Path Group:             clk
  Path Type:              Hold (Min at Fast Process Corner)
  Requirement:            0.000ns  (clk rise@0.000ns - clk rise@0.000ns)
  Data Path Delay:        0.369ns  (logic 0.249ns (67.424%)  route 0.120ns (32.576%))
  Logic Levels:           1  (CARRY4=1)
  Clock Path Skew:        0.000ns (DCD - SCD - CPR)
    Destination Clock Delay (DCD):    1.971ns
    Source Clock Delay      (SCD):    1.456ns
    Clock Pessimism Removal (CPR):    0.515ns

    Location             Delay type                Incr(ns)  Path(ns)    Netlist Resource(s)
  -------------------------------------------------------------------    -------------------
                         (clock clk rise edge)        0.000     0.000 r  
    H16                                               0.000     0.000 r  clk (IN)
                         net (fo=0)                   0.000     0.000    clk
    H16                  IBUF (Prop_ibuf_I_O)         0.225     0.225 r  clk_IBUF_inst/O
                         net (fo=1, routed)           0.627     0.852    clk_IBUF
    BUFGCTRL_X0Y16       BUFG (Prop_bufg_I_O)         0.026     0.878 r  clk_IBUF_BUFG_inst/O
                         net (fo=30, routed)          0.578     1.456    uut/clk_IBUF_BUFG
    SLICE_X43Y71         FDRE                                         r  uut/Din_reg[20]/C
  -------------------------------------------------------------------    -------------------
    SLICE_X43Y71         FDRE (Prop_fdre_C_Q)         0.141     1.597 r  uut/Din_reg[20]/Q
                         net (fo=2, routed)           0.120     1.717    uut/Din[20]
    SLICE_X43Y71         CARRY4 (Prop_carry4_S[3]_O[3])
                                                      0.108     1.825 r  uut/plusOp_carry__3/O[3]
                         net (fo=1, routed)           0.000     1.825    uut/plusOp[20]
    SLICE_X43Y71         FDRE                                         r  uut/Din_reg[20]/D
  -------------------------------------------------------------------    -------------------

                         (clock clk rise edge)        0.000     0.000 r  
    H16                                               0.000     0.000 r  clk (IN)
                         net (fo=0)                   0.000     0.000    clk
    H16                  IBUF (Prop_ibuf_I_O)         0.413     0.413 r  clk_IBUF_inst/O
                         net (fo=1, routed)           0.683     1.096    clk_IBUF
    BUFGCTRL_X0Y16       BUFG (Prop_bufg_I_O)         0.029     1.125 r  clk_IBUF_BUFG_inst/O
                         net (fo=30, routed)          0.846     1.971    uut/clk_IBUF_BUFG
    SLICE_X43Y71         FDRE                                         r  uut/Din_reg[20]/C
                         clock pessimism             -0.515     1.456    
    SLICE_X43Y71         FDRE (Hold_fdre_C_D)         0.105     1.561    uut/Din_reg[20]
  -------------------------------------------------------------------
                         required time                         -1.561    
                         arrival time                           1.825    
  -------------------------------------------------------------------
                         slack                                  0.264    

Slack (MET) :             0.264ns  (arrival time - required time)
  Source:                 uut/Din_reg[8]/C
                            (rising edge-triggered cell FDRE clocked by clk  {rise@0.000ns fall@5.000ns period=10.000ns})
  Destination:            uut/Din_reg[8]/D
                            (rising edge-triggered cell FDRE clocked by clk  {rise@0.000ns fall@5.000ns period=10.000ns})
  Path Group:             clk
  Path Type:              Hold (Min at Fast Process Corner)
  Requirement:            0.000ns  (clk rise@0.000ns - clk rise@0.000ns)
  Data Path Delay:        0.369ns  (logic 0.249ns (67.424%)  route 0.120ns (32.576%))
  Logic Levels:           1  (CARRY4=1)
  Clock Path Skew:        0.000ns (DCD - SCD - CPR)
    Destination Clock Delay (DCD):    1.974ns
    Source Clock Delay      (SCD):    1.459ns
    Clock Pessimism Removal (CPR):    0.515ns

    Location             Delay type                Incr(ns)  Path(ns)    Netlist Resource(s)
  -------------------------------------------------------------------    -------------------
                         (clock clk rise edge)        0.000     0.000 r  
    H16                                               0.000     0.000 r  clk (IN)
                         net (fo=0)                   0.000     0.000    clk
    H16                  IBUF (Prop_ibuf_I_O)         0.225     0.225 r  clk_IBUF_inst/O
                         net (fo=1, routed)           0.627     0.852    clk_IBUF
    BUFGCTRL_X0Y16       BUFG (Prop_bufg_I_O)         0.026     0.878 r  clk_IBUF_BUFG_inst/O
                         net (fo=30, routed)          0.581     1.459    uut/clk_IBUF_BUFG
    SLICE_X43Y68         FDRE                                         r  uut/Din_reg[8]/C
  -------------------------------------------------------------------    -------------------
    SLICE_X43Y68         FDRE (Prop_fdre_C_Q)         0.141     1.600 r  uut/Din_reg[8]/Q
                         net (fo=4, routed)           0.120     1.720    uut/Din[8]
    SLICE_X43Y68         CARRY4 (Prop_carry4_S[3]_O[3])
                                                      0.108     1.828 r  uut/plusOp_carry__0/O[3]
                         net (fo=1, routed)           0.000     1.828    uut/plusOp[8]
    SLICE_X43Y68         FDRE                                         r  uut/Din_reg[8]/D
  -------------------------------------------------------------------    -------------------

                         (clock clk rise edge)        0.000     0.000 r  
    H16                                               0.000     0.000 r  clk (IN)
                         net (fo=0)                   0.000     0.000    clk
    H16                  IBUF (Prop_ibuf_I_O)         0.413     0.413 r  clk_IBUF_inst/O
                         net (fo=1, routed)           0.683     1.096    clk_IBUF
    BUFGCTRL_X0Y16       BUFG (Prop_bufg_I_O)         0.029     1.125 r  clk_IBUF_BUFG_inst/O
                         net (fo=30, routed)          0.849     1.974    uut/clk_IBUF_BUFG
    SLICE_X43Y68         FDRE                                         r  uut/Din_reg[8]/C
                         clock pessimism             -0.515     1.459    
    SLICE_X43Y68         FDRE (Hold_fdre_C_D)         0.105     1.564    uut/Din_reg[8]
  -------------------------------------------------------------------
                         required time                         -1.564    
                         arrival time                           1.828    
  -------------------------------------------------------------------
                         slack                                  0.264    

Slack (MET) :             0.264ns  (arrival time - required time)
  Source:                 uut/Din_reg[4]/C
                            (rising edge-triggered cell FDRE clocked by clk  {rise@0.000ns fall@5.000ns period=10.000ns})
  Destination:            uut/Din_reg[4]/D
                            (rising edge-triggered cell FDRE clocked by clk  {rise@0.000ns fall@5.000ns period=10.000ns})
  Path Group:             clk
  Path Type:              Hold (Min at Fast Process Corner)
  Requirement:            0.000ns  (clk rise@0.000ns - clk rise@0.000ns)
  Data Path Delay:        0.369ns  (logic 0.249ns (67.424%)  route 0.120ns (32.576%))
  Logic Levels:           1  (CARRY4=1)
  Clock Path Skew:        0.000ns (DCD - SCD - CPR)
    Destination Clock Delay (DCD):    1.975ns
    Source Clock Delay      (SCD):    1.460ns
    Clock Pessimism Removal (CPR):    0.515ns

    Location             Delay type                Incr(ns)  Path(ns)    Netlist Resource(s)
  -------------------------------------------------------------------    -------------------
                         (clock clk rise edge)        0.000     0.000 r  
    H16                                               0.000     0.000 r  clk (IN)
                         net (fo=0)                   0.000     0.000    clk
    H16                  IBUF (Prop_ibuf_I_O)         0.225     0.225 r  clk_IBUF_inst/O
                         net (fo=1, routed)           0.627     0.852    clk_IBUF
    BUFGCTRL_X0Y16       BUFG (Prop_bufg_I_O)         0.026     0.878 r  clk_IBUF_BUFG_inst/O
                         net (fo=30, routed)          0.582     1.460    uut/clk_IBUF_BUFG
    SLICE_X43Y67         FDRE                                         r  uut/Din_reg[4]/C
  -------------------------------------------------------------------    -------------------
    SLICE_X43Y67         FDRE (Prop_fdre_C_Q)         0.141     1.601 r  uut/Din_reg[4]/Q
                         net (fo=2, routed)           0.120     1.721    uut/Din[4]
    SLICE_X43Y67         CARRY4 (Prop_carry4_S[3]_O[3])
                                                      0.108     1.829 r  uut/plusOp_carry/O[3]
                         net (fo=1, routed)           0.000     1.829    uut/plusOp[4]
    SLICE_X43Y67         FDRE                                         r  uut/Din_reg[4]/D
  -------------------------------------------------------------------    -------------------

                         (clock clk rise edge)        0.000     0.000 r  
    H16                                               0.000     0.000 r  clk (IN)
                         net (fo=0)                   0.000     0.000    clk
    H16                  IBUF (Prop_ibuf_I_O)         0.413     0.413 r  clk_IBUF_inst/O
                         net (fo=1, routed)           0.683     1.096    clk_IBUF
    BUFGCTRL_X0Y16       BUFG (Prop_bufg_I_O)         0.029     1.125 r  clk_IBUF_BUFG_inst/O
                         net (fo=30, routed)          0.850     1.975    uut/clk_IBUF_BUFG
    SLICE_X43Y67         FDRE                                         r  uut/Din_reg[4]/C
                         clock pessimism             -0.515     1.460    
    SLICE_X43Y67         FDRE (Hold_fdre_C_D)         0.105     1.565    uut/Din_reg[4]
  -------------------------------------------------------------------
                         required time                         -1.565    
                         arrival time                           1.829    
  -------------------------------------------------------------------
                         slack                                  0.264    

Slack (MET) :             0.265ns  (arrival time - required time)
  Source:                 uut/Din_reg[9]/C
                            (rising edge-triggered cell FDRE clocked by clk  {rise@0.000ns fall@5.000ns period=10.000ns})
  Destination:            uut/Din_reg[9]/D
                            (rising edge-triggered cell FDRE clocked by clk  {rise@0.000ns fall@5.000ns period=10.000ns})
  Path Group:             clk
  Path Type:              Hold (Min at Fast Process Corner)
  Requirement:            0.000ns  (clk rise@0.000ns - clk rise@0.000ns)
  Data Path Delay:        0.370ns  (logic 0.256ns (69.181%)  route 0.114ns (30.819%))
  Logic Levels:           1  (CARRY4=1)
  Clock Path Skew:        0.000ns (DCD - SCD - CPR)
    Destination Clock Delay (DCD):    1.973ns
    Source Clock Delay      (SCD):    1.458ns
    Clock Pessimism Removal (CPR):    0.515ns

    Location             Delay type                Incr(ns)  Path(ns)    Netlist Resource(s)
  -------------------------------------------------------------------    -------------------
                         (clock clk rise edge)        0.000     0.000 r  
    H16                                               0.000     0.000 r  clk (IN)
                         net (fo=0)                   0.000     0.000    clk
    H16                  IBUF (Prop_ibuf_I_O)         0.225     0.225 r  clk_IBUF_inst/O
                         net (fo=1, routed)           0.627     0.852    clk_IBUF
    BUFGCTRL_X0Y16       BUFG (Prop_bufg_I_O)         0.026     0.878 r  clk_IBUF_BUFG_inst/O
                         net (fo=30, routed)          0.580     1.458    uut/clk_IBUF_BUFG
    SLICE_X43Y69         FDRE                                         r  uut/Din_reg[9]/C
  -------------------------------------------------------------------    -------------------
    SLICE_X43Y69         FDRE (Prop_fdre_C_Q)         0.141     1.599 r  uut/Din_reg[9]/Q
                         net (fo=3, routed)           0.114     1.713    uut/Din[9]
    SLICE_X43Y69         CARRY4 (Prop_carry4_S[0]_O[0])
                                                      0.115     1.828 r  uut/plusOp_carry__1/O[0]
                         net (fo=1, routed)           0.000     1.828    uut/plusOp[9]
    SLICE_X43Y69         FDRE                                         r  uut/Din_reg[9]/D
  -------------------------------------------------------------------    -------------------

                         (clock clk rise edge)        0.000     0.000 r  
    H16                                               0.000     0.000 r  clk (IN)
                         net (fo=0)                   0.000     0.000    clk
    H16                  IBUF (Prop_ibuf_I_O)         0.413     0.413 r  clk_IBUF_inst/O
                         net (fo=1, routed)           0.683     1.096    clk_IBUF
    BUFGCTRL_X0Y16       BUFG (Prop_bufg_I_O)         0.029     1.125 r  clk_IBUF_BUFG_inst/O
                         net (fo=30, routed)          0.848     1.973    uut/clk_IBUF_BUFG
    SLICE_X43Y69         FDRE                                         r  uut/Din_reg[9]/C
                         clock pessimism             -0.515     1.458    
    SLICE_X43Y69         FDRE (Hold_fdre_C_D)         0.105     1.563    uut/Din_reg[9]
  -------------------------------------------------------------------
                         required time                         -1.563    
                         arrival time                           1.828    
  -------------------------------------------------------------------
                         slack                                  0.265    

Slack (MET) :             0.267ns  (arrival time - required time)
  Source:                 uut/Din_reg[13]/C
                            (rising edge-triggered cell FDRE clocked by clk  {rise@0.000ns fall@5.000ns period=10.000ns})
  Destination:            uut/Din_reg[13]/D
                            (rising edge-triggered cell FDRE clocked by clk  {rise@0.000ns fall@5.000ns period=10.000ns})
  Path Group:             clk
  Path Type:              Hold (Min at Fast Process Corner)
  Requirement:            0.000ns  (clk rise@0.000ns - clk rise@0.000ns)
  Data Path Delay:        0.372ns  (logic 0.256ns (68.766%)  route 0.116ns (31.234%))
  Logic Levels:           1  (CARRY4=1)
  Clock Path Skew:        0.000ns (DCD - SCD - CPR)
    Destination Clock Delay (DCD):    1.972ns
    Source Clock Delay      (SCD):    1.457ns
    Clock Pessimism Removal (CPR):    0.515ns

    Location             Delay type                Incr(ns)  Path(ns)    Netlist Resource(s)
  -------------------------------------------------------------------    -------------------
                         (clock clk rise edge)        0.000     0.000 r  
    H16                                               0.000     0.000 r  clk (IN)
                         net (fo=0)                   0.000     0.000    clk
    H16                  IBUF (Prop_ibuf_I_O)         0.225     0.225 r  clk_IBUF_inst/O
                         net (fo=1, routed)           0.627     0.852    clk_IBUF
    BUFGCTRL_X0Y16       BUFG (Prop_bufg_I_O)         0.026     0.878 r  clk_IBUF_BUFG_inst/O
                         net (fo=30, routed)          0.579     1.457    uut/clk_IBUF_BUFG
    SLICE_X43Y70         FDRE                                         r  uut/Din_reg[13]/C
  -------------------------------------------------------------------    -------------------
    SLICE_X43Y70         FDRE (Prop_fdre_C_Q)         0.141     1.598 r  uut/Din_reg[13]/Q
                         net (fo=2, routed)           0.116     1.714    uut/Din[13]
    SLICE_X43Y70         CARRY4 (Prop_carry4_S[0]_O[0])
                                                      0.115     1.829 r  uut/plusOp_carry__2/O[0]
                         net (fo=1, routed)           0.000     1.829    uut/plusOp[13]
    SLICE_X43Y70         FDRE                                         r  uut/Din_reg[13]/D
  -------------------------------------------------------------------    -------------------

                         (clock clk rise edge)        0.000     0.000 r  
    H16                                               0.000     0.000 r  clk (IN)
                         net (fo=0)                   0.000     0.000    clk
    H16                  IBUF (Prop_ibuf_I_O)         0.413     0.413 r  clk_IBUF_inst/O
                         net (fo=1, routed)           0.683     1.096    clk_IBUF
    BUFGCTRL_X0Y16       BUFG (Prop_bufg_I_O)         0.029     1.125 r  clk_IBUF_BUFG_inst/O
                         net (fo=30, routed)          0.847     1.972    uut/clk_IBUF_BUFG
    SLICE_X43Y70         FDRE                                         r  uut/Din_reg[13]/C
                         clock pessimism             -0.515     1.457    
    SLICE_X43Y70         FDRE (Hold_fdre_C_D)         0.105     1.562    uut/Din_reg[13]
  -------------------------------------------------------------------
                         required time                         -1.562    
                         arrival time                           1.829    
  -------------------------------------------------------------------
                         slack                                  0.267    

Slack (MET) :             0.267ns  (arrival time - required time)
  Source:                 uut/Din_reg[21]/C
                            (rising edge-triggered cell FDRE clocked by clk  {rise@0.000ns fall@5.000ns period=10.000ns})
  Destination:            uut/Din_reg[21]/D
                            (rising edge-triggered cell FDRE clocked by clk  {rise@0.000ns fall@5.000ns period=10.000ns})
  Path Group:             clk
  Path Type:              Hold (Min at Fast Process Corner)
  Requirement:            0.000ns  (clk rise@0.000ns - clk rise@0.000ns)
  Data Path Delay:        0.372ns  (logic 0.256ns (68.766%)  route 0.116ns (31.234%))
  Logic Levels:           1  (CARRY4=1)
  Clock Path Skew:        0.000ns (DCD - SCD - CPR)
    Destination Clock Delay (DCD):    1.970ns
    Source Clock Delay      (SCD):    1.456ns
    Clock Pessimism Removal (CPR):    0.514ns

    Location             Delay type                Incr(ns)  Path(ns)    Netlist Resource(s)
  -------------------------------------------------------------------    -------------------
                         (clock clk rise edge)        0.000     0.000 r  
    H16                                               0.000     0.000 r  clk (IN)
                         net (fo=0)                   0.000     0.000    clk
    H16                  IBUF (Prop_ibuf_I_O)         0.225     0.225 r  clk_IBUF_inst/O
                         net (fo=1, routed)           0.627     0.852    clk_IBUF
    BUFGCTRL_X0Y16       BUFG (Prop_bufg_I_O)         0.026     0.878 r  clk_IBUF_BUFG_inst/O
                         net (fo=30, routed)          0.578     1.456    uut/clk_IBUF_BUFG
    SLICE_X43Y72         FDRE                                         r  uut/Din_reg[21]/C
  -------------------------------------------------------------------    -------------------
    SLICE_X43Y72         FDRE (Prop_fdre_C_Q)         0.141     1.597 r  uut/Din_reg[21]/Q
                         net (fo=2, routed)           0.116     1.713    uut/Din[21]
    SLICE_X43Y72         CARRY4 (Prop_carry4_S[0]_O[0])
                                                      0.115     1.828 r  uut/plusOp_carry__4/O[0]
                         net (fo=1, routed)           0.000     1.828    uut/plusOp[21]
    SLICE_X43Y72         FDRE                                         r  uut/Din_reg[21]/D
  -------------------------------------------------------------------    -------------------

                         (clock clk rise edge)        0.000     0.000 r  
    H16                                               0.000     0.000 r  clk (IN)
                         net (fo=0)                   0.000     0.000    clk
    H16                  IBUF (Prop_ibuf_I_O)         0.413     0.413 r  clk_IBUF_inst/O
                         net (fo=1, routed)           0.683     1.096    clk_IBUF
    BUFGCTRL_X0Y16       BUFG (Prop_bufg_I_O)         0.029     1.125 r  clk_IBUF_BUFG_inst/O
                         net (fo=30, routed)          0.845     1.970    uut/clk_IBUF_BUFG
    SLICE_X43Y72         FDRE                                         r  uut/Din_reg[21]/C
                         clock pessimism             -0.514     1.456    
    SLICE_X43Y72         FDRE (Hold_fdre_C_D)         0.105     1.561    uut/Din_reg[21]
  -------------------------------------------------------------------
                         required time                         -1.561    
                         arrival time                           1.828    
  -------------------------------------------------------------------
                         slack                                  0.267    

Slack (MET) :             0.267ns  (arrival time - required time)
  Source:                 uut/Din_reg[5]/C
                            (rising edge-triggered cell FDRE clocked by clk  {rise@0.000ns fall@5.000ns period=10.000ns})
  Destination:            uut/Din_reg[5]/D
                            (rising edge-triggered cell FDRE clocked by clk  {rise@0.000ns fall@5.000ns period=10.000ns})
  Path Group:             clk
  Path Type:              Hold (Min at Fast Process Corner)
  Requirement:            0.000ns  (clk rise@0.000ns - clk rise@0.000ns)
  Data Path Delay:        0.372ns  (logic 0.256ns (68.766%)  route 0.116ns (31.234%))
  Logic Levels:           1  (CARRY4=1)
  Clock Path Skew:        0.000ns (DCD - SCD - CPR)
    Destination Clock Delay (DCD):    1.974ns
    Source Clock Delay      (SCD):    1.459ns
    Clock Pessimism Removal (CPR):    0.515ns

    Location             Delay type                Incr(ns)  Path(ns)    Netlist Resource(s)
  -------------------------------------------------------------------    -------------------
                         (clock clk rise edge)        0.000     0.000 r  
    H16                                               0.000     0.000 r  clk (IN)
                         net (fo=0)                   0.000     0.000    clk
    H16                  IBUF (Prop_ibuf_I_O)         0.225     0.225 r  clk_IBUF_inst/O
                         net (fo=1, routed)           0.627     0.852    clk_IBUF
    BUFGCTRL_X0Y16       BUFG (Prop_bufg_I_O)         0.026     0.878 r  clk_IBUF_BUFG_inst/O
                         net (fo=30, routed)          0.581     1.459    uut/clk_IBUF_BUFG
    SLICE_X43Y68         FDRE                                         r  uut/Din_reg[5]/C
  -------------------------------------------------------------------    -------------------
    SLICE_X43Y68         FDRE (Prop_fdre_C_Q)         0.141     1.600 r  uut/Din_reg[5]/Q
                         net (fo=2, routed)           0.116     1.716    uut/Din[5]
    SLICE_X43Y68         CARRY4 (Prop_carry4_S[0]_O[0])
                                                      0.115     1.831 r  uut/plusOp_carry__0/O[0]
                         net (fo=1, routed)           0.000     1.831    uut/plusOp[5]
    SLICE_X43Y68         FDRE                                         r  uut/Din_reg[5]/D
  -------------------------------------------------------------------    -------------------

                         (clock clk rise edge)        0.000     0.000 r  
    H16                                               0.000     0.000 r  clk (IN)
                         net (fo=0)                   0.000     0.000    clk
    H16                  IBUF (Prop_ibuf_I_O)         0.413     0.413 r  clk_IBUF_inst/O
                         net (fo=1, routed)           0.683     1.096    clk_IBUF
    BUFGCTRL_X0Y16       BUFG (Prop_bufg_I_O)         0.029     1.125 r  clk_IBUF_BUFG_inst/O
                         net (fo=30, routed)          0.849     1.974    uut/clk_IBUF_BUFG
    SLICE_X43Y68         FDRE                                         r  uut/Din_reg[5]/C
                         clock pessimism             -0.515     1.459    
    SLICE_X43Y68         FDRE (Hold_fdre_C_D)         0.105     1.564    uut/Din_reg[5]
  -------------------------------------------------------------------
                         required time                         -1.564    
                         arrival time                           1.831    
  -------------------------------------------------------------------
                         slack                                  0.267    





Pulse Width Checks
--------------------------------------------------------------------------------------
Clock Name:         clk
Waveform(ns):       { 0.000 5.000 }
Period(ns):         10.000
Sources:            { clk }

Check Type        Corner  Lib Pin  Reference Pin  Required(ns)  Actual(ns)  Slack(ns)  Location        Pin
Min Period        n/a     BUFG/I   n/a            2.155         10.000      7.845      BUFGCTRL_X0Y16  clk_IBUF_BUFG_inst/I
Min Period        n/a     FDRE/C   n/a            1.000         10.000      9.000      SLICE_X42Y70    current_color_reg[0]/C
Min Period        n/a     FDRE/C   n/a            1.000         10.000      9.000      SLICE_X42Y70    current_color_reg[1]/C
Min Period        n/a     FDSE/C   n/a            1.000         10.000      9.000      SLICE_X42Y68    uut/Din_reg[0]/C
Min Period        n/a     FDRE/C   n/a            1.000         10.000      9.000      SLICE_X43Y69    uut/Din_reg[10]/C
Min Period        n/a     FDRE/C   n/a            1.000         10.000      9.000      SLICE_X43Y69    uut/Din_reg[11]/C
Min Period        n/a     FDRE/C   n/a            1.000         10.000      9.000      SLICE_X43Y69    uut/Din_reg[12]/C
Min Period        n/a     FDRE/C   n/a            1.000         10.000      9.000      SLICE_X43Y70    uut/Din_reg[13]/C
Min Period        n/a     FDRE/C   n/a            1.000         10.000      9.000      SLICE_X43Y70    uut/Din_reg[14]/C
Min Period        n/a     FDRE/C   n/a            1.000         10.000      9.000      SLICE_X43Y70    uut/Din_reg[15]/C
Low Pulse Width   Slow    FDSE/C   n/a            0.500         5.000       4.500      SLICE_X42Y68    uut/Din_reg[0]/C
Low Pulse Width   Slow    FDRE/C   n/a            0.500         5.000       4.500      SLICE_X43Y72    uut/Din_reg[21]/C
Low Pulse Width   Slow    FDRE/C   n/a            0.500         5.000       4.500      SLICE_X43Y72    uut/Din_reg[22]/C
Low Pulse Width   Slow    FDRE/C   n/a            0.500         5.000       4.500      SLICE_X43Y72    uut/Din_reg[23]/C
Low Pulse Width   Slow    FDRE/C   n/a            0.500         5.000       4.500      SLICE_X43Y72    uut/Din_reg[24]/C
Low Pulse Width   Slow    FDRE/C   n/a            0.500         5.000       4.500      SLICE_X43Y68    uut/Din_reg[5]/C
Low Pulse Width   Slow    FDRE/C   n/a            0.500         5.000       4.500      SLICE_X43Y68    uut/Din_reg[6]/C
Low Pulse Width   Slow    FDRE/C   n/a            0.500         5.000       4.500      SLICE_X43Y68    uut/Din_reg[7]/C
Low Pulse Width   Slow    FDRE/C   n/a            0.500         5.000       4.500      SLICE_X43Y68    uut/Din_reg[8]/C
Low Pulse Width   Slow    FDRE/C   n/a            0.500         5.000       4.500      SLICE_X43Y71    uut/Din_reg[17]/C
High Pulse Width  Fast    FDSE/C   n/a            0.500         5.000       4.500      SLICE_X42Y68    uut/Din_reg[0]/C
High Pulse Width  Fast    FDRE/C   n/a            0.500         5.000       4.500      SLICE_X43Y69    uut/Din_reg[10]/C
High Pulse Width  Fast    FDRE/C   n/a            0.500         5.000       4.500      SLICE_X43Y69    uut/Din_reg[11]/C
High Pulse Width  Fast    FDRE/C   n/a            0.500         5.000       4.500      SLICE_X43Y69    uut/Din_reg[12]/C
High Pulse Width  Fast    FDRE/C   n/a            0.500         5.000       4.500      SLICE_X43Y73    uut/Din_reg[25]/C
High Pulse Width  Fast    FDRE/C   n/a            0.500         5.000       4.500      SLICE_X43Y73    uut/Din_reg[26]/C
High Pulse Width  Fast    FDRE/C   n/a            0.500         5.000       4.500      SLICE_X43Y68    uut/Din_reg[5]/C
High Pulse Width  Fast    FDRE/C   n/a            0.500         5.000       4.500      SLICE_X43Y68    uut/Din_reg[6]/C
High Pulse Width  Fast    FDRE/C   n/a            0.500         5.000       4.500      SLICE_X43Y68    uut/Din_reg[7]/C
High Pulse Width  Fast    FDRE/C   n/a            0.500         5.000       4.500      SLICE_X43Y68    uut/Din_reg[8]/C



