#-----------------------------------------------------------
# Vivado v2020.2 (64-bit)
# SW Build 3064766 on Wed Nov 18 09:12:45 MST 2020
# IP Build 3064653 on Wed Nov 18 14:17:31 MST 2020
# Start of session at: Tue Jul  7 09:41:43 2026
# Process ID: 22764
# Current directory: C:/Users/33651/Desktop/test_ajc/TP2_compteur/TP_2_cmpteur
# Command line: vivado.exe -gui_launcher_event rodinguilauncherevent28944 C:\Users\33651\Desktop\test_ajc\TP2_compteur\TP_2_cmpteur\TP_2_cmpteur.xpr
# Log file: C:/Users/33651/Desktop/test_ajc/TP2_compteur/TP_2_cmpteur/vivado.log
# Journal file: C:/Users/33651/Desktop/test_ajc/TP2_compteur/TP_2_cmpteur\vivado.jou
#-----------------------------------------------------------
start_gui
open_project C:/Users/33651/Desktop/test_ajc/TP2_compteur/TP_2_cmpteur/TP_2_cmpteur.xpr
INFO: [Project 1-313] Project file moved from 'C:/Users/33651/Desktop/projet_ajc/TP_2_cmpteur' since last save.
WARNING: [filemgmt 56-2] Default IP Output Path : Could not find the directory 'C:/Users/33651/Desktop/test_ajc/TP2_compteur/TP_2_cmpteur/TP_2_cmpteur.gen/sources_1', nor could it be found using path 'C:/Users/33651/Desktop/projet_ajc/TP_2_cmpteur/TP_2_cmpteur.gen/sources_1'.
Scanning sources...
Finished scanning sources
INFO: [IP_Flow 19-234] Refreshing IP repositories
INFO: [IP_Flow 19-1704] No user IP repositories specified
INFO: [IP_Flow 19-2313] Loaded Vivado IP repository 'F:/vivado_2020.2/Vivado/2020.2/data/ip'.
open_project: Time (s): cpu = 00:00:11 ; elapsed = 00:00:06 . Memory (MB): peak = 1009.176 ; gain = 0.000
update_compile_order -fileset sources_1
open_hw_manager
connect_hw_server -allow_non_jtag
INFO: [Labtools 27-2285] Connecting to hw_server url TCP:localhost:3121
INFO: [Labtools 27-2222] Launching hw_server...
INFO: [Labtools 27-2221] Launch Output:

****** Xilinx hw_server v2020.2
  **** Build date : Nov 18 2020 at 10:01:48
    ** Copyright 1986-2020 Xilinx, Inc. All Rights Reserved.


INFO: [Labtools 27-3415] Connecting to cs_server url TCP:localhost:3042
INFO: [Labtools 27-3417] Launching cs_server...
INFO: [Labtools 27-2221] Launch Output:


******** Xilinx cs_server v2020.2
  ****** Build date   : Nov 03 2020-22:02:56
    **** Build number : 2020.2.1604437376
      ** Copyright 2017-2020 Xilinx, Inc. All Rights Reserved.



connect_hw_server: Time (s): cpu = 00:00:01 ; elapsed = 00:00:12 . Memory (MB): peak = 1009.176 ; gain = 0.000
open_hw_target
INFO: [Labtoolstcl 44-466] Opening hw_target localhost:3121/xilinx_tcf/Digilent/210370AD525DA
open_hw_target: Time (s): cpu = 00:00:04 ; elapsed = 00:00:08 . Memory (MB): peak = 2341.254 ; gain = 1332.078
set_property PROGRAM.FILE {C:/Users/33651/Desktop/test_ajc/TP2_compteur/TP_2_cmpteur/TP_2_cmpteur.runs/impl_1/main.bit} [get_hw_devices xc7z010_1]
set_property PROBES.FILE {C:/Users/33651/Desktop/test_ajc/TP2_compteur/TP_2_cmpteur/TP_2_cmpteur.runs/impl_1/main.ltx} [get_hw_devices xc7z010_1]
set_property FULL_PROBES.FILE {C:/Users/33651/Desktop/test_ajc/TP2_compteur/TP_2_cmpteur/TP_2_cmpteur.runs/impl_1/main.ltx} [get_hw_devices xc7z010_1]
current_hw_device [get_hw_devices xc7z010_1]
refresh_hw_device [lindex [get_hw_devices xc7z010_1] 0]
INFO: [Labtools 27-1435] Device xc7z010 (JTAG device index = 1) is not programmed (DONE status = 0).
set_property PROBES.FILE {C:/Users/33651/Desktop/test_ajc/TP2_compteur/TP_2_cmpteur/TP_2_cmpteur.runs/impl_1/main.ltx} [get_hw_devices xc7z010_1]
set_property FULL_PROBES.FILE {C:/Users/33651/Desktop/test_ajc/TP2_compteur/TP_2_cmpteur/TP_2_cmpteur.runs/impl_1/main.ltx} [get_hw_devices xc7z010_1]
set_property PROGRAM.FILE {C:/Users/33651/Desktop/test_ajc/TP2_compteur/TP_2_cmpteur/TP_2_cmpteur.runs/impl_1/main.bit} [get_hw_devices xc7z010_1]
program_hw_devices [get_hw_devices xc7z010_1]
INFO: [Labtools 27-3164] End of startup status: HIGH
refresh_hw_device [lindex [get_hw_devices xc7z010_1] 0]
INFO: [Labtools 27-2302] Device xc7z010 (JTAG device index = 1) is programmed with a design that has 1 ILA core(s).
display_hw_ila_data [ get_hw_ila_data hw_ila_data_1 -of_objects [get_hw_ilas -of_objects [get_hw_devices xc7z010_1] -filter {CELL_NAME=~"u_ila_0"}]]
run_hw_ila [get_hw_ilas -of_objects [get_hw_devices xc7z010_1] -filter {CELL_NAME=~"u_ila_0"}]
INFO: [Labtools 27-1964] The ILA core 'hw_ila_1' trigger was armed at 2026-Jul-07 12:03:54
wait_on_hw_ila [get_hw_ilas -of_objects [get_hw_devices xc7z010_1] -filter {CELL_NAME=~"u_ila_0"}]
display_hw_ila_data [upload_hw_ila_data [get_hw_ilas -of_objects [get_hw_devices xc7z010_1] -filter {CELL_NAME=~"u_ila_0"}]]
INFO: [Labtools 27-1966] The ILA core 'hw_ila_1' triggered at 2026-Jul-07 12:03:54
INFO: [Labtools 27-3304] ILA Waveform data saved to file C:/Users/33651/Desktop/test_ajc/TP2_compteur/TP_2_cmpteur/TP_2_cmpteur.hw/backup/hw_ila_data_1.ila. Use Tcl command 'read_hw_ila_data' or Vivado File->Import->Import ILA Data menu item to import the previously saved data.
run_hw_ila [get_hw_ilas -of_objects [get_hw_devices xc7z010_1] -filter {CELL_NAME=~"u_ila_0"}]
INFO: [Labtools 27-1964] The ILA core 'hw_ila_1' trigger was armed at 2026-Jul-07 12:04:04
wait_on_hw_ila [get_hw_ilas -of_objects [get_hw_devices xc7z010_1] -filter {CELL_NAME=~"u_ila_0"}]
display_hw_ila_data [upload_hw_ila_data [get_hw_ilas -of_objects [get_hw_devices xc7z010_1] -filter {CELL_NAME=~"u_ila_0"}]]
INFO: [Labtools 27-1966] The ILA core 'hw_ila_1' triggered at 2026-Jul-07 12:04:04
INFO: [Labtools 27-3304] ILA Waveform data saved to file C:/Users/33651/Desktop/test_ajc/TP2_compteur/TP_2_cmpteur/TP_2_cmpteur.hw/backup/hw_ila_data_1.ila. Use Tcl command 'read_hw_ila_data' or Vivado File->Import->Import ILA Data menu item to import the previously saved data.
run_hw_ila [get_hw_ilas -of_objects [get_hw_devices xc7z010_1] -filter {CELL_NAME=~"u_ila_0"}]
INFO: [Labtools 27-1964] The ILA core 'hw_ila_1' trigger was armed at 2026-Jul-07 12:04:07
wait_on_hw_ila [get_hw_ilas -of_objects [get_hw_devices xc7z010_1] -filter {CELL_NAME=~"u_ila_0"}]
display_hw_ila_data [upload_hw_ila_data [get_hw_ilas -of_objects [get_hw_devices xc7z010_1] -filter {CELL_NAME=~"u_ila_0"}]]
INFO: [Labtools 27-1966] The ILA core 'hw_ila_1' triggered at 2026-Jul-07 12:04:07
INFO: [Labtools 27-3304] ILA Waveform data saved to file C:/Users/33651/Desktop/test_ajc/TP2_compteur/TP_2_cmpteur/TP_2_cmpteur.hw/backup/hw_ila_data_1.ila. Use Tcl command 'read_hw_ila_data' or Vivado File->Import->Import ILA Data menu item to import the previously saved data.
run_hw_ila [get_hw_ilas -of_objects [get_hw_devices xc7z010_1] -filter {CELL_NAME=~"u_ila_0"}]
INFO: [Labtools 27-1964] The ILA core 'hw_ila_1' trigger was armed at 2026-Jul-07 12:04:12
wait_on_hw_ila [get_hw_ilas -of_objects [get_hw_devices xc7z010_1] -filter {CELL_NAME=~"u_ila_0"}]
display_hw_ila_data [upload_hw_ila_data [get_hw_ilas -of_objects [get_hw_devices xc7z010_1] -filter {CELL_NAME=~"u_ila_0"}]]
INFO: [Labtools 27-1966] The ILA core 'hw_ila_1' triggered at 2026-Jul-07 12:04:12
INFO: [Labtools 27-3304] ILA Waveform data saved to file C:/Users/33651/Desktop/test_ajc/TP2_compteur/TP_2_cmpteur/TP_2_cmpteur.hw/backup/hw_ila_data_1.ila. Use Tcl command 'read_hw_ila_data' or Vivado File->Import->Import ILA Data menu item to import the previously saved data.
run_hw_ila [get_hw_ilas -of_objects [get_hw_devices xc7z010_1] -filter {CELL_NAME=~"u_ila_0"}]
INFO: [Labtools 27-1964] The ILA core 'hw_ila_1' trigger was armed at 2026-Jul-07 12:05:06
wait_on_hw_ila [get_hw_ilas -of_objects [get_hw_devices xc7z010_1] -filter {CELL_NAME=~"u_ila_0"}]
display_hw_ila_data [upload_hw_ila_data [get_hw_ilas -of_objects [get_hw_devices xc7z010_1] -filter {CELL_NAME=~"u_ila_0"}]]
INFO: [Labtools 27-1966] The ILA core 'hw_ila_1' triggered at 2026-Jul-07 12:05:06
INFO: [Labtools 27-3304] ILA Waveform data saved to file C:/Users/33651/Desktop/test_ajc/TP2_compteur/TP_2_cmpteur/TP_2_cmpteur.hw/backup/hw_ila_data_1.ila. Use Tcl command 'read_hw_ila_data' or Vivado File->Import->Import ILA Data menu item to import the previously saved data.
run_hw_ila [get_hw_ilas -of_objects [get_hw_devices xc7z010_1] -filter {CELL_NAME=~"u_ila_0"}]
INFO: [Labtools 27-1964] The ILA core 'hw_ila_1' trigger was armed at 2026-Jul-07 12:05:09
wait_on_hw_ila [get_hw_ilas -of_objects [get_hw_devices xc7z010_1] -filter {CELL_NAME=~"u_ila_0"}]
display_hw_ila_data [upload_hw_ila_data [get_hw_ilas -of_objects [get_hw_devices xc7z010_1] -filter {CELL_NAME=~"u_ila_0"}]]
INFO: [Labtools 27-1966] The ILA core 'hw_ila_1' triggered at 2026-Jul-07 12:05:09
INFO: [Labtools 27-3304] ILA Waveform data saved to file C:/Users/33651/Desktop/test_ajc/TP2_compteur/TP_2_cmpteur/TP_2_cmpteur.hw/backup/hw_ila_data_1.ila. Use Tcl command 'read_hw_ila_data' or Vivado File->Import->Import ILA Data menu item to import the previously saved data.
run_hw_ila [get_hw_ilas -of_objects [get_hw_devices xc7z010_1] -filter {CELL_NAME=~"u_ila_0"}]
INFO: [Labtools 27-1964] The ILA core 'hw_ila_1' trigger was armed at 2026-Jul-07 12:05:30
wait_on_hw_ila [get_hw_ilas -of_objects [get_hw_devices xc7z010_1] -filter {CELL_NAME=~"u_ila_0"}]
display_hw_ila_data [upload_hw_ila_data [get_hw_ilas -of_objects [get_hw_devices xc7z010_1] -filter {CELL_NAME=~"u_ila_0"}]]
INFO: [Labtools 27-1966] The ILA core 'hw_ila_1' triggered at 2026-Jul-07 12:05:30
INFO: [Labtools 27-3304] ILA Waveform data saved to file C:/Users/33651/Desktop/test_ajc/TP2_compteur/TP_2_cmpteur/TP_2_cmpteur.hw/backup/hw_ila_data_1.ila. Use Tcl command 'read_hw_ila_data' or Vivado File->Import->Import ILA Data menu item to import the previously saved data.
synth_design -rtl -rtl_skip_mlo -name rtl_1
Command: synth_design -rtl -rtl_skip_mlo -name rtl_1
Starting synth_design
Using part: xc7z010clg400-1
Top: main
INFO: [Device 21-403] Loading part xc7z010clg400-1
---------------------------------------------------------------------------------
Starting RTL Elaboration : Time (s): cpu = 00:00:03 ; elapsed = 00:00:04 . Memory (MB): peak = 2962.645 ; gain = 264.578
---------------------------------------------------------------------------------
INFO: [Synth 8-638] synthesizing module 'main' [C:/Users/33651/Desktop/test_ajc/TP2_compteur/TP_2_cmpteur/TP_2_cmpteur.srcs/sources_1/new/main.vhd:42]
INFO: [Synth 8-256] done synthesizing module 'main' (1#1) [C:/Users/33651/Desktop/test_ajc/TP2_compteur/TP_2_cmpteur/TP_2_cmpteur.srcs/sources_1/new/main.vhd:42]
---------------------------------------------------------------------------------
Finished RTL Elaboration : Time (s): cpu = 00:00:04 ; elapsed = 00:00:05 . Memory (MB): peak = 3008.441 ; gain = 310.375
---------------------------------------------------------------------------------
---------------------------------------------------------------------------------
Start Handling Custom Attributes
---------------------------------------------------------------------------------
---------------------------------------------------------------------------------
Finished Handling Custom Attributes : Time (s): cpu = 00:00:04 ; elapsed = 00:00:06 . Memory (MB): peak = 3026.355 ; gain = 328.289
---------------------------------------------------------------------------------
---------------------------------------------------------------------------------
Finished RTL Optimization Phase 1 : Time (s): cpu = 00:00:04 ; elapsed = 00:00:06 . Memory (MB): peak = 3026.355 ; gain = 328.289
---------------------------------------------------------------------------------
Netlist sorting complete. Time (s): cpu = 00:00:00 ; elapsed = 00:00:00 . Memory (MB): peak = 3026.355 ; gain = 0.000
INFO: [Project 1-570] Preparing netlist for logic optimization

Processing XDC Constraints
Initializing timing engine
Parsing XDC File [C:/Users/33651/Desktop/test_ajc/TP2_compteur/TP_2_cmpteur/TP_2_cmpteur.srcs/constrs_1/new/pin.xdc]
Finished Parsing XDC File [C:/Users/33651/Desktop/test_ajc/TP2_compteur/TP_2_cmpteur/TP_2_cmpteur.srcs/constrs_1/new/pin.xdc]
INFO: [Project 1-236] Implementation specific constraints were found while reading constraint file [C:/Users/33651/Desktop/test_ajc/TP2_compteur/TP_2_cmpteur/TP_2_cmpteur.srcs/constrs_1/new/pin.xdc]. These constraints will be ignored for synthesis but will be used in implementation. Impacted constraints are listed in the file [.Xil/main_propImpl.xdc].
Resolution: To avoid this warning, move constraints listed in [.Xil/main_propImpl.xdc] to another XDC file and exclude this new file from synthesis with the used_in_synthesis property (File Properties dialog in GUI) and re-run elaboration/synthesis.
Completed Processing XDC Constraints

Netlist sorting complete. Time (s): cpu = 00:00:00 ; elapsed = 00:00:00 . Memory (MB): peak = 3107.168 ; gain = 0.000
INFO: [Project 1-111] Unisim Transformation Summary:
No Unisim elements were transformed.

RTL Elaboration Complete:  : Time (s): cpu = 00:00:18 ; elapsed = 00:00:10 . Memory (MB): peak = 3258.227 ; gain = 560.160
6 Infos, 0 Warnings, 0 Critical Warnings and 0 Errors encountered.
synth_design completed successfully
synth_design: Time (s): cpu = 00:00:27 ; elapsed = 00:00:30 . Memory (MB): peak = 3258.227 ; gain = 823.254
INFO: [Common 17-600] The following parameters have non-default value.
tcl.collectionResultDisplayLimit
save_wave_config {C:/Users/33651/Desktop/test_ajc/TP2_compteur/TP_2_cmpteur/TP_2_cmpteur.hw/hw_1/wave/hw_ila_data_1/hw_ila_data_1.wcfg}
exit
INFO: [Common 17-206] Exiting Vivado at Tue Jul  7 12:25:00 2026...
