#-----------------------------------------------------------
# Vivado v2020.2 (64-bit)
# SW Build 3064766 on Wed Nov 18 09:12:45 MST 2020
# IP Build 3064653 on Wed Nov 18 14:17:31 MST 2020
# Start of session at: Tue Jul  7 17:37:09 2026
# Process ID: 22132
# Current directory: C:/Users/33651/Desktop/test_ajc/TP2_compteur/TP_2_cmpteur
# Command line: vivado.exe -gui_launcher_event rodinguilauncherevent26796 C:\Users\33651\Desktop\test_ajc\TP2_compteur\TP_2_cmpteur\TP_2_cmpteur.xpr
# Log file: C:/Users/33651/Desktop/test_ajc/TP2_compteur/TP_2_cmpteur/vivado.log
# Journal file: C:/Users/33651/Desktop/test_ajc/TP2_compteur/TP_2_cmpteur\vivado.jou
#-----------------------------------------------------------
start_gui
open_project C:/Users/33651/Desktop/test_ajc/TP2_compteur/TP_2_cmpteur/TP_2_cmpteur.xpr
INFO: [Project 1-313] Project file moved from 'C:/Users/33651/Desktop/projet_ajc/TP_2_cmpteur' since last save.
WARNING: [filemgmt 56-2] Default IP Output Path : Could not find the directory 'C:/Users/33651/Desktop/test_ajc/TP2_compteur/TP_2_cmpteur/TP_2_cmpteur.gen/sources_1', nor could it be found using path 'C:/Users/33651/Desktop/projet_ajc/TP_2_cmpteur/TP_2_cmpteur.gen/sources_1'.
Scanning sources...
Finished scanning sources
INFO: [IP_Flow 19-234] Refreshing IP repositories
INFO: [IP_Flow 19-1704] No user IP repositories specified
INFO: [IP_Flow 19-2313] Loaded Vivado IP repository 'F:/vivado_2020.2/Vivado/2020.2/data/ip'.
update_compile_order -fileset sources_1
exit
INFO: [Common 17-206] Exiting Vivado at Tue Jul  7 17:37:42 2026...
